   1               		.file	"Temperature.c"
   2               	__SREG__ = 0x3f
   3               	__SP_H__ = 0x3e
   4               	__SP_L__ = 0x3d
   5               	__CCP__  = 0x34
   6               	__tmp_reg__ = 0
   7               	__zero_reg__ = 1
  15               	.Ltext0:
  16               		.section	.text.Temperature_GetTemperature,"ax",@progbits
  17               	.global	Temperature_GetTemperature
  19               	Temperature_GetTemperature:
  20               	.LFB25:
  21               	.LSM0:
  22               	/* prologue: function */
  23               	/* frame size = 0 */
  24               	.LBB19:
  25               	.LBB20:
  26               	.LBB21:
  27               	.LBB22:
  28               	.LSM1:
  29 0000 80E4      		ldi r24,lo8(64)
  30 0002 8093 7C00 		sts 124,r24
  31               	.LSM2:
  32 0006 8091 7A00 		lds r24,122
  33 000a 8064      		ori r24,lo8(64)
  34 000c 8093 7A00 		sts 122,r24
  35               	.L2:
  36               	.LBE22:
  37               	.LBE21:
  38               	.LBB23:
  39               	.LBB24:
  40               	.LSM3:
  41 0010 8091 7A00 		lds r24,122
  42               	.LBE24:
  43               	.LBE23:
  44               	.LSM4:
  45 0014 84FF      		sbrs r24,4
  46 0016 00C0      		rjmp .L2
  47               	.LBB25:
  48               	.LBB26:
  49               	.LSM5:
  50 0018 8091 7A00 		lds r24,122
  51 001c 8061      		ori r24,lo8(16)
  52 001e 8093 7A00 		sts 122,r24
  53               	.LSM6:
  54 0022 6091 7800 		lds r22,120
  55 0026 7091 7900 		lds r23,(120)+1
  56               	.LVL0:
  57               	.LBE26:
  58               	.LBE25:
  59               	.LBE20:
  60               	.LBE19:
  61               	.LBB27:
  62               	.LSM7:
  63 002a 40E0      		ldi r20,lo8(Temperature_Lookup)
  64 002c 50E0      		ldi r21,hi8(Temperature_Lookup)
  65               	.LVL1:
  66 002e FA01      		movw r30,r20
  67               	/* #APP */
  68               	 ;  51 "../../LUFA/Drivers/Board/Temperature.c" 1
  69 0030 8591      		lpm r24, Z+
  70 0032 9491      		lpm r25, Z
  71               		
  72               	 ;  0 "" 2
  73               	.LVL2:
  74               	/* #NOAPP */
  75               	.LBE27:
  76 0034 8617      		cp r24,r22
  77 0036 9707      		cpc r25,r23
  78 0038 00F4      		brsh .L3
  79 003a 8BEE      		ldi r24,lo8(-21)
  80               	.LVL3:
  81 003c 0895      		ret
  82               	.LVL4:
  83               	.L3:
  84 003e 20E0      		ldi r18,lo8(0)
  85 0040 30E0      		ldi r19,hi8(0)
  86               	.LVL5:
  87               	.L6:
  88               	.LBB28:
  89               	.LBB29:
  90               	.LSM8:
  91 0042 FA01      		movw r30,r20
  92               	/* #APP */
  93               	 ;  56 "../../LUFA/Drivers/Board/Temperature.c" 1
  94 0044 8591      		lpm r24, Z+
  95 0046 9491      		lpm r25, Z
  96               		
  97               	 ;  0 "" 2
  98               	.LVL6:
  99               	/* #NOAPP */
 100               	.LBE29:
 101 0048 8617      		cp r24,r22
 102 004a 9707      		cpc r25,r23
 103 004c 00F4      		brsh .L5
 104               	.LSM9:
 105 004e 822F      		mov r24,r18
 106               	.LVL7:
 107 0050 8551      		subi r24,lo8(-(-21))
 108 0052 0895      		ret
 109               	.LVL8:
 110               	.L5:
 111               	.LSM10:
 112 0054 2F5F      		subi r18,lo8(-(1))
 113 0056 3F4F      		sbci r19,hi8(-(1))
 114 0058 4E5F      		subi r20,lo8(-(2))
 115 005a 5F4F      		sbci r21,hi8(-(2))
 116 005c 2837      		cpi r18,120
 117 005e 3105      		cpc r19,__zero_reg__
 118 0060 01F4      		brne .L6
 119 0062 82E6      		ldi r24,lo8(98)
 120               	.LVL9:
 121               	.LBE28:
 122               	.LSM11:
 123 0064 0895      		ret
 124               	.LFE25:
 126               		.section	.progmem.data,"a",@progbits
 129               	Temperature_Lookup:
 130 0000 B403      		.word	948
 131 0002 B003      		.word	944
 132 0004 AB03      		.word	939
 133 0006 A603      		.word	934
 134 0008 A003      		.word	928
 135 000a 9A03      		.word	922
 136 000c 9403      		.word	916
 137 000e 8E03      		.word	910
 138 0010 8803      		.word	904
 139 0012 8103      		.word	897
 140 0014 7A03      		.word	890
 141 0016 7303      		.word	883
 142 0018 6B03      		.word	875
 143 001a 6303      		.word	867
 144 001c 5B03      		.word	859
 145 001e 5303      		.word	851
 146 0020 4A03      		.word	842
 147 0022 4103      		.word	833
 148 0024 3803      		.word	824
 149 0026 2F03      		.word	815
 150 0028 2503      		.word	805
 151 002a 1B03      		.word	795
 152 002c 1103      		.word	785
 153 002e 0703      		.word	775
 154 0030 FC02      		.word	764
 155 0032 F102      		.word	753
 156 0034 E602      		.word	742
 157 0036 DB02      		.word	731
 158 0038 D002      		.word	720
 159 003a C402      		.word	708
 160 003c B802      		.word	696
 161 003e AC02      		.word	684
 162 0040 A002      		.word	672
 163 0042 9402      		.word	660
 164 0044 8802      		.word	648
 165 0046 7C02      		.word	636
 166 0048 6F02      		.word	623
 167 004a 6302      		.word	611
 168 004c 5602      		.word	598
 169 004e 4A02      		.word	586
 170 0050 3D02      		.word	573
 171 0052 3102      		.word	561
 172 0054 2502      		.word	549
 173 0056 1802      		.word	536
 174 0058 0C02      		.word	524
 175 005a 0002      		.word	512
 176 005c F301      		.word	499
 177 005e E701      		.word	487
 178 0060 DB01      		.word	475
 179 0062 CF01      		.word	463
 180 0064 C401      		.word	452
 181 0066 B801      		.word	440
 182 0068 AC01      		.word	428
 183 006a A101      		.word	417
 184 006c 9601      		.word	406
 185 006e 8B01      		.word	395
 186 0070 8001      		.word	384
 187 0072 7601      		.word	374
 188 0074 6B01      		.word	363
 189 0076 6101      		.word	353
 190 0078 5701      		.word	343
 191 007a 4D01      		.word	333
 192 007c 4401      		.word	324
 193 007e 3A01      		.word	314
 194 0080 3101      		.word	305
 195 0082 2801      		.word	296
 196 0084 1F01      		.word	287
 197 0086 1701      		.word	279
 198 0088 0F01      		.word	271
 199 008a 0601      		.word	262
 200 008c FE00      		.word	254
 201 008e F700      		.word	247
 202 0090 EF00      		.word	239
 203 0092 E800      		.word	232
 204 0094 E100      		.word	225
 205 0096 DA00      		.word	218
 206 0098 D300      		.word	211
 207 009a CD00      		.word	205
 208 009c C700      		.word	199
 209 009e C000      		.word	192
 210 00a0 BA00      		.word	186
 211 00a2 B500      		.word	181
 212 00a4 AF00      		.word	175
 213 00a6 AA00      		.word	170
 214 00a8 A400      		.word	164
 215 00aa 9F00      		.word	159
 216 00ac 9A00      		.word	154
 217 00ae 9600      		.word	150
 218 00b0 9100      		.word	145
 219 00b2 8C00      		.word	140
 220 00b4 8800      		.word	136
 221 00b6 8400      		.word	132
 222 00b8 8000      		.word	128
 223 00ba 7C00      		.word	124
 224 00bc 7800      		.word	120
 225 00be 7400      		.word	116
 226 00c0 7100      		.word	113
 227 00c2 6D00      		.word	109
 228 00c4 6A00      		.word	106
 229 00c6 6700      		.word	103
 230 00c8 6400      		.word	100
 231 00ca 6100      		.word	97
 232 00cc 5E00      		.word	94
 233 00ce 5B00      		.word	91
 234 00d0 5800      		.word	88
 235 00d2 5500      		.word	85
 236 00d4 5300      		.word	83
 237 00d6 5000      		.word	80
 238 00d8 4E00      		.word	78
 239 00da 4C00      		.word	76
 240 00dc 4900      		.word	73
 241 00de 4700      		.word	71
 242 00e0 4500      		.word	69
 243 00e2 4300      		.word	67
 244 00e4 4100      		.word	65
 245 00e6 3F00      		.word	63
 246 00e8 3D00      		.word	61
 247 00ea 3C00      		.word	60
 248 00ec 3A00      		.word	58
 249 00ee 3800      		.word	56
 274               	.Letext0:
DEFINED SYMBOLS
                            *ABS*:00000000 Temperature.c
C:\Users\Eddie\AppData\Local\Temp/ccGGwvI9.s:2      *ABS*:0000003f __SREG__
C:\Users\Eddie\AppData\Local\Temp/ccGGwvI9.s:3      *ABS*:0000003e __SP_H__
C:\Users\Eddie\AppData\Local\Temp/ccGGwvI9.s:4      *ABS*:0000003d __SP_L__
C:\Users\Eddie\AppData\Local\Temp/ccGGwvI9.s:5      *ABS*:00000034 __CCP__
C:\Users\Eddie\AppData\Local\Temp/ccGGwvI9.s:6      *ABS*:00000000 __tmp_reg__
C:\Users\Eddie\AppData\Local\Temp/ccGGwvI9.s:7      *ABS*:00000001 __zero_reg__
C:\Users\Eddie\AppData\Local\Temp/ccGGwvI9.s:19     .text.Temperature_GetTemperature:00000000 Temperature_GetTemperature
C:\Users\Eddie\AppData\Local\Temp/ccGGwvI9.s:129    .progmem.data:00000000 Temperature_Lookup

NO UNDEFINED SYMBOLS
