   1               		.file	"DataflashManager.c"
   2               	__SREG__ = 0x3f
   3               	__SP_H__ = 0x3e
   4               	__SP_L__ = 0x3d
   5               	__CCP__  = 0x34
   6               	__tmp_reg__ = 0
   7               	__zero_reg__ = 1
  15               	.Ltext0:
  16               		.section	.text.Dataflash_SelectChipFromPage,"ax",@progbits
  18               	Dataflash_SelectChipFromPage:
  19               	.LFB116:
  20               	.LSM0:
  21               	.LVL0:
  22               	/* prologue: function */
  23               	/* frame size = 0 */
  24 0000 9C01      		movw r18,r24
  25               	.LBB498:
  26               	.LBB499:
  27               	.LBB500:
  28               	.LBB501:
  29               	.LSM1:
  30 0002 8EB1      		in r24,46-32
  31               	.LVL1:
  32 0004 8360      		ori r24,lo8(3)
  33 0006 8EB9      		out 46-32,r24
  34               	.LBE501:
  35               	.LBE500:
  36               	.LBE499:
  37               	.LBE498:
  38               	.LSM2:
  39 0008 80E4      		ldi r24,hi8(16384)
  40 000a 2030      		cpi r18,lo8(16384)
  41 000c 3807      		cpc r19,r24
  42 000e 00F4      		brsh .L4
  43               	.LSM3:
  44 0010 20FF      		sbrs r18,0
  45 0012 00C0      		rjmp .L3
  46               	.LBB502:
  47               	.LBB503:
  48               	.LSM4:
  49 0014 8EB1      		in r24,46-32
  50 0016 8C7F      		andi r24,lo8(-4)
  51 0018 8160      		ori r24,lo8(1)
  52 001a 8EB9      		out 46-32,r24
  53 001c 0895      		ret
  54               	.L3:
  55               	.LBE503:
  56               	.LBE502:
  57               	.LBB504:
  58               	.LBB505:
  59 001e 8EB1      		in r24,46-32
  60 0020 8C7F      		andi r24,lo8(-4)
  61 0022 8260      		ori r24,lo8(2)
  62 0024 8EB9      		out 46-32,r24
  63               	.L4:
  64 0026 0895      		ret
  65               	.LBE505:
  66               	.LBE504:
  67               	.LFE116:
  69               		.section	.text.Dataflash_ToggleSelectedChipCS,"ax",@progbits
  71               	Dataflash_ToggleSelectedChipCS:
  72               	.LFB117:
  73               	.LSM5:
  74               	/* prologue: function */
  75               	/* frame size = 0 */
  76               	.LBB506:
  77               	.LBB507:
  78               	.LSM6:
  79 0000 8EB1      		in r24,46-32
  80               	.LBE507:
  81               	.LBE506:
  82               	.LBB508:
  83               	.LBB509:
  84               	.LBB510:
  85               	.LBB511:
  86               	.LSM7:
  87 0002 9EB1      		in r25,46-32
  88 0004 9360      		ori r25,lo8(3)
  89 0006 9EB9      		out 46-32,r25
  90               	.LBE511:
  91               	.LBE510:
  92               	.LBE509:
  93               	.LBE508:
  94               	.LBB512:
  95               	.LBB513:
  96 0008 9EB1      		in r25,46-32
  97 000a 8370      		andi r24,lo8(3)
  98 000c 9C7F      		andi r25,lo8(-4)
  99 000e 892B      		or r24,r25
 100 0010 8EB9      		out 46-32,r24
 101               	/* epilogue start */
 102               	.LBE513:
 103               	.LBE512:
 104               	.LSM8:
 105 0012 0895      		ret
 106               	.LFE117:
 108               		.section	.text.Dataflash_WaitWhileBusy,"ax",@progbits
 110               	Dataflash_WaitWhileBusy:
 111               	.LFB118:
 112               	.LSM9:
 113               	/* prologue: function */
 114               	/* frame size = 0 */
 115               	.LSM10:
 116 0000 0E94 0000 		call Dataflash_ToggleSelectedChipCS
 117               	.LBB514:
 118               	.LBB515:
 119               	.LBB516:
 120               	.LBB517:
 121               	.LSM11:
 122 0004 87ED      		ldi r24,lo8(-41)
 123 0006 8EBD      		out 78-32,r24
 124               	.L8:
 125               	.LSM12:
 126 0008 0DB4      		in __tmp_reg__,77-32
 127 000a 07FE      		sbrs __tmp_reg__,7
 128 000c 00C0      		rjmp .L8
 129               	.L12:
 130               	.LBE517:
 131               	.LBE516:
 132               	.LBE515:
 133               	.LBE514:
 134               	.LBB518:
 135               	.LBB519:
 136               	.LBB520:
 137               	.LBB521:
 138               	.LSM13:
 139 000e 1EBC      		out 78-32,__zero_reg__
 140               	.L9:
 141               	.LSM14:
 142 0010 0DB4      		in __tmp_reg__,77-32
 143 0012 07FE      		sbrs __tmp_reg__,7
 144 0014 00C0      		rjmp .L9
 145               	.LBE521:
 146               	.LBE520:
 147               	.LBE519:
 148               	.LBE518:
 149               	.LSM15:
 150 0016 0EB4      		in __tmp_reg__,78-32
 151 0018 07FE      		sbrs __tmp_reg__,7
 152 001a 00C0      		rjmp .L12
 153               	.LSM16:
 154 001c 0E94 0000 		call Dataflash_ToggleSelectedChipCS
 155               	/* epilogue start */
 156               	.LSM17:
 157 0020 0895      		ret
 158               	.LFE118:
 160               		.section	.text.Dataflash_SendAddressBytes,"ax",@progbits
 162               	Dataflash_SendAddressBytes:
 163               	.LFB119:
 164               	.LSM18:
 165               	.LVL2:
 166               	/* prologue: function */
 167               	/* frame size = 0 */
 168               	.LSM19:
 169 0000 9C01      		movw r18,r24
 170 0002 3695      		lsr r19
 171 0004 2795      		ror r18
 172               	.LVL3:
 173               	.LSM20:
 174 0006 36E0      		ldi r19,6
 175 0008 9695      	1:	lsr r25
 176 000a 8795      		ror r24
 177 000c 3A95      		dec r19
 178 000e 01F4      		brne 1b
 179               	.LVL4:
 180               	.LBB522:
 181               	.LBB523:
 182               	.LBB524:
 183               	.LBB525:
 184               	.LSM21:
 185 0010 8EBD      		out 78-32,r24
 186               	.L17:
 187               	.LSM22:
 188 0012 0DB4      		in __tmp_reg__,77-32
 189 0014 07FE      		sbrs __tmp_reg__,7
 190 0016 00C0      		rjmp .L17
 191               	.LBE525:
 192               	.LBE524:
 193               	.LBE523:
 194               	.LBE522:
 195               	.LSM23:
 196 0018 822F      		mov r24,r18
 197               	.LVL5:
 198 001a 880F      		lsl r24
 199 001c 880F      		lsl r24
 200 001e 880F      		lsl r24
 201 0020 872B      		or r24,r23
 202               	.LVL6:
 203               	.LBB526:
 204               	.LBB527:
 205               	.LBB528:
 206               	.LBB529:
 207               	.LSM24:
 208 0022 8EBD      		out 78-32,r24
 209               	.L18:
 210               	.LSM25:
 211 0024 0DB4      		in __tmp_reg__,77-32
 212 0026 07FE      		sbrs __tmp_reg__,7
 213 0028 00C0      		rjmp .L18
 214               	.LBE529:
 215               	.LBE528:
 216               	.LBE527:
 217               	.LBE526:
 218               	.LBB530:
 219               	.LBB531:
 220               	.LBB532:
 221               	.LBB533:
 222               	.LSM26:
 223 002a 6EBD      		out 78-32,r22
 224               	.L19:
 225               	.LSM27:
 226 002c 0DB4      		in __tmp_reg__,77-32
 227 002e 07FE      		sbrs __tmp_reg__,7
 228 0030 00C0      		rjmp .L19
 229               	/* epilogue start */
 230               	.LBE533:
 231               	.LBE532:
 232               	.LBE531:
 233               	.LBE530:
 234               	.LSM28:
 235 0032 0895      		ret
 236               	.LFE119:
 238               		.section	.text.DataflashManager_WriteBlocks_RAM,"ax",@progbits
 239               	.global	DataflashManager_WriteBlocks_RAM
 241               	DataflashManager_WriteBlocks_RAM:
 242               	.LFB122:
 243               	.LSM29:
 244               	.LVL7:
 245 0000 7F92      		push r7
 246 0002 8F92      		push r8
 247 0004 9F92      		push r9
 248 0006 AF92      		push r10
 249 0008 BF92      		push r11
 250 000a CF92      		push r12
 251 000c DF92      		push r13
 252 000e EF92      		push r14
 253 0010 FF92      		push r15
 254 0012 0F93      		push r16
 255 0014 1F93      		push r17
 256 0016 CF93      		push r28
 257 0018 DF93      		push r29
 258               	/* prologue: function */
 259               	/* frame size = 0 */
 260 001a 5A01      		movw r10,r20
 261 001c 4901      		movw r8,r18
 262               	.LSM30:
 263 001e F9E0      		ldi r31,9
 264 0020 660F      	1:	lsl r22
 265 0022 771F      		rol r23
 266 0024 881F      		rol r24
 267 0026 991F      		rol r25
 268 0028 FA95      		dec r31
 269 002a 01F4      		brne 1b
 270               	.LVL8:
 271 002c 9B01      		movw r18,r22
 272 002e AC01      		movw r20,r24
 273               	.LVL9:
 274 0030 EAE0      		ldi r30,10
 275 0032 5695      	1:	lsr r21
 276 0034 4795      		ror r20
 277 0036 3795      		ror r19
 278 0038 2795      		ror r18
 279 003a EA95      		dec r30
 280 003c 01F4      		brne 1b
 281 003e E901      		movw r28,r18
 282               	.LVL10:
 283               	.LSM31:
 284 0040 8B01      		movw r16,r22
 285               	.LVL11:
 286 0042 1370      		andi r17,hi8(1023)
 287               	.LSM32:
 288 0044 C901      		movw r24,r18
 289 0046 0E94 0000 		call Dataflash_SelectChipFromPage
 290               	.LVL12:
 291               	.LBB534:
 292               	.LBB535:
 293               	.LBB536:
 294               	.LBB537:
 295               	.LSM33:
 296 004a 83E5      		ldi r24,lo8(83)
 297 004c 8EBD      		out 78-32,r24
 298               	.L25:
 299               	.LSM34:
 300 004e 0DB4      		in __tmp_reg__,77-32
 301 0050 07FE      		sbrs __tmp_reg__,7
 302 0052 00C0      		rjmp .L25
 303               	.LBE537:
 304               	.LBE536:
 305               	.LBE535:
 306               	.LBE534:
 307               	.LSM35:
 308 0054 CE01      		movw r24,r28
 309 0056 60E0      		ldi r22,lo8(0)
 310 0058 70E0      		ldi r23,hi8(0)
 311 005a 0E94 0000 		call Dataflash_SendAddressBytes
 312               	.LSM36:
 313 005e 0E94 0000 		call Dataflash_WaitWhileBusy
 314               	.LBB538:
 315               	.LBB539:
 316               	.LBB540:
 317               	.LBB541:
 318               	.LSM37:
 319 0062 84E8      		ldi r24,lo8(-124)
 320 0064 8EBD      		out 78-32,r24
 321               	.L26:
 322               	.LSM38:
 323 0066 0DB4      		in __tmp_reg__,77-32
 324 0068 07FE      		sbrs __tmp_reg__,7
 325 006a 00C0      		rjmp .L26
 326               	.LBE541:
 327               	.LBE540:
 328               	.LBE539:
 329               	.LBE538:
 330               	.LSM39:
 331 006c C801      		movw r24,r16
 332 006e 64E0      		ldi r22,4
 333 0070 9695      	1:	lsr r25
 334 0072 8795      		ror r24
 335 0074 6A95      		dec r22
 336 0076 01F4      		brne 1b
 337 0078 F82E      		mov r15,r24
 338               	.LVL13:
 339               	.LSM40:
 340 007a 80E0      		ldi r24,lo8(0)
 341 007c 90E0      		ldi r25,hi8(0)
 342 007e B801      		movw r22,r16
 343 0080 0E94 0000 		call Dataflash_SendAddressBytes
 344 0084 6501      		movw r12,r10
 345 0086 55E0      		ldi r21,5
 346 0088 CC0C      	1:	lsl r12
 347 008a DD1C      		rol r13
 348 008c 5A95      		dec r21
 349 008e 01F4      		brne 1b
 350 0090 EE24      		clr r14
 351               	.LVL14:
 352 0092 00C0      		rjmp .L27
 353               	.LVL15:
 354               	.L43:
 355               	.LSM41:
 356 0094 8401      		movw r16,r8
 357               	.LVL16:
 358 0096 7724      		clr r7
 359               	.LVL17:
 360               	.L42:
 361               	.LBB542:
 362               	.LSM42:
 363 0098 80E4      		ldi r24,lo8(64)
 364 009a F816      		cp r15,r24
 365 009c 01F0      		breq .+2
 366 009e 00C0      		rjmp .L28
 367               	.LSM43:
 368 00a0 0E94 0000 		call Dataflash_WaitWhileBusy
 369               	.LVL18:
 370               	.LSM44:
 371 00a4 EE20      		tst r14
 372 00a6 01F4      		brne .L29
 373 00a8 83E8      		ldi r24,lo8(-125)
 374 00aa 00C0      		rjmp .L30
 375               	.L29:
 376 00ac 86E8      		ldi r24,lo8(-122)
 377               	.L30:
 378               	.LBB543:
 379               	.LBB544:
 380               	.LBB545:
 381               	.LBB546:
 382               	.LSM45:
 383 00ae 8EBD      		out 78-32,r24
 384               	.L31:
 385               	.LSM46:
 386 00b0 0DB4      		in __tmp_reg__,77-32
 387 00b2 07FE      		sbrs __tmp_reg__,7
 388 00b4 00C0      		rjmp .L31
 389               	.LBE546:
 390               	.LBE545:
 391               	.LBE544:
 392               	.LBE543:
 393               	.LSM47:
 394 00b6 CE01      		movw r24,r28
 395 00b8 60E0      		ldi r22,lo8(0)
 396 00ba 70E0      		ldi r23,hi8(0)
 397 00bc 0E94 0000 		call Dataflash_SendAddressBytes
 398               	.LSM48:
 399 00c0 2196      		adiw r28,1
 400               	.LBB547:
 401               	.LBB548:
 402               	.LSM49:
 403 00c2 8EB1      		in r24,46-32
 404               	.LBE548:
 405               	.LBE547:
 406               	.LSM50:
 407 00c4 8370      		andi r24,lo8(3)
 408 00c6 8130      		cpi r24,lo8(1)
 409 00c8 01F4      		brne .L32
 410               	.LSM51:
 411 00ca E826      		eor r14,r24
 412               	.L32:
 413               	.LSM52:
 414 00cc CE01      		movw r24,r28
 415 00ce 0E94 0000 		call Dataflash_SelectChipFromPage
 416               	.LSM53:
 417 00d2 90E4      		ldi r25,lo8(64)
 418 00d4 C916      		cp r12,r25
 419 00d6 D104      		cpc r13,__zero_reg__
 420 00d8 00F4      		brsh .L33
 421               	.LSM54:
 422 00da 0E94 0000 		call Dataflash_WaitWhileBusy
 423               	.LSM55:
 424 00de EE20      		tst r14
 425 00e0 01F4      		brne .L34
 426 00e2 83E5      		ldi r24,lo8(83)
 427 00e4 00C0      		rjmp .L35
 428               	.L34:
 429 00e6 85E5      		ldi r24,lo8(85)
 430               	.L35:
 431               	.LBB549:
 432               	.LBB550:
 433               	.LBB551:
 434               	.LBB552:
 435               	.LSM56:
 436 00e8 8EBD      		out 78-32,r24
 437               	.L36:
 438               	.LSM57:
 439 00ea 0DB4      		in __tmp_reg__,77-32
 440 00ec 07FE      		sbrs __tmp_reg__,7
 441 00ee 00C0      		rjmp .L36
 442               	.LBE552:
 443               	.LBE551:
 444               	.LBE550:
 445               	.LBE549:
 446               	.LSM58:
 447 00f0 CE01      		movw r24,r28
 448 00f2 60E0      		ldi r22,lo8(0)
 449 00f4 70E0      		ldi r23,hi8(0)
 450 00f6 0E94 0000 		call Dataflash_SendAddressBytes
 451               	.LSM59:
 452 00fa 0E94 0000 		call Dataflash_WaitWhileBusy
 453               	.L33:
 454               	.LSM60:
 455 00fe 0E94 0000 		call Dataflash_ToggleSelectedChipCS
 456               	.LSM61:
 457 0102 EE20      		tst r14
 458 0104 01F4      		brne .L37
 459 0106 84E8      		ldi r24,lo8(-124)
 460 0108 00C0      		rjmp .L38
 461               	.L37:
 462 010a 87E8      		ldi r24,lo8(-121)
 463               	.L38:
 464               	.LBB553:
 465               	.LBB554:
 466               	.LBB555:
 467               	.LBB556:
 468               	.LSM62:
 469 010c 8EBD      		out 78-32,r24
 470               	.L39:
 471               	.LSM63:
 472 010e 0DB4      		in __tmp_reg__,77-32
 473 0110 07FE      		sbrs __tmp_reg__,7
 474 0112 00C0      		rjmp .L39
 475               	.LBE556:
 476               	.LBE555:
 477               	.LBE554:
 478               	.LBE553:
 479               	.LSM64:
 480 0114 80E0      		ldi r24,lo8(0)
 481 0116 90E0      		ldi r25,hi8(0)
 482 0118 60E0      		ldi r22,lo8(0)
 483 011a 70E0      		ldi r23,hi8(0)
 484 011c 0E94 0000 		call Dataflash_SendAddressBytes
 485 0120 FF24      		clr r15
 486               	.LVL19:
 487               	.L28:
 488 0122 F801      		movw r30,r16
 489 0124 90E0      		ldi r25,lo8(0)
 490               	.LVL20:
 491               	.L41:
 492               	.LBB557:
 493               	.LSM65:
 494 0126 8191      		ld r24,Z+
 495               	.LBB558:
 496               	.LBB559:
 497               	.LBB560:
 498               	.LBB561:
 499               	.LSM66:
 500 0128 8EBD      		out 78-32,r24
 501               	.L40:
 502               	.LSM67:
 503 012a 0DB4      		in __tmp_reg__,77-32
 504 012c 07FE      		sbrs __tmp_reg__,7
 505 012e 00C0      		rjmp .L40
 506               	.LBE561:
 507               	.LBE560:
 508               	.LBE559:
 509               	.LBE558:
 510               	.LSM68:
 511 0130 9F5F      		subi r25,lo8(-(1))
 512 0132 9031      		cpi r25,lo8(16)
 513 0134 01F4      		brne .L41
 514 0136 005F      		subi r16,lo8(-(16))
 515 0138 1F4F      		sbci r17,hi8(-(16))
 516               	.LVL21:
 517               	.LBE557:
 518               	.LSM69:
 519 013a F394      		inc r15
 520               	.LSM70:
 521 013c 7394      		inc r7
 522               	.LSM71:
 523 013e 80E2      		ldi r24,lo8(32)
 524 0140 7816      		cp r7,r24
 525 0142 01F0      		breq .+2
 526 0144 00C0      		rjmp .L42
 527 0146 80E0      		ldi r24,lo8(512)
 528 0148 92E0      		ldi r25,hi8(512)
 529 014a 880E      		add r8,r24
 530 014c 991E      		adc r9,r25
 531               	.LVL22:
 532               	.LSM72:
 533 014e 0894      		sec
 534 0150 A108      		sbc r10,__zero_reg__
 535 0152 B108      		sbc r11,__zero_reg__
 536 0154 80EE      		ldi r24,lo8(-32)
 537 0156 9FEF      		ldi r25,hi8(-32)
 538 0158 C80E      		add r12,r24
 539 015a D91E      		adc r13,r25
 540               	.LVL23:
 541               	.L27:
 542               	.LBE542:
 543               	.LSM73:
 544 015c A114      		cp r10,__zero_reg__
 545 015e B104      		cpc r11,__zero_reg__
 546 0160 01F0      		breq .+2
 547 0162 00C0      		rjmp .L43
 548               	.LSM74:
 549 0164 0E94 0000 		call Dataflash_WaitWhileBusy
 550               	.LVL24:
 551               	.LSM75:
 552 0168 EE20      		tst r14
 553 016a 01F4      		brne .L44
 554 016c 83E8      		ldi r24,lo8(-125)
 555 016e 00C0      		rjmp .L45
 556               	.L44:
 557 0170 86E8      		ldi r24,lo8(-122)
 558               	.L45:
 559               	.LBB562:
 560               	.LBB563:
 561               	.LBB564:
 562               	.LBB565:
 563               	.LSM76:
 564 0172 8EBD      		out 78-32,r24
 565               	.L46:
 566               	.LSM77:
 567 0174 0DB4      		in __tmp_reg__,77-32
 568 0176 07FE      		sbrs __tmp_reg__,7
 569 0178 00C0      		rjmp .L46
 570               	.LBE565:
 571               	.LBE564:
 572               	.LBE563:
 573               	.LBE562:
 574               	.LSM78:
 575 017a CE01      		movw r24,r28
 576 017c 60E0      		ldi r22,lo8(0)
 577 017e 70E0      		ldi r23,hi8(0)
 578 0180 0E94 0000 		call Dataflash_SendAddressBytes
 579               	.LSM79:
 580 0184 0E94 0000 		call Dataflash_WaitWhileBusy
 581               	.LBB566:
 582               	.LBB567:
 583               	.LBB568:
 584               	.LBB569:
 585               	.LSM80:
 586 0188 8EB1      		in r24,46-32
 587 018a 8360      		ori r24,lo8(3)
 588 018c 8EB9      		out 46-32,r24
 589               	/* epilogue start */
 590               	.LBE569:
 591               	.LBE568:
 592               	.LBE567:
 593               	.LBE566:
 594               	.LSM81:
 595 018e DF91      		pop r29
 596 0190 CF91      		pop r28
 597               	.LVL25:
 598 0192 1F91      		pop r17
 599 0194 0F91      		pop r16
 600               	.LVL26:
 601 0196 FF90      		pop r15
 602               	.LVL27:
 603 0198 EF90      		pop r14
 604               	.LVL28:
 605 019a DF90      		pop r13
 606 019c CF90      		pop r12
 607 019e BF90      		pop r11
 608 01a0 AF90      		pop r10
 609               	.LVL29:
 610 01a2 9F90      		pop r9
 611 01a4 8F90      		pop r8
 612               	.LVL30:
 613 01a6 7F90      		pop r7
 614               	.LVL31:
 615 01a8 0895      		ret
 616               	.LFE122:
 618               		.section	.text.DataflashManager_ReadBlocks_RAM,"ax",@progbits
 619               	.global	DataflashManager_ReadBlocks_RAM
 621               	DataflashManager_ReadBlocks_RAM:
 622               	.LFB123:
 623               	.LSM82:
 624               	.LVL32:
 625 0000 AF92      		push r10
 626 0002 BF92      		push r11
 627 0004 CF92      		push r12
 628 0006 DF92      		push r13
 629 0008 EF92      		push r14
 630 000a FF92      		push r15
 631 000c 0F93      		push r16
 632 000e 1F93      		push r17
 633 0010 CF93      		push r28
 634 0012 DF93      		push r29
 635               	/* prologue: function */
 636               	/* frame size = 0 */
 637 0014 6A01      		movw r12,r20
 638 0016 7901      		movw r14,r18
 639               	.LSM83:
 640 0018 09E0      		ldi r16,9
 641 001a 660F      	1:	lsl r22
 642 001c 771F      		rol r23
 643 001e 881F      		rol r24
 644 0020 991F      		rol r25
 645 0022 0A95      		dec r16
 646 0024 01F4      		brne 1b
 647               	.LVL33:
 648 0026 9B01      		movw r18,r22
 649 0028 AC01      		movw r20,r24
 650               	.LVL34:
 651 002a 1AE0      		ldi r17,10
 652 002c 5695      	1:	lsr r21
 653 002e 4795      		ror r20
 654 0030 3795      		ror r19
 655 0032 2795      		ror r18
 656 0034 1A95      		dec r17
 657 0036 01F4      		brne 1b
 658 0038 8901      		movw r16,r18
 659               	.LVL35:
 660               	.LSM84:
 661 003a EB01      		movw r28,r22
 662               	.LVL36:
 663 003c D370      		andi r29,hi8(1023)
 664               	.LSM85:
 665 003e C901      		movw r24,r18
 666 0040 0E94 0000 		call Dataflash_SelectChipFromPage
 667               	.LVL37:
 668               	.LBB570:
 669               	.LBB571:
 670               	.LBB572:
 671               	.LBB573:
 672               	.LSM86:
 673 0044 82ED      		ldi r24,lo8(-46)
 674 0046 8EBD      		out 78-32,r24
 675               	.L58:
 676               	.LSM87:
 677 0048 0DB4      		in __tmp_reg__,77-32
 678 004a 07FE      		sbrs __tmp_reg__,7
 679 004c 00C0      		rjmp .L58
 680               	.LBE573:
 681               	.LBE572:
 682               	.LBE571:
 683               	.LBE570:
 684               	.LSM88:
 685 004e C801      		movw r24,r16
 686 0050 BE01      		movw r22,r28
 687 0052 0E94 0000 		call Dataflash_SendAddressBytes
 688               	.LBB574:
 689               	.LBB575:
 690               	.LBB576:
 691               	.LBB577:
 692               	.LSM89:
 693 0056 1EBC      		out 78-32,__zero_reg__
 694               	.L59:
 695               	.LSM90:
 696 0058 0DB4      		in __tmp_reg__,77-32
 697 005a 07FE      		sbrs __tmp_reg__,7
 698 005c 00C0      		rjmp .L59
 699               	.LBE577:
 700               	.LBE576:
 701               	.LBE575:
 702               	.LBE574:
 703               	.LBB578:
 704               	.LBB579:
 705               	.LBB580:
 706               	.LBB581:
 707               	.LSM91:
 708 005e 1EBC      		out 78-32,__zero_reg__
 709               	.L60:
 710               	.LSM92:
 711 0060 0DB4      		in __tmp_reg__,77-32
 712 0062 07FE      		sbrs __tmp_reg__,7
 713 0064 00C0      		rjmp .L60
 714               	.LBE581:
 715               	.LBE580:
 716               	.LBE579:
 717               	.LBE578:
 718               	.LBB582:
 719               	.LBB583:
 720               	.LBB584:
 721               	.LBB585:
 722               	.LSM93:
 723 0066 1EBC      		out 78-32,__zero_reg__
 724               	.L61:
 725               	.LSM94:
 726 0068 0DB4      		in __tmp_reg__,77-32
 727 006a 07FE      		sbrs __tmp_reg__,7
 728 006c 00C0      		rjmp .L61
 729               	.LBE585:
 730               	.LBE584:
 731               	.LBE583:
 732               	.LBE582:
 733               	.LBB586:
 734               	.LBB587:
 735               	.LBB588:
 736               	.LBB589:
 737               	.LSM95:
 738 006e 1EBC      		out 78-32,__zero_reg__
 739               	.L62:
 740               	.LSM96:
 741 0070 0DB4      		in __tmp_reg__,77-32
 742 0072 07FE      		sbrs __tmp_reg__,7
 743 0074 00C0      		rjmp .L62
 744               	.LBE589:
 745               	.LBE588:
 746               	.LBE587:
 747               	.LBE586:
 748               	.LSM97:
 749 0076 B4E0      		ldi r27,4
 750 0078 D695      	1:	lsr r29
 751 007a C795      		ror r28
 752 007c BA95      		dec r27
 753 007e 01F4      		brne 1b
 754 0080 6C2F      		mov r22,r28
 755               	.LVL38:
 756               	.LBB590:
 757               	.LBB591:
 758               	.LBB592:
 759               	.LBB593:
 760               	.LBB594:
 761               	.LSM98:
 762 0082 A2ED      		ldi r26,lo8(-46)
 763 0084 AA2E      		mov r10,r26
 764 0086 00C0      		rjmp .L63
 765               	.LVL39:
 766               	.L73:
 767               	.LBE594:
 768               	.LBE593:
 769               	.LBE592:
 770               	.LBE591:
 771               	.LBE590:
 772               	.LSM99:
 773 0088 E701      		movw r28,r14
 774               	.LVL40:
 775 008a BB24      		clr r11
 776               	.LVL41:
 777               	.L72:
 778               	.LBB620:
 779               	.LSM100:
 780 008c 6034      		cpi r22,lo8(64)
 781 008e 01F4      		brne .L64
 782               	.LSM101:
 783 0090 0F5F      		subi r16,lo8(-(1))
 784 0092 1F4F      		sbci r17,hi8(-(1))
 785               	.LSM102:
 786 0094 C801      		movw r24,r16
 787 0096 0E94 0000 		call Dataflash_SelectChipFromPage
 788               	.LVL42:
 789               	.LBB598:
 790               	.LBB597:
 791               	.LBB596:
 792               	.LBB595:
 793               	.LSM103:
 794 009a AEBC      		out 78-32,r10
 795               	.L65:
 796               	.LSM104:
 797 009c 0DB4      		in __tmp_reg__,77-32
 798 009e 07FE      		sbrs __tmp_reg__,7
 799 00a0 00C0      		rjmp .L65
 800               	.LBE595:
 801               	.LBE596:
 802               	.LBE597:
 803               	.LBE598:
 804               	.LSM105:
 805 00a2 C801      		movw r24,r16
 806 00a4 60E0      		ldi r22,lo8(0)
 807 00a6 70E0      		ldi r23,hi8(0)
 808 00a8 0E94 0000 		call Dataflash_SendAddressBytes
 809               	.LBB599:
 810               	.LBB600:
 811               	.LBB601:
 812               	.LBB602:
 813               	.LSM106:
 814 00ac 1EBC      		out 78-32,__zero_reg__
 815               	.L66:
 816               	.LSM107:
 817 00ae 0DB4      		in __tmp_reg__,77-32
 818 00b0 07FE      		sbrs __tmp_reg__,7
 819 00b2 00C0      		rjmp .L66
 820               	.LBE602:
 821               	.LBE601:
 822               	.LBE600:
 823               	.LBE599:
 824               	.LBB603:
 825               	.LBB604:
 826               	.LBB605:
 827               	.LBB606:
 828               	.LSM108:
 829 00b4 1EBC      		out 78-32,__zero_reg__
 830               	.L67:
 831               	.LSM109:
 832 00b6 0DB4      		in __tmp_reg__,77-32
 833 00b8 07FE      		sbrs __tmp_reg__,7
 834 00ba 00C0      		rjmp .L67
 835               	.LBE606:
 836               	.LBE605:
 837               	.LBE604:
 838               	.LBE603:
 839               	.LBB607:
 840               	.LBB608:
 841               	.LBB609:
 842               	.LBB610:
 843               	.LSM110:
 844 00bc 1EBC      		out 78-32,__zero_reg__
 845               	.L68:
 846               	.LSM111:
 847 00be 0DB4      		in __tmp_reg__,77-32
 848 00c0 07FE      		sbrs __tmp_reg__,7
 849 00c2 00C0      		rjmp .L68
 850               	.LBE610:
 851               	.LBE609:
 852               	.LBE608:
 853               	.LBE607:
 854               	.LBB611:
 855               	.LBB612:
 856               	.LBB613:
 857               	.LBB614:
 858               	.LSM112:
 859 00c4 1EBC      		out 78-32,__zero_reg__
 860               	.L69:
 861               	.LSM113:
 862 00c6 0DB4      		in __tmp_reg__,77-32
 863 00c8 07FE      		sbrs __tmp_reg__,7
 864 00ca 00C0      		rjmp .L69
 865 00cc 60E0      		ldi r22,lo8(0)
 866               	.LVL43:
 867               	.L64:
 868 00ce FE01      		movw r30,r28
 869 00d0 90E0      		ldi r25,lo8(0)
 870               	.LVL44:
 871               	.L71:
 872               	.LBE614:
 873               	.LBE613:
 874               	.LBE612:
 875               	.LBE611:
 876               	.LBB615:
 877               	.LBB616:
 878               	.LBB617:
 879               	.LBB618:
 880               	.LBB619:
 881               	.LSM114:
 882 00d2 1EBC      		out 78-32,__zero_reg__
 883               	.L70:
 884               	.LSM115:
 885 00d4 0DB4      		in __tmp_reg__,77-32
 886 00d6 07FE      		sbrs __tmp_reg__,7
 887 00d8 00C0      		rjmp .L70
 888               	.LSM116:
 889 00da 8EB5      		in r24,78-32
 890               	.LBE619:
 891               	.LBE618:
 892               	.LBE617:
 893               	.LBE616:
 894               	.LSM117:
 895 00dc 8193      		st Z+,r24
 896               	.LSM118:
 897 00de 9F5F      		subi r25,lo8(-(1))
 898 00e0 9031      		cpi r25,lo8(16)
 899 00e2 01F4      		brne .L71
 900 00e4 6096      		adiw r28,16
 901               	.LVL45:
 902               	.LBE615:
 903               	.LSM119:
 904 00e6 6F5F      		subi r22,lo8(-(1))
 905               	.LSM120:
 906 00e8 B394      		inc r11
 907               	.LSM121:
 908 00ea 80E2      		ldi r24,lo8(32)
 909 00ec B816      		cp r11,r24
 910 00ee 01F4      		brne .L72
 911 00f0 80E0      		ldi r24,lo8(512)
 912 00f2 92E0      		ldi r25,hi8(512)
 913 00f4 E80E      		add r14,r24
 914 00f6 F91E      		adc r15,r25
 915               	.LVL46:
 916               	.LSM122:
 917 00f8 0894      		sec
 918 00fa C108      		sbc r12,__zero_reg__
 919 00fc D108      		sbc r13,__zero_reg__
 920               	.LVL47:
 921               	.L63:
 922               	.LBE620:
 923               	.LSM123:
 924 00fe C114      		cp r12,__zero_reg__
 925 0100 D104      		cpc r13,__zero_reg__
 926 0102 01F4      		brne .L73
 927               	.LBB621:
 928               	.LBB622:
 929               	.LBB623:
 930               	.LBB624:
 931               	.LSM124:
 932 0104 8EB1      		in r24,46-32
 933 0106 8360      		ori r24,lo8(3)
 934 0108 8EB9      		out 46-32,r24
 935               	/* epilogue start */
 936               	.LBE624:
 937               	.LBE623:
 938               	.LBE622:
 939               	.LBE621:
 940               	.LSM125:
 941 010a DF91      		pop r29
 942 010c CF91      		pop r28
 943               	.LVL48:
 944 010e 1F91      		pop r17
 945 0110 0F91      		pop r16
 946               	.LVL49:
 947 0112 FF90      		pop r15
 948 0114 EF90      		pop r14
 949               	.LVL50:
 950 0116 DF90      		pop r13
 951 0118 CF90      		pop r12
 952               	.LVL51:
 953 011a BF90      		pop r11
 954               	.LVL52:
 955 011c AF90      		pop r10
 956 011e 0895      		ret
 957               	.LFE123:
 959               		.section	.text.DataflashManager_ResetDataflashProtections,"ax",@progbits
 960               	.global	DataflashManager_ResetDataflashProtections
 962               	DataflashManager_ResetDataflashProtections:
 963               	.LFB124:
 964               	.LSM126:
 965               	/* prologue: function */
 966               	/* frame size = 0 */
 967               	.LBB625:
 968               	.LBB626:
 969               	.LSM127:
 970 0000 8EB1      		in r24,46-32
 971 0002 8C7F      		andi r24,lo8(-4)
 972 0004 8260      		ori r24,lo8(2)
 973 0006 8EB9      		out 46-32,r24
 974               	.LBE626:
 975               	.LBE625:
 976               	.LBB627:
 977               	.LBB628:
 978               	.LBB629:
 979               	.LBB630:
 980               	.LSM128:
 981 0008 87ED      		ldi r24,lo8(-41)
 982 000a 8EBD      		out 78-32,r24
 983               	.L89:
 984               	.LSM129:
 985 000c 0DB4      		in __tmp_reg__,77-32
 986 000e 07FE      		sbrs __tmp_reg__,7
 987 0010 00C0      		rjmp .L89
 988               	.LBE630:
 989               	.LBE629:
 990               	.LBE628:
 991               	.LBE627:
 992               	.LBB631:
 993               	.LBB632:
 994               	.LBB633:
 995               	.LBB634:
 996               	.LSM130:
 997 0012 1EBC      		out 78-32,__zero_reg__
 998               	.L90:
 999               	.LSM131:
 1000 0014 0DB4      		in __tmp_reg__,77-32
 1001 0016 07FE      		sbrs __tmp_reg__,7
 1002 0018 00C0      		rjmp .L90
 1003               	.LBE634:
 1004               	.LBE633:
 1005               	.LBE632:
 1006               	.LBE631:
 1007               	.LSM132:
 1008 001a 0EB4      		in __tmp_reg__,78-32
 1009 001c 01FE      		sbrs __tmp_reg__,1
 1010 001e 00C0      		rjmp .L91
 1011               	.LSM133:
 1012 0020 0E94 0000 		call Dataflash_ToggleSelectedChipCS
 1013               	.LBB635:
 1014               	.LBB636:
 1015               	.LBB637:
 1016               	.LBB638:
 1017               	.LSM134:
 1018 0024 8DE3      		ldi r24,lo8(61)
 1019 0026 8EBD      		out 78-32,r24
 1020               	.L92:
 1021               	.LSM135:
 1022 0028 0DB4      		in __tmp_reg__,77-32
 1023 002a 07FE      		sbrs __tmp_reg__,7
 1024 002c 00C0      		rjmp .L92
 1025               	.LBE638:
 1026               	.LBE637:
 1027               	.LBE636:
 1028               	.LBE635:
 1029               	.LBB639:
 1030               	.LBB640:
 1031               	.LBB641:
 1032               	.LBB642:
 1033               	.LSM136:
 1034 002e 8AE2      		ldi r24,lo8(42)
 1035 0030 8EBD      		out 78-32,r24
 1036               	.L93:
 1037               	.LSM137:
 1038 0032 0DB4      		in __tmp_reg__,77-32
 1039 0034 07FE      		sbrs __tmp_reg__,7
 1040 0036 00C0      		rjmp .L93
 1041               	.LBE642:
 1042               	.LBE641:
 1043               	.LBE640:
 1044               	.LBE639:
 1045               	.LBB643:
 1046               	.LBB644:
 1047               	.LBB645:
 1048               	.LBB646:
 1049               	.LSM138:
 1050 0038 8FE7      		ldi r24,lo8(127)
 1051 003a 8EBD      		out 78-32,r24
 1052               	.L94:
 1053               	.LSM139:
 1054 003c 0DB4      		in __tmp_reg__,77-32
 1055 003e 07FE      		sbrs __tmp_reg__,7
 1056 0040 00C0      		rjmp .L94
 1057               	.LBE646:
 1058               	.LBE645:
 1059               	.LBE644:
 1060               	.LBE643:
 1061               	.LBB647:
 1062               	.LBB648:
 1063               	.LBB649:
 1064               	.LBB650:
 1065               	.LSM140:
 1066 0042 8AE9      		ldi r24,lo8(-102)
 1067 0044 8EBD      		out 78-32,r24
 1068               	.L95:
 1069               	.LSM141:
 1070 0046 0DB4      		in __tmp_reg__,77-32
 1071 0048 07FE      		sbrs __tmp_reg__,7
 1072 004a 00C0      		rjmp .L95
 1073               	.L91:
 1074               	.LBE650:
 1075               	.LBE649:
 1076               	.LBE648:
 1077               	.LBE647:
 1078               	.LBB651:
 1079               	.LBB652:
 1080               	.LSM142:
 1081 004c 8EB1      		in r24,46-32
 1082 004e 8C7F      		andi r24,lo8(-4)
 1083 0050 8160      		ori r24,lo8(1)
 1084 0052 8EB9      		out 46-32,r24
 1085               	.LBE652:
 1086               	.LBE651:
 1087               	.LBB653:
 1088               	.LBB654:
 1089               	.LBB655:
 1090               	.LBB656:
 1091               	.LSM143:
 1092 0054 87ED      		ldi r24,lo8(-41)
 1093 0056 8EBD      		out 78-32,r24
 1094               	.L96:
 1095               	.LSM144:
 1096 0058 0DB4      		in __tmp_reg__,77-32
 1097 005a 07FE      		sbrs __tmp_reg__,7
 1098 005c 00C0      		rjmp .L96
 1099               	.LBE656:
 1100               	.LBE655:
 1101               	.LBE654:
 1102               	.LBE653:
 1103               	.LBB657:
 1104               	.LBB658:
 1105               	.LBB659:
 1106               	.LBB660:
 1107               	.LSM145:
 1108 005e 1EBC      		out 78-32,__zero_reg__
 1109               	.L97:
 1110               	.LSM146:
 1111 0060 0DB4      		in __tmp_reg__,77-32
 1112 0062 07FE      		sbrs __tmp_reg__,7
 1113 0064 00C0      		rjmp .L97
 1114               	.LBE660:
 1115               	.LBE659:
 1116               	.LBE658:
 1117               	.LBE657:
 1118               	.LSM147:
 1119 0066 0EB4      		in __tmp_reg__,78-32
 1120 0068 01FE      		sbrs __tmp_reg__,1
 1121 006a 00C0      		rjmp .L98
 1122               	.LSM148:
 1123 006c 0E94 0000 		call Dataflash_ToggleSelectedChipCS
 1124               	.LBB661:
 1125               	.LBB662:
 1126               	.LBB663:
 1127               	.LBB664:
 1128               	.LSM149:
 1129 0070 8DE3      		ldi r24,lo8(61)
 1130 0072 8EBD      		out 78-32,r24
 1131               	.L99:
 1132               	.LSM150:
 1133 0074 0DB4      		in __tmp_reg__,77-32
 1134 0076 07FE      		sbrs __tmp_reg__,7
 1135 0078 00C0      		rjmp .L99
 1136               	.LBE664:
 1137               	.LBE663:
 1138               	.LBE662:
 1139               	.LBE661:
 1140               	.LBB665:
 1141               	.LBB666:
 1142               	.LBB667:
 1143               	.LBB668:
 1144               	.LSM151:
 1145 007a 8AE2      		ldi r24,lo8(42)
 1146 007c 8EBD      		out 78-32,r24
 1147               	.L100:
 1148               	.LSM152:
 1149 007e 0DB4      		in __tmp_reg__,77-32
 1150 0080 07FE      		sbrs __tmp_reg__,7
 1151 0082 00C0      		rjmp .L100
 1152               	.LBE668:
 1153               	.LBE667:
 1154               	.LBE666:
 1155               	.LBE665:
 1156               	.LBB669:
 1157               	.LBB670:
 1158               	.LBB671:
 1159               	.LBB672:
 1160               	.LSM153:
 1161 0084 8FE7      		ldi r24,lo8(127)
 1162 0086 8EBD      		out 78-32,r24
 1163               	.L101:
 1164               	.LSM154:
 1165 0088 0DB4      		in __tmp_reg__,77-32
 1166 008a 07FE      		sbrs __tmp_reg__,7
 1167 008c 00C0      		rjmp .L101
 1168               	.LBE672:
 1169               	.LBE671:
 1170               	.LBE670:
 1171               	.LBE669:
 1172               	.LBB673:
 1173               	.LBB674:
 1174               	.LBB675:
 1175               	.LBB676:
 1176               	.LSM155:
 1177 008e 8AE9      		ldi r24,lo8(-102)
 1178 0090 8EBD      		out 78-32,r24
 1179               	.L102:
 1180               	.LSM156:
 1181 0092 0DB4      		in __tmp_reg__,77-32
 1182 0094 07FE      		sbrs __tmp_reg__,7
 1183 0096 00C0      		rjmp .L102
 1184               	.L98:
 1185               	.LBE676:
 1186               	.LBE675:
 1187               	.LBE674:
 1188               	.LBE673:
 1189               	.LBB677:
 1190               	.LBB678:
 1191               	.LBB679:
 1192               	.LBB680:
 1193               	.LSM157:
 1194 0098 8EB1      		in r24,46-32
 1195 009a 8360      		ori r24,lo8(3)
 1196 009c 8EB9      		out 46-32,r24
 1197               	/* epilogue start */
 1198               	.LBE680:
 1199               	.LBE679:
 1200               	.LBE678:
 1201               	.LBE677:
 1202               	.LSM158:
 1203 009e 0895      		ret
 1204               	.LFE124:
 1206               		.section	.text.DataflashManager_CheckDataflashOperation,"ax",@progbits
 1207               	.global	DataflashManager_CheckDataflashOperation
 1209               	DataflashManager_CheckDataflashOperation:
 1210               	.LFB125:
 1211               	.LSM159:
 1212               	/* prologue: function */
 1213               	/* frame size = 0 */
 1214               	.LBB681:
 1215               	.LBB682:
 1216               	.LSM160:
 1217 0000 8EB1      		in r24,46-32
 1218 0002 8C7F      		andi r24,lo8(-4)
 1219 0004 8260      		ori r24,lo8(2)
 1220 0006 8EB9      		out 46-32,r24
 1221               	.LBE682:
 1222               	.LBE681:
 1223               	.LBB683:
 1224               	.LBB684:
 1225               	.LBB685:
 1226               	.LBB686:
 1227               	.LSM161:
 1228 0008 8FE9      		ldi r24,lo8(-97)
 1229 000a 8EBD      		out 78-32,r24
 1230               	.L117:
 1231               	.LSM162:
 1232 000c 0DB4      		in __tmp_reg__,77-32
 1233 000e 07FE      		sbrs __tmp_reg__,7
 1234 0010 00C0      		rjmp .L117
 1235               	.LBE686:
 1236               	.LBE685:
 1237               	.LBE684:
 1238               	.LBE683:
 1239               	.LBB687:
 1240               	.LBB688:
 1241               	.LBB689:
 1242               	.LBB690:
 1243               	.LSM163:
 1244 0012 1EBC      		out 78-32,__zero_reg__
 1245               	.L118:
 1246               	.LSM164:
 1247 0014 0DB4      		in __tmp_reg__,77-32
 1248 0016 07FE      		sbrs __tmp_reg__,7
 1249 0018 00C0      		rjmp .L118
 1250               	.LSM165:
 1251 001a 9EB5      		in r25,78-32
 1252               	.LVL53:
 1253               	.LBE690:
 1254               	.LBE689:
 1255               	.LBE688:
 1256               	.LBE687:
 1257               	.LBB691:
 1258               	.LBB692:
 1259               	.LBB693:
 1260               	.LBB694:
 1261               	.LSM166:
 1262 001c 8EB1      		in r24,46-32
 1263 001e 8360      		ori r24,lo8(3)
 1264 0020 8EB9      		out 46-32,r24
 1265               	.LBE694:
 1266               	.LBE693:
 1267               	.LBE692:
 1268               	.LBE691:
 1269               	.LSM167:
 1270 0022 9F31      		cpi r25,lo8(31)
 1271 0024 01F0      		breq .L119
 1272 0026 80E0      		ldi r24,lo8(0)
 1273 0028 0895      		ret
 1274               	.L119:
 1275               	.LBB695:
 1276               	.LBB696:
 1277               	.LSM168:
 1278 002a 8EB1      		in r24,46-32
 1279 002c 8C7F      		andi r24,lo8(-4)
 1280 002e 8160      		ori r24,lo8(1)
 1281 0030 8EB9      		out 46-32,r24
 1282               	.LBE696:
 1283               	.LBE695:
 1284               	.LBB697:
 1285               	.LBB698:
 1286               	.LBB699:
 1287               	.LBB700:
 1288               	.LSM169:
 1289 0032 8FE9      		ldi r24,lo8(-97)
 1290 0034 8EBD      		out 78-32,r24
 1291               	.L121:
 1292               	.LSM170:
 1293 0036 0DB4      		in __tmp_reg__,77-32
 1294 0038 07FE      		sbrs __tmp_reg__,7
 1295 003a 00C0      		rjmp .L121
 1296               	.LBE700:
 1297               	.LBE699:
 1298               	.LBE698:
 1299               	.LBE697:
 1300               	.LBB701:
 1301               	.LBB702:
 1302               	.LBB703:
 1303               	.LBB704:
 1304               	.LSM171:
 1305 003c 1EBC      		out 78-32,__zero_reg__
 1306               	.L122:
 1307               	.LSM172:
 1308 003e 0DB4      		in __tmp_reg__,77-32
 1309 0040 07FE      		sbrs __tmp_reg__,7
 1310 0042 00C0      		rjmp .L122
 1311               	.LSM173:
 1312 0044 9EB5      		in r25,78-32
 1313               	.LVL54:
 1314               	.LBE704:
 1315               	.LBE703:
 1316               	.LBE702:
 1317               	.LBE701:
 1318               	.LBB705:
 1319               	.LBB706:
 1320               	.LBB707:
 1321               	.LBB708:
 1322               	.LSM174:
 1323 0046 8EB1      		in r24,46-32
 1324 0048 8360      		ori r24,lo8(3)
 1325 004a 8EB9      		out 46-32,r24
 1326 004c 80E0      		ldi r24,lo8(0)
 1327 004e 9F31      		cpi r25,lo8(31)
 1328 0050 01F4      		brne .L120
 1329 0052 81E0      		ldi r24,lo8(1)
 1330               	.L120:
 1331               	.LBE708:
 1332               	.LBE707:
 1333               	.LBE706:
 1334               	.LBE705:
 1335               	.LSM175:
 1336 0054 0895      		ret
 1337               	.LFE125:
 1339               		.section	.text.DataflashManager_ReadBlocks,"ax",@progbits
 1340               	.global	DataflashManager_ReadBlocks
 1342               	DataflashManager_ReadBlocks:
 1343               	.LFB121:
 1344               	.LSM176:
 1345               	.LVL55:
 1346 0000 CF92      		push r12
 1347 0002 DF92      		push r13
 1348 0004 EF92      		push r14
 1349 0006 FF92      		push r15
 1350 0008 0F93      		push r16
 1351 000a 1F93      		push r17
 1352 000c DF93      		push r29
 1353 000e CF93      		push r28
 1354 0010 0F92      		push __tmp_reg__
 1355 0012 CDB7      		in r28,__SP_L__
 1356 0014 DEB7      		in r29,__SP_H__
 1357               	/* prologue: function */
 1358               	/* frame size = 1 */
 1359 0016 7A01      		movw r14,r20
 1360               	.LSM177:
 1361 0018 F9E0      		ldi r31,9
 1362 001a 660F      	1:	lsl r22
 1363 001c 771F      		rol r23
 1364 001e 881F      		rol r24
 1365 0020 991F      		rol r25
 1366 0022 FA95      		dec r31
 1367 0024 01F4      		brne 1b
 1368               	.LVL56:
 1369 0026 9B01      		movw r18,r22
 1370 0028 AC01      		movw r20,r24
 1371 002a EAE0      		ldi r30,10
 1372 002c 5695      	1:	lsr r21
 1373 002e 4795      		ror r20
 1374 0030 3795      		ror r19
 1375 0032 2795      		ror r18
 1376 0034 EA95      		dec r30
 1377 0036 01F4      		brne 1b
 1378 0038 8901      		movw r16,r18
 1379               	.LVL57:
 1380               	.LSM178:
 1381 003a 4FEF      		ldi r20,lo8(1023)
 1382 003c C42E      		mov r12,r20
 1383 003e 43E0      		ldi r20,hi8(1023)
 1384 0040 D42E      		mov r13,r20
 1385               	.LVL58:
 1386 0042 C622      		and r12,r22
 1387 0044 D722      		and r13,r23
 1388               	.LSM179:
 1389 0046 C901      		movw r24,r18
 1390 0048 0E94 0000 		call Dataflash_SelectChipFromPage
 1391               	.LBB709:
 1392               	.LBB710:
 1393               	.LBB711:
 1394               	.LBB712:
 1395               	.LSM180:
 1396 004c 82ED      		ldi r24,lo8(-46)
 1397 004e 8EBD      		out 78-32,r24
 1398               	.L130:
 1399               	.LSM181:
 1400 0050 0DB4      		in __tmp_reg__,77-32
 1401 0052 07FE      		sbrs __tmp_reg__,7
 1402 0054 00C0      		rjmp .L130
 1403               	.LBE712:
 1404               	.LBE711:
 1405               	.LBE710:
 1406               	.LBE709:
 1407               	.LSM182:
 1408 0056 C801      		movw r24,r16
 1409 0058 B601      		movw r22,r12
 1410 005a 0E94 0000 		call Dataflash_SendAddressBytes
 1411               	.LBB713:
 1412               	.LBB714:
 1413               	.LBB715:
 1414               	.LBB716:
 1415               	.LSM183:
 1416 005e 1EBC      		out 78-32,__zero_reg__
 1417               	.L131:
 1418               	.LSM184:
 1419 0060 0DB4      		in __tmp_reg__,77-32
 1420 0062 07FE      		sbrs __tmp_reg__,7
 1421 0064 00C0      		rjmp .L131
 1422               	.LBE716:
 1423               	.LBE715:
 1424               	.LBE714:
 1425               	.LBE713:
 1426               	.LBB717:
 1427               	.LBB718:
 1428               	.LBB719:
 1429               	.LBB720:
 1430               	.LSM185:
 1431 0066 1EBC      		out 78-32,__zero_reg__
 1432               	.L132:
 1433               	.LSM186:
 1434 0068 0DB4      		in __tmp_reg__,77-32
 1435 006a 07FE      		sbrs __tmp_reg__,7
 1436 006c 00C0      		rjmp .L132
 1437               	.LBE720:
 1438               	.LBE719:
 1439               	.LBE718:
 1440               	.LBE717:
 1441               	.LBB721:
 1442               	.LBB722:
 1443               	.LBB723:
 1444               	.LBB724:
 1445               	.LSM187:
 1446 006e 1EBC      		out 78-32,__zero_reg__
 1447               	.L133:
 1448               	.LSM188:
 1449 0070 0DB4      		in __tmp_reg__,77-32
 1450 0072 07FE      		sbrs __tmp_reg__,7
 1451 0074 00C0      		rjmp .L133
 1452               	.LBE724:
 1453               	.LBE723:
 1454               	.LBE722:
 1455               	.LBE721:
 1456               	.LBB725:
 1457               	.LBB726:
 1458               	.LBB727:
 1459               	.LBB728:
 1460               	.LSM189:
 1461 0076 1EBC      		out 78-32,__zero_reg__
 1462               	.L134:
 1463               	.LSM190:
 1464 0078 0DB4      		in __tmp_reg__,77-32
 1465 007a 07FE      		sbrs __tmp_reg__,7
 1466 007c 00C0      		rjmp .L134
 1467               	.LBE728:
 1468               	.LBE727:
 1469               	.LBE726:
 1470               	.LBE725:
 1471               	.LSM191:
 1472 007e 0E94 0000 		call Endpoint_WaitUntilReady
 1473 0082 8823      		tst r24
 1474 0084 01F0      		breq .+2
 1475 0086 00C0      		rjmp .L163
 1476               	.LSM192:
 1477 0088 94E0      		ldi r25,4
 1478 008a D694      	1:	lsr r13
 1479 008c C794      		ror r12
 1480 008e 9A95      		dec r25
 1481 0090 01F4      		brne 1b
 1482 0092 9C2D      		mov r25,r12
 1483               	.LVL59:
 1484               	.LBB729:
 1485               	.LBB730:
 1486               	.LBB731:
 1487               	.LBB732:
 1488               	.LBB733:
 1489               	.LSM193:
 1490 0094 82ED      		ldi r24,lo8(-46)
 1491 0096 C82E      		mov r12,r24
 1492               	.LVL60:
 1493 0098 00C0      		rjmp .L136
 1494               	.LVL61:
 1495               	.L161:
 1496               	.LBE733:
 1497               	.LBE732:
 1498               	.LBE731:
 1499               	.LBE730:
 1500               	.LBE729:
 1501               	.LSM194:
 1502 009a DD24      		clr r13
 1503               	.L160:
 1504               	.LBB854:
 1505               	.LBB737:
 1506               	.LBB738:
 1507               	.LSM195:
 1508 009c 8091 E800 		lds r24,232
 1509               	.LBE738:
 1510               	.LBE737:
 1511               	.LSM196:
 1512 00a0 85FD      		sbrc r24,5
 1513 00a2 00C0      		rjmp .L137
 1514               	.LBB739:
 1515               	.LBB740:
 1516               	.LSM197:
 1517 00a4 8091 E800 		lds r24,232
 1518 00a8 8E77      		andi r24,lo8(126)
 1519 00aa 8093 E800 		sts 232,r24
 1520               	.LBE740:
 1521               	.LBE739:
 1522               	.LSM198:
 1523 00ae 9983      		std Y+1,r25
 1524               	.LVL62:
 1525 00b0 0E94 0000 		call Endpoint_WaitUntilReady
 1526 00b4 9981      		ldd r25,Y+1
 1527 00b6 8823      		tst r24
 1528 00b8 01F0      		breq .+2
 1529 00ba 00C0      		rjmp .L163
 1530               	.LVL63:
 1531               	.L137:
 1532               	.LSM199:
 1533 00bc 9034      		cpi r25,lo8(64)
 1534 00be 01F4      		brne .L138
 1535               	.LSM200:
 1536 00c0 0F5F      		subi r16,lo8(-(1))
 1537 00c2 1F4F      		sbci r17,hi8(-(1))
 1538               	.LSM201:
 1539 00c4 C801      		movw r24,r16
 1540 00c6 0E94 0000 		call Dataflash_SelectChipFromPage
 1541               	.LVL64:
 1542               	.LBB741:
 1543               	.LBB736:
 1544               	.LBB735:
 1545               	.LBB734:
 1546               	.LSM202:
 1547 00ca CEBC      		out 78-32,r12
 1548               	.L139:
 1549               	.LSM203:
 1550 00cc 0DB4      		in __tmp_reg__,77-32
 1551 00ce 07FE      		sbrs __tmp_reg__,7
 1552 00d0 00C0      		rjmp .L139
 1553               	.LBE734:
 1554               	.LBE735:
 1555               	.LBE736:
 1556               	.LBE741:
 1557               	.LSM204:
 1558 00d2 C801      		movw r24,r16
 1559 00d4 60E0      		ldi r22,lo8(0)
 1560 00d6 70E0      		ldi r23,hi8(0)
 1561 00d8 0E94 0000 		call Dataflash_SendAddressBytes
 1562               	.LBB742:
 1563               	.LBB743:
 1564               	.LBB744:
 1565               	.LBB745:
 1566               	.LSM205:
 1567 00dc 1EBC      		out 78-32,__zero_reg__
 1568               	.L140:
 1569               	.LSM206:
 1570 00de 0DB4      		in __tmp_reg__,77-32
 1571 00e0 07FE      		sbrs __tmp_reg__,7
 1572 00e2 00C0      		rjmp .L140
 1573               	.LBE745:
 1574               	.LBE744:
 1575               	.LBE743:
 1576               	.LBE742:
 1577               	.LBB746:
 1578               	.LBB747:
 1579               	.LBB748:
 1580               	.LBB749:
 1581               	.LSM207:
 1582 00e4 1EBC      		out 78-32,__zero_reg__
 1583               	.L141:
 1584               	.LSM208:
 1585 00e6 0DB4      		in __tmp_reg__,77-32
 1586 00e8 07FE      		sbrs __tmp_reg__,7
 1587 00ea 00C0      		rjmp .L141
 1588               	.LBE749:
 1589               	.LBE748:
 1590               	.LBE747:
 1591               	.LBE746:
 1592               	.LBB750:
 1593               	.LBB751:
 1594               	.LBB752:
 1595               	.LBB753:
 1596               	.LSM209:
 1597 00ec 1EBC      		out 78-32,__zero_reg__
 1598               	.L142:
 1599               	.LSM210:
 1600 00ee 0DB4      		in __tmp_reg__,77-32
 1601 00f0 07FE      		sbrs __tmp_reg__,7
 1602 00f2 00C0      		rjmp .L142
 1603               	.LBE753:
 1604               	.LBE752:
 1605               	.LBE751:
 1606               	.LBE750:
 1607               	.LBB754:
 1608               	.LBB755:
 1609               	.LBB756:
 1610               	.LBB757:
 1611               	.LSM211:
 1612 00f4 1EBC      		out 78-32,__zero_reg__
 1613               	.L143:
 1614               	.LSM212:
 1615 00f6 0DB4      		in __tmp_reg__,77-32
 1616 00f8 07FE      		sbrs __tmp_reg__,7
 1617 00fa 00C0      		rjmp .L143
 1618 00fc 90E0      		ldi r25,lo8(0)
 1619               	.LVL65:
 1620               	.L138:
 1621               	.LBE757:
 1622               	.LBE756:
 1623               	.LBE755:
 1624               	.LBE754:
 1625               	.LBB758:
 1626               	.LBB759:
 1627               	.LBB760:
 1628               	.LBB761:
 1629               	.LSM213:
 1630 00fe 1EBC      		out 78-32,__zero_reg__
 1631               	.L144:
 1632               	.LSM214:
 1633 0100 0DB4      		in __tmp_reg__,77-32
 1634 0102 07FE      		sbrs __tmp_reg__,7
 1635 0104 00C0      		rjmp .L144
 1636               	.LSM215:
 1637 0106 8EB5      		in r24,78-32
 1638               	.LBE761:
 1639               	.LBE760:
 1640               	.LBE759:
 1641               	.LBE758:
 1642               	.LBB762:
 1643               	.LBB763:
 1644               	.LSM216:
 1645 0108 8093 F100 		sts 241,r24
 1646               	.LBE763:
 1647               	.LBE762:
 1648               	.LBB764:
 1649               	.LBB765:
 1650               	.LBB766:
 1651               	.LBB767:
 1652               	.LSM217:
 1653 010c 1EBC      		out 78-32,__zero_reg__
 1654               	.L145:
 1655               	.LSM218:
 1656 010e 0DB4      		in __tmp_reg__,77-32
 1657 0110 07FE      		sbrs __tmp_reg__,7
 1658 0112 00C0      		rjmp .L145
 1659               	.LSM219:
 1660 0114 8EB5      		in r24,78-32
 1661               	.LBE767:
 1662               	.LBE766:
 1663               	.LBE765:
 1664               	.LBE764:
 1665               	.LBB768:
 1666               	.LBB769:
 1667               	.LSM220:
 1668 0116 8093 F100 		sts 241,r24
 1669               	.LBE769:
 1670               	.LBE768:
 1671               	.LBB770:
 1672               	.LBB771:
 1673               	.LBB772:
 1674               	.LBB773:
 1675               	.LSM221:
 1676 011a 1EBC      		out 78-32,__zero_reg__
 1677               	.L146:
 1678               	.LSM222:
 1679 011c 0DB4      		in __tmp_reg__,77-32
 1680 011e 07FE      		sbrs __tmp_reg__,7
 1681 0120 00C0      		rjmp .L146
 1682               	.LSM223:
 1683 0122 8EB5      		in r24,78-32
 1684               	.LBE773:
 1685               	.LBE772:
 1686               	.LBE771:
 1687               	.LBE770:
 1688               	.LBB774:
 1689               	.LBB775:
 1690               	.LSM224:
 1691 0124 8093 F100 		sts 241,r24
 1692               	.LBE775:
 1693               	.LBE774:
 1694               	.LBB776:
 1695               	.LBB777:
 1696               	.LBB778:
 1697               	.LBB779:
 1698               	.LSM225:
 1699 0128 1EBC      		out 78-32,__zero_reg__
 1700               	.L147:
 1701               	.LSM226:
 1702 012a 0DB4      		in __tmp_reg__,77-32
 1703 012c 07FE      		sbrs __tmp_reg__,7
 1704 012e 00C0      		rjmp .L147
 1705               	.LSM227:
 1706 0130 8EB5      		in r24,78-32
 1707               	.LBE779:
 1708               	.LBE778:
 1709               	.LBE777:
 1710               	.LBE776:
 1711               	.LBB780:
 1712               	.LBB781:
 1713               	.LSM228:
 1714 0132 8093 F100 		sts 241,r24
 1715               	.LBE781:
 1716               	.LBE780:
 1717               	.LBB782:
 1718               	.LBB783:
 1719               	.LBB784:
 1720               	.LBB785:
 1721               	.LSM229:
 1722 0136 1EBC      		out 78-32,__zero_reg__
 1723               	.L148:
 1724               	.LSM230:
 1725 0138 0DB4      		in __tmp_reg__,77-32
 1726 013a 07FE      		sbrs __tmp_reg__,7
 1727 013c 00C0      		rjmp .L148
 1728               	.LSM231:
 1729 013e 8EB5      		in r24,78-32
 1730               	.LBE785:
 1731               	.LBE784:
 1732               	.LBE783:
 1733               	.LBE782:
 1734               	.LBB786:
 1735               	.LBB787:
 1736               	.LSM232:
 1737 0140 8093 F100 		sts 241,r24
 1738               	.LBE787:
 1739               	.LBE786:
 1740               	.LBB788:
 1741               	.LBB789:
 1742               	.LBB790:
 1743               	.LBB791:
 1744               	.LSM233:
 1745 0144 1EBC      		out 78-32,__zero_reg__
 1746               	.L149:
 1747               	.LSM234:
 1748 0146 0DB4      		in __tmp_reg__,77-32
 1749 0148 07FE      		sbrs __tmp_reg__,7
 1750 014a 00C0      		rjmp .L149
 1751               	.LSM235:
 1752 014c 8EB5      		in r24,78-32
 1753               	.LBE791:
 1754               	.LBE790:
 1755               	.LBE789:
 1756               	.LBE788:
 1757               	.LBB792:
 1758               	.LBB793:
 1759               	.LSM236:
 1760 014e 8093 F100 		sts 241,r24
 1761               	.LBE793:
 1762               	.LBE792:
 1763               	.LBB794:
 1764               	.LBB795:
 1765               	.LBB796:
 1766               	.LBB797:
 1767               	.LSM237:
 1768 0152 1EBC      		out 78-32,__zero_reg__
 1769               	.L150:
 1770               	.LSM238:
 1771 0154 0DB4      		in __tmp_reg__,77-32
 1772 0156 07FE      		sbrs __tmp_reg__,7
 1773 0158 00C0      		rjmp .L150
 1774               	.LSM239:
 1775 015a 8EB5      		in r24,78-32
 1776               	.LBE797:
 1777               	.LBE796:
 1778               	.LBE795:
 1779               	.LBE794:
 1780               	.LBB798:
 1781               	.LBB799:
 1782               	.LSM240:
 1783 015c 8093 F100 		sts 241,r24
 1784               	.LBE799:
 1785               	.LBE798:
 1786               	.LBB800:
 1787               	.LBB801:
 1788               	.LBB802:
 1789               	.LBB803:
 1790               	.LSM241:
 1791 0160 1EBC      		out 78-32,__zero_reg__
 1792               	.L151:
 1793               	.LSM242:
 1794 0162 0DB4      		in __tmp_reg__,77-32
 1795 0164 07FE      		sbrs __tmp_reg__,7
 1796 0166 00C0      		rjmp .L151
 1797               	.LSM243:
 1798 0168 8EB5      		in r24,78-32
 1799               	.LBE803:
 1800               	.LBE802:
 1801               	.LBE801:
 1802               	.LBE800:
 1803               	.LBB804:
 1804               	.LBB805:
 1805               	.LSM244:
 1806 016a 8093 F100 		sts 241,r24
 1807               	.LBE805:
 1808               	.LBE804:
 1809               	.LBB806:
 1810               	.LBB807:
 1811               	.LBB808:
 1812               	.LBB809:
 1813               	.LSM245:
 1814 016e 1EBC      		out 78-32,__zero_reg__
 1815               	.L152:
 1816               	.LSM246:
 1817 0170 0DB4      		in __tmp_reg__,77-32
 1818 0172 07FE      		sbrs __tmp_reg__,7
 1819 0174 00C0      		rjmp .L152
 1820               	.LSM247:
 1821 0176 8EB5      		in r24,78-32
 1822               	.LBE809:
 1823               	.LBE808:
 1824               	.LBE807:
 1825               	.LBE806:
 1826               	.LBB810:
 1827               	.LBB811:
 1828               	.LSM248:
 1829 0178 8093 F100 		sts 241,r24
 1830               	.LBE811:
 1831               	.LBE810:
 1832               	.LBB812:
 1833               	.LBB813:
 1834               	.LBB814:
 1835               	.LBB815:
 1836               	.LSM249:
 1837 017c 1EBC      		out 78-32,__zero_reg__
 1838               	.L153:
 1839               	.LSM250:
 1840 017e 0DB4      		in __tmp_reg__,77-32
 1841 0180 07FE      		sbrs __tmp_reg__,7
 1842 0182 00C0      		rjmp .L153
 1843               	.LSM251:
 1844 0184 8EB5      		in r24,78-32
 1845               	.LBE815:
 1846               	.LBE814:
 1847               	.LBE813:
 1848               	.LBE812:
 1849               	.LBB816:
 1850               	.LBB817:
 1851               	.LSM252:
 1852 0186 8093 F100 		sts 241,r24
 1853               	.LBE817:
 1854               	.LBE816:
 1855               	.LBB818:
 1856               	.LBB819:
 1857               	.LBB820:
 1858               	.LBB821:
 1859               	.LSM253:
 1860 018a 1EBC      		out 78-32,__zero_reg__
 1861               	.L154:
 1862               	.LSM254:
 1863 018c 0DB4      		in __tmp_reg__,77-32
 1864 018e 07FE      		sbrs __tmp_reg__,7
 1865 0190 00C0      		rjmp .L154
 1866               	.LSM255:
 1867 0192 8EB5      		in r24,78-32
 1868               	.LBE821:
 1869               	.LBE820:
 1870               	.LBE819:
 1871               	.LBE818:
 1872               	.LBB822:
 1873               	.LBB823:
 1874               	.LSM256:
 1875 0194 8093 F100 		sts 241,r24
 1876               	.LBE823:
 1877               	.LBE822:
 1878               	.LBB824:
 1879               	.LBB825:
 1880               	.LBB826:
 1881               	.LBB827:
 1882               	.LSM257:
 1883 0198 1EBC      		out 78-32,__zero_reg__
 1884               	.L155:
 1885               	.LSM258:
 1886 019a 0DB4      		in __tmp_reg__,77-32
 1887 019c 07FE      		sbrs __tmp_reg__,7
 1888 019e 00C0      		rjmp .L155
 1889               	.LSM259:
 1890 01a0 8EB5      		in r24,78-32
 1891               	.LBE827:
 1892               	.LBE826:
 1893               	.LBE825:
 1894               	.LBE824:
 1895               	.LBB828:
 1896               	.LBB829:
 1897               	.LSM260:
 1898 01a2 8093 F100 		sts 241,r24
 1899               	.LBE829:
 1900               	.LBE828:
 1901               	.LBB830:
 1902               	.LBB831:
 1903               	.LBB832:
 1904               	.LBB833:
 1905               	.LSM261:
 1906 01a6 1EBC      		out 78-32,__zero_reg__
 1907               	.L156:
 1908               	.LSM262:
 1909 01a8 0DB4      		in __tmp_reg__,77-32
 1910 01aa 07FE      		sbrs __tmp_reg__,7
 1911 01ac 00C0      		rjmp .L156
 1912               	.LSM263:
 1913 01ae 8EB5      		in r24,78-32
 1914               	.LBE833:
 1915               	.LBE832:
 1916               	.LBE831:
 1917               	.LBE830:
 1918               	.LBB834:
 1919               	.LBB835:
 1920               	.LSM264:
 1921 01b0 8093 F100 		sts 241,r24
 1922               	.LBE835:
 1923               	.LBE834:
 1924               	.LBB836:
 1925               	.LBB837:
 1926               	.LBB838:
 1927               	.LBB839:
 1928               	.LSM265:
 1929 01b4 1EBC      		out 78-32,__zero_reg__
 1930               	.L157:
 1931               	.LSM266:
 1932 01b6 0DB4      		in __tmp_reg__,77-32
 1933 01b8 07FE      		sbrs __tmp_reg__,7
 1934 01ba 00C0      		rjmp .L157
 1935               	.LSM267:
 1936 01bc 8EB5      		in r24,78-32
 1937               	.LBE839:
 1938               	.LBE838:
 1939               	.LBE837:
 1940               	.LBE836:
 1941               	.LBB840:
 1942               	.LBB841:
 1943               	.LSM268:
 1944 01be 8093 F100 		sts 241,r24
 1945               	.LBE841:
 1946               	.LBE840:
 1947               	.LBB842:
 1948               	.LBB843:
 1949               	.LBB844:
 1950               	.LBB845:
 1951               	.LSM269:
 1952 01c2 1EBC      		out 78-32,__zero_reg__
 1953               	.L158:
 1954               	.LSM270:
 1955 01c4 0DB4      		in __tmp_reg__,77-32
 1956 01c6 07FE      		sbrs __tmp_reg__,7
 1957 01c8 00C0      		rjmp .L158
 1958               	.LSM271:
 1959 01ca 8EB5      		in r24,78-32
 1960               	.LBE845:
 1961               	.LBE844:
 1962               	.LBE843:
 1963               	.LBE842:
 1964               	.LBB846:
 1965               	.LBB847:
 1966               	.LSM272:
 1967 01cc 8093 F100 		sts 241,r24
 1968               	.LBE847:
 1969               	.LBE846:
 1970               	.LBB848:
 1971               	.LBB849:
 1972               	.LBB850:
 1973               	.LBB851:
 1974               	.LSM273:
 1975 01d0 1EBC      		out 78-32,__zero_reg__
 1976               	.L159:
 1977               	.LSM274:
 1978 01d2 0DB4      		in __tmp_reg__,77-32
 1979 01d4 07FE      		sbrs __tmp_reg__,7
 1980 01d6 00C0      		rjmp .L159
 1981               	.LSM275:
 1982 01d8 8EB5      		in r24,78-32
 1983               	.LBE851:
 1984               	.LBE850:
 1985               	.LBE849:
 1986               	.LBE848:
 1987               	.LBB852:
 1988               	.LBB853:
 1989               	.LSM276:
 1990 01da 8093 F100 		sts 241,r24
 1991               	.LBE853:
 1992               	.LBE852:
 1993               	.LSM277:
 1994 01de 8091 0000 		lds r24,IsMassStoreReset
 1995 01e2 8823      		tst r24
 1996 01e4 01F4      		brne .L163
 1997               	.LSM278:
 1998 01e6 9F5F      		subi r25,lo8(-(1))
 1999               	.LSM279:
 2000 01e8 D394      		inc r13
 2001               	.LSM280:
 2002 01ea 80E2      		ldi r24,lo8(32)
 2003 01ec D816      		cp r13,r24
 2004 01ee 01F0      		breq .+2
 2005 01f0 00C0      		rjmp .L160
 2006               	.LSM281:
 2007 01f2 0894      		sec
 2008 01f4 E108      		sbc r14,__zero_reg__
 2009 01f6 F108      		sbc r15,__zero_reg__
 2010               	.L136:
 2011               	.LBE854:
 2012               	.LSM282:
 2013 01f8 E114      		cp r14,__zero_reg__
 2014 01fa F104      		cpc r15,__zero_reg__
 2015 01fc 01F0      		breq .+2
 2016 01fe 00C0      		rjmp .L161
 2017               	.LBB855:
 2018               	.LBB856:
 2019               	.LSM283:
 2020 0200 8091 E800 		lds r24,232
 2021               	.LBE856:
 2022               	.LBE855:
 2023               	.LSM284:
 2024 0204 85FD      		sbrc r24,5
 2025 0206 00C0      		rjmp .L162
 2026               	.LBB857:
 2027               	.LBB858:
 2028               	.LSM285:
 2029 0208 8091 E800 		lds r24,232
 2030 020c 8E77      		andi r24,lo8(126)
 2031 020e 8093 E800 		sts 232,r24
 2032               	.L162:
 2033               	.LBE858:
 2034               	.LBE857:
 2035               	.LBB859:
 2036               	.LBB860:
 2037               	.LBB861:
 2038               	.LBB862:
 2039               	.LSM286:
 2040 0212 8EB1      		in r24,46-32
 2041 0214 8360      		ori r24,lo8(3)
 2042 0216 8EB9      		out 46-32,r24
 2043               	.LVL66:
 2044               	.L163:
 2045               	/* epilogue start */
 2046               	.LBE862:
 2047               	.LBE861:
 2048               	.LBE860:
 2049               	.LBE859:
 2050               	.LSM287:
 2051 0218 0F90      		pop __tmp_reg__
 2052 021a CF91      		pop r28
 2053 021c DF91      		pop r29
 2054 021e 1F91      		pop r17
 2055 0220 0F91      		pop r16
 2056               	.LVL67:
 2057 0222 FF90      		pop r15
 2058 0224 EF90      		pop r14
 2059               	.LVL68:
 2060 0226 DF90      		pop r13
 2061               	.LVL69:
 2062 0228 CF90      		pop r12
 2063               	.LVL70:
 2064 022a 0895      		ret
 2065               	.LFE121:
 2067               		.section	.text.DataflashManager_WriteBlocks,"ax",@progbits
 2068               	.global	DataflashManager_WriteBlocks
 2070               	DataflashManager_WriteBlocks:
 2071               	.LFB120:
 2072               	.LSM288:
 2073               	.LVL71:
 2074 0000 AF92      		push r10
 2075 0002 BF92      		push r11
 2076 0004 CF92      		push r12
 2077 0006 DF92      		push r13
 2078 0008 EF92      		push r14
 2079 000a FF92      		push r15
 2080 000c 0F93      		push r16
 2081 000e 1F93      		push r17
 2082 0010 DF93      		push r29
 2083 0012 CF93      		push r28
 2084 0014 0F92      		push __tmp_reg__
 2085 0016 CDB7      		in r28,__SP_L__
 2086 0018 DEB7      		in r29,__SP_H__
 2087               	/* prologue: function */
 2088               	/* frame size = 1 */
 2089 001a 7A01      		movw r14,r20
 2090               	.LSM289:
 2091 001c 29E0      		ldi r18,9
 2092 001e 660F      	1:	lsl r22
 2093 0020 771F      		rol r23
 2094 0022 881F      		rol r24
 2095 0024 991F      		rol r25
 2096 0026 2A95      		dec r18
 2097 0028 01F4      		brne 1b
 2098               	.LVL72:
 2099 002a 9B01      		movw r18,r22
 2100 002c AC01      		movw r20,r24
 2101 002e 9AE0      		ldi r25,10
 2102 0030 5695      	1:	lsr r21
 2103 0032 4795      		ror r20
 2104 0034 3795      		ror r19
 2105 0036 2795      		ror r18
 2106 0038 9A95      		dec r25
 2107 003a 01F4      		brne 1b
 2108 003c 8901      		movw r16,r18
 2109               	.LVL73:
 2110               	.LSM290:
 2111 003e 8FEF      		ldi r24,lo8(1023)
 2112 0040 C82E      		mov r12,r24
 2113 0042 83E0      		ldi r24,hi8(1023)
 2114 0044 D82E      		mov r13,r24
 2115               	.LVL74:
 2116 0046 C622      		and r12,r22
 2117 0048 D722      		and r13,r23
 2118               	.LSM291:
 2119 004a C901      		movw r24,r18
 2120 004c 0E94 0000 		call Dataflash_SelectChipFromPage
 2121               	.LVL75:
 2122               	.LBB863:
 2123               	.LBB864:
 2124               	.LBB865:
 2125               	.LBB866:
 2126               	.LSM292:
 2127 0050 83E5      		ldi r24,lo8(83)
 2128 0052 8EBD      		out 78-32,r24
 2129               	.L192:
 2130               	.LSM293:
 2131 0054 0DB4      		in __tmp_reg__,77-32
 2132 0056 07FE      		sbrs __tmp_reg__,7
 2133 0058 00C0      		rjmp .L192
 2134               	.LBE866:
 2135               	.LBE865:
 2136               	.LBE864:
 2137               	.LBE863:
 2138               	.LSM294:
 2139 005a C801      		movw r24,r16
 2140 005c 60E0      		ldi r22,lo8(0)
 2141 005e 70E0      		ldi r23,hi8(0)
 2142 0060 0E94 0000 		call Dataflash_SendAddressBytes
 2143               	.LSM295:
 2144 0064 0E94 0000 		call Dataflash_WaitWhileBusy
 2145               	.LBB867:
 2146               	.LBB868:
 2147               	.LBB869:
 2148               	.LBB870:
 2149               	.LSM296:
 2150 0068 84E8      		ldi r24,lo8(-124)
 2151 006a 8EBD      		out 78-32,r24
 2152               	.L193:
 2153               	.LSM297:
 2154 006c 0DB4      		in __tmp_reg__,77-32
 2155 006e 07FE      		sbrs __tmp_reg__,7
 2156 0070 00C0      		rjmp .L193
 2157               	.LBE870:
 2158               	.LBE869:
 2159               	.LBE868:
 2160               	.LBE867:
 2161               	.LSM298:
 2162 0072 80E0      		ldi r24,lo8(0)
 2163 0074 90E0      		ldi r25,hi8(0)
 2164 0076 B601      		movw r22,r12
 2165 0078 0E94 0000 		call Dataflash_SendAddressBytes
 2166               	.LSM299:
 2167 007c 0E94 0000 		call Endpoint_WaitUntilReady
 2168 0080 8823      		tst r24
 2169 0082 01F0      		breq .+2
 2170 0084 00C0      		rjmp .L231
 2171               	.LSM300:
 2172 0086 B4E0      		ldi r27,4
 2173 0088 D694      	1:	lsr r13
 2174 008a C794      		ror r12
 2175 008c BA95      		dec r27
 2176 008e 01F4      		brne 1b
 2177 0090 9C2D      		mov r25,r12
 2178               	.LVL76:
 2179 0092 5701      		movw r10,r14
 2180 0094 A5E0      		ldi r26,5
 2181 0096 AA0C      	1:	lsl r10
 2182 0098 BB1C      		rol r11
 2183 009a AA95      		dec r26
 2184 009c 01F4      		brne 1b
 2185 009e DD24      		clr r13
 2186               	.LVL77:
 2187 00a0 00C0      		rjmp .L195
 2188               	.LVL78:
 2189               	.L226:
 2190 00a2 CC24      		clr r12
 2191               	.LVL79:
 2192               	.L225:
 2193               	.LBB871:
 2194               	.LBB872:
 2195               	.LBB873:
 2196               	.LSM301:
 2197 00a4 8091 E800 		lds r24,232
 2198               	.LBE873:
 2199               	.LBE872:
 2200               	.LSM302:
 2201 00a8 85FD      		sbrc r24,5
 2202 00aa 00C0      		rjmp .L196
 2203               	.LBB874:
 2204               	.LBB875:
 2205               	.LSM303:
 2206 00ac 8091 E800 		lds r24,232
 2207 00b0 8B77      		andi r24,lo8(123)
 2208 00b2 8093 E800 		sts 232,r24
 2209               	.LBE875:
 2210               	.LBE874:
 2211               	.LSM304:
 2212 00b6 9983      		std Y+1,r25
 2213               	.LVL80:
 2214 00b8 0E94 0000 		call Endpoint_WaitUntilReady
 2215 00bc 9981      		ldd r25,Y+1
 2216 00be 8823      		tst r24
 2217 00c0 01F0      		breq .+2
 2218 00c2 00C0      		rjmp .L231
 2219               	.LVL81:
 2220               	.L196:
 2221               	.LSM305:
 2222 00c4 9034      		cpi r25,lo8(64)
 2223 00c6 01F0      		breq .+2
 2224 00c8 00C0      		rjmp .L197
 2225               	.LSM306:
 2226 00ca 0E94 0000 		call Dataflash_WaitWhileBusy
 2227               	.LVL82:
 2228               	.LSM307:
 2229 00ce DD20      		tst r13
 2230 00d0 01F4      		brne .L198
 2231 00d2 83E8      		ldi r24,lo8(-125)
 2232 00d4 00C0      		rjmp .L199
 2233               	.L198:
 2234 00d6 86E8      		ldi r24,lo8(-122)
 2235               	.L199:
 2236               	.LBB876:
 2237               	.LBB877:
 2238               	.LBB878:
 2239               	.LBB879:
 2240               	.LSM308:
 2241 00d8 8EBD      		out 78-32,r24
 2242               	.L200:
 2243               	.LSM309:
 2244 00da 0DB4      		in __tmp_reg__,77-32
 2245 00dc 07FE      		sbrs __tmp_reg__,7
 2246 00de 00C0      		rjmp .L200
 2247               	.LBE879:
 2248               	.LBE878:
 2249               	.LBE877:
 2250               	.LBE876:
 2251               	.LSM310:
 2252 00e0 C801      		movw r24,r16
 2253 00e2 60E0      		ldi r22,lo8(0)
 2254 00e4 70E0      		ldi r23,hi8(0)
 2255 00e6 0E94 0000 		call Dataflash_SendAddressBytes
 2256               	.LSM311:
 2257 00ea 0F5F      		subi r16,lo8(-(1))
 2258 00ec 1F4F      		sbci r17,hi8(-(1))
 2259               	.LBB880:
 2260               	.LBB881:
 2261               	.LSM312:
 2262 00ee 8EB1      		in r24,46-32
 2263               	.LBE881:
 2264               	.LBE880:
 2265               	.LSM313:
 2266 00f0 8370      		andi r24,lo8(3)
 2267 00f2 8130      		cpi r24,lo8(1)
 2268 00f4 01F4      		brne .L201
 2269               	.LSM314:
 2270 00f6 D826      		eor r13,r24
 2271               	.L201:
 2272               	.LSM315:
 2273 00f8 C801      		movw r24,r16
 2274 00fa 0E94 0000 		call Dataflash_SelectChipFromPage
 2275               	.LSM316:
 2276 00fe 20E4      		ldi r18,lo8(64)
 2277 0100 A216      		cp r10,r18
 2278 0102 B104      		cpc r11,__zero_reg__
 2279 0104 00F4      		brsh .L202
 2280               	.LSM317:
 2281 0106 0E94 0000 		call Dataflash_WaitWhileBusy
 2282               	.LSM318:
 2283 010a DD20      		tst r13
 2284 010c 01F4      		brne .L203
 2285 010e 83E5      		ldi r24,lo8(83)
 2286 0110 00C0      		rjmp .L204
 2287               	.L203:
 2288 0112 85E5      		ldi r24,lo8(85)
 2289               	.L204:
 2290               	.LBB882:
 2291               	.LBB883:
 2292               	.LBB884:
 2293               	.LBB885:
 2294               	.LSM319:
 2295 0114 8EBD      		out 78-32,r24
 2296               	.L205:
 2297               	.LSM320:
 2298 0116 0DB4      		in __tmp_reg__,77-32
 2299 0118 07FE      		sbrs __tmp_reg__,7
 2300 011a 00C0      		rjmp .L205
 2301               	.LBE885:
 2302               	.LBE884:
 2303               	.LBE883:
 2304               	.LBE882:
 2305               	.LSM321:
 2306 011c C801      		movw r24,r16
 2307 011e 60E0      		ldi r22,lo8(0)
 2308 0120 70E0      		ldi r23,hi8(0)
 2309 0122 0E94 0000 		call Dataflash_SendAddressBytes
 2310               	.LSM322:
 2311 0126 0E94 0000 		call Dataflash_WaitWhileBusy
 2312               	.L202:
 2313               	.LSM323:
 2314 012a DD20      		tst r13
 2315 012c 01F4      		brne .L206
 2316 012e 84E8      		ldi r24,lo8(-124)
 2317 0130 00C0      		rjmp .L207
 2318               	.L206:
 2319 0132 87E8      		ldi r24,lo8(-121)
 2320               	.L207:
 2321               	.LBB886:
 2322               	.LBB887:
 2323               	.LBB888:
 2324               	.LBB889:
 2325               	.LSM324:
 2326 0134 8EBD      		out 78-32,r24
 2327               	.L208:
 2328               	.LSM325:
 2329 0136 0DB4      		in __tmp_reg__,77-32
 2330 0138 07FE      		sbrs __tmp_reg__,7
 2331 013a 00C0      		rjmp .L208
 2332               	.LBE889:
 2333               	.LBE888:
 2334               	.LBE887:
 2335               	.LBE886:
 2336               	.LSM326:
 2337 013c 80E0      		ldi r24,lo8(0)
 2338 013e 90E0      		ldi r25,hi8(0)
 2339 0140 60E0      		ldi r22,lo8(0)
 2340 0142 70E0      		ldi r23,hi8(0)
 2341 0144 0E94 0000 		call Dataflash_SendAddressBytes
 2342 0148 90E0      		ldi r25,lo8(0)
 2343               	.LVL83:
 2344               	.L197:
 2345               	.LBB890:
 2346               	.LBB891:
 2347               	.LSM327:
 2348 014a 8091 F100 		lds r24,241
 2349               	.LBE891:
 2350               	.LBE890:
 2351               	.LBB892:
 2352               	.LBB893:
 2353               	.LBB894:
 2354               	.LBB895:
 2355               	.LSM328:
 2356 014e 8EBD      		out 78-32,r24
 2357               	.L209:
 2358               	.LSM329:
 2359 0150 0DB4      		in __tmp_reg__,77-32
 2360 0152 07FE      		sbrs __tmp_reg__,7
 2361 0154 00C0      		rjmp .L209
 2362               	.LBE895:
 2363               	.LBE894:
 2364               	.LBE893:
 2365               	.LBE892:
 2366               	.LBB896:
 2367               	.LBB897:
 2368               	.LSM330:
 2369 0156 8091 F100 		lds r24,241
 2370               	.LBE897:
 2371               	.LBE896:
 2372               	.LBB898:
 2373               	.LBB899:
 2374               	.LBB900:
 2375               	.LBB901:
 2376               	.LSM331:
 2377 015a 8EBD      		out 78-32,r24
 2378               	.L210:
 2379               	.LSM332:
 2380 015c 0DB4      		in __tmp_reg__,77-32
 2381 015e 07FE      		sbrs __tmp_reg__,7
 2382 0160 00C0      		rjmp .L210
 2383               	.LBE901:
 2384               	.LBE900:
 2385               	.LBE899:
 2386               	.LBE898:
 2387               	.LBB902:
 2388               	.LBB903:
 2389               	.LSM333:
 2390 0162 8091 F100 		lds r24,241
 2391               	.LBE903:
 2392               	.LBE902:
 2393               	.LBB904:
 2394               	.LBB905:
 2395               	.LBB906:
 2396               	.LBB907:
 2397               	.LSM334:
 2398 0166 8EBD      		out 78-32,r24
 2399               	.L211:
 2400               	.LSM335:
 2401 0168 0DB4      		in __tmp_reg__,77-32
 2402 016a 07FE      		sbrs __tmp_reg__,7
 2403 016c 00C0      		rjmp .L211
 2404               	.LBE907:
 2405               	.LBE906:
 2406               	.LBE905:
 2407               	.LBE904:
 2408               	.LBB908:
 2409               	.LBB909:
 2410               	.LSM336:
 2411 016e 8091 F100 		lds r24,241
 2412               	.LBE909:
 2413               	.LBE908:
 2414               	.LBB910:
 2415               	.LBB911:
 2416               	.LBB912:
 2417               	.LBB913:
 2418               	.LSM337:
 2419 0172 8EBD      		out 78-32,r24
 2420               	.L212:
 2421               	.LSM338:
 2422 0174 0DB4      		in __tmp_reg__,77-32
 2423 0176 07FE      		sbrs __tmp_reg__,7
 2424 0178 00C0      		rjmp .L212
 2425               	.LBE913:
 2426               	.LBE912:
 2427               	.LBE911:
 2428               	.LBE910:
 2429               	.LBB914:
 2430               	.LBB915:
 2431               	.LSM339:
 2432 017a 8091 F100 		lds r24,241
 2433               	.LBE915:
 2434               	.LBE914:
 2435               	.LBB916:
 2436               	.LBB917:
 2437               	.LBB918:
 2438               	.LBB919:
 2439               	.LSM340:
 2440 017e 8EBD      		out 78-32,r24
 2441               	.L213:
 2442               	.LSM341:
 2443 0180 0DB4      		in __tmp_reg__,77-32
 2444 0182 07FE      		sbrs __tmp_reg__,7
 2445 0184 00C0      		rjmp .L213
 2446               	.LBE919:
 2447               	.LBE918:
 2448               	.LBE917:
 2449               	.LBE916:
 2450               	.LBB920:
 2451               	.LBB921:
 2452               	.LSM342:
 2453 0186 8091 F100 		lds r24,241
 2454               	.LBE921:
 2455               	.LBE920:
 2456               	.LBB922:
 2457               	.LBB923:
 2458               	.LBB924:
 2459               	.LBB925:
 2460               	.LSM343:
 2461 018a 8EBD      		out 78-32,r24
 2462               	.L214:
 2463               	.LSM344:
 2464 018c 0DB4      		in __tmp_reg__,77-32
 2465 018e 07FE      		sbrs __tmp_reg__,7
 2466 0190 00C0      		rjmp .L214
 2467               	.LBE925:
 2468               	.LBE924:
 2469               	.LBE923:
 2470               	.LBE922:
 2471               	.LBB926:
 2472               	.LBB927:
 2473               	.LSM345:
 2474 0192 8091 F100 		lds r24,241
 2475               	.LBE927:
 2476               	.LBE926:
 2477               	.LBB928:
 2478               	.LBB929:
 2479               	.LBB930:
 2480               	.LBB931:
 2481               	.LSM346:
 2482 0196 8EBD      		out 78-32,r24
 2483               	.L215:
 2484               	.LSM347:
 2485 0198 0DB4      		in __tmp_reg__,77-32
 2486 019a 07FE      		sbrs __tmp_reg__,7
 2487 019c 00C0      		rjmp .L215
 2488               	.LBE931:
 2489               	.LBE930:
 2490               	.LBE929:
 2491               	.LBE928:
 2492               	.LBB932:
 2493               	.LBB933:
 2494               	.LSM348:
 2495 019e 8091 F100 		lds r24,241
 2496               	.LBE933:
 2497               	.LBE932:
 2498               	.LBB934:
 2499               	.LBB935:
 2500               	.LBB936:
 2501               	.LBB937:
 2502               	.LSM349:
 2503 01a2 8EBD      		out 78-32,r24
 2504               	.L216:
 2505               	.LSM350:
 2506 01a4 0DB4      		in __tmp_reg__,77-32
 2507 01a6 07FE      		sbrs __tmp_reg__,7
 2508 01a8 00C0      		rjmp .L216
 2509               	.LBE937:
 2510               	.LBE936:
 2511               	.LBE935:
 2512               	.LBE934:
 2513               	.LBB938:
 2514               	.LBB939:
 2515               	.LSM351:
 2516 01aa 8091 F100 		lds r24,241
 2517               	.LBE939:
 2518               	.LBE938:
 2519               	.LBB940:
 2520               	.LBB941:
 2521               	.LBB942:
 2522               	.LBB943:
 2523               	.LSM352:
 2524 01ae 8EBD      		out 78-32,r24
 2525               	.L217:
 2526               	.LSM353:
 2527 01b0 0DB4      		in __tmp_reg__,77-32
 2528 01b2 07FE      		sbrs __tmp_reg__,7
 2529 01b4 00C0      		rjmp .L217
 2530               	.LBE943:
 2531               	.LBE942:
 2532               	.LBE941:
 2533               	.LBE940:
 2534               	.LBB944:
 2535               	.LBB945:
 2536               	.LSM354:
 2537 01b6 8091 F100 		lds r24,241
 2538               	.LBE945:
 2539               	.LBE944:
 2540               	.LBB946:
 2541               	.LBB947:
 2542               	.LBB948:
 2543               	.LBB949:
 2544               	.LSM355:
 2545 01ba 8EBD      		out 78-32,r24
 2546               	.L218:
 2547               	.LSM356:
 2548 01bc 0DB4      		in __tmp_reg__,77-32
 2549 01be 07FE      		sbrs __tmp_reg__,7
 2550 01c0 00C0      		rjmp .L218
 2551               	.LBE949:
 2552               	.LBE948:
 2553               	.LBE947:
 2554               	.LBE946:
 2555               	.LBB950:
 2556               	.LBB951:
 2557               	.LSM357:
 2558 01c2 8091 F100 		lds r24,241
 2559               	.LBE951:
 2560               	.LBE950:
 2561               	.LBB952:
 2562               	.LBB953:
 2563               	.LBB954:
 2564               	.LBB955:
 2565               	.LSM358:
 2566 01c6 8EBD      		out 78-32,r24
 2567               	.L219:
 2568               	.LSM359:
 2569 01c8 0DB4      		in __tmp_reg__,77-32
 2570 01ca 07FE      		sbrs __tmp_reg__,7
 2571 01cc 00C0      		rjmp .L219
 2572               	.LBE955:
 2573               	.LBE954:
 2574               	.LBE953:
 2575               	.LBE952:
 2576               	.LBB956:
 2577               	.LBB957:
 2578               	.LSM360:
 2579 01ce 8091 F100 		lds r24,241
 2580               	.LBE957:
 2581               	.LBE956:
 2582               	.LBB958:
 2583               	.LBB959:
 2584               	.LBB960:
 2585               	.LBB961:
 2586               	.LSM361:
 2587 01d2 8EBD      		out 78-32,r24
 2588               	.L220:
 2589               	.LSM362:
 2590 01d4 0DB4      		in __tmp_reg__,77-32
 2591 01d6 07FE      		sbrs __tmp_reg__,7
 2592 01d8 00C0      		rjmp .L220
 2593               	.LBE961:
 2594               	.LBE960:
 2595               	.LBE959:
 2596               	.LBE958:
 2597               	.LBB962:
 2598               	.LBB963:
 2599               	.LSM363:
 2600 01da 8091 F100 		lds r24,241
 2601               	.LBE963:
 2602               	.LBE962:
 2603               	.LBB964:
 2604               	.LBB965:
 2605               	.LBB966:
 2606               	.LBB967:
 2607               	.LSM364:
 2608 01de 8EBD      		out 78-32,r24
 2609               	.L221:
 2610               	.LSM365:
 2611 01e0 0DB4      		in __tmp_reg__,77-32
 2612 01e2 07FE      		sbrs __tmp_reg__,7
 2613 01e4 00C0      		rjmp .L221
 2614               	.LBE967:
 2615               	.LBE966:
 2616               	.LBE965:
 2617               	.LBE964:
 2618               	.LBB968:
 2619               	.LBB969:
 2620               	.LSM366:
 2621 01e6 8091 F100 		lds r24,241
 2622               	.LBE969:
 2623               	.LBE968:
 2624               	.LBB970:
 2625               	.LBB971:
 2626               	.LBB972:
 2627               	.LBB973:
 2628               	.LSM367:
 2629 01ea 8EBD      		out 78-32,r24
 2630               	.L222:
 2631               	.LSM368:
 2632 01ec 0DB4      		in __tmp_reg__,77-32
 2633 01ee 07FE      		sbrs __tmp_reg__,7
 2634 01f0 00C0      		rjmp .L222
 2635               	.LBE973:
 2636               	.LBE972:
 2637               	.LBE971:
 2638               	.LBE970:
 2639               	.LBB974:
 2640               	.LBB975:
 2641               	.LSM369:
 2642 01f2 8091 F100 		lds r24,241
 2643               	.LBE975:
 2644               	.LBE974:
 2645               	.LBB976:
 2646               	.LBB977:
 2647               	.LBB978:
 2648               	.LBB979:
 2649               	.LSM370:
 2650 01f6 8EBD      		out 78-32,r24
 2651               	.L223:
 2652               	.LSM371:
 2653 01f8 0DB4      		in __tmp_reg__,77-32
 2654 01fa 07FE      		sbrs __tmp_reg__,7
 2655 01fc 00C0      		rjmp .L223
 2656               	.LBE979:
 2657               	.LBE978:
 2658               	.LBE977:
 2659               	.LBE976:
 2660               	.LBB980:
 2661               	.LBB981:
 2662               	.LSM372:
 2663 01fe 8091 F100 		lds r24,241
 2664               	.LBE981:
 2665               	.LBE980:
 2666               	.LBB982:
 2667               	.LBB983:
 2668               	.LBB984:
 2669               	.LBB985:
 2670               	.LSM373:
 2671 0202 8EBD      		out 78-32,r24
 2672               	.L224:
 2673               	.LSM374:
 2674 0204 0DB4      		in __tmp_reg__,77-32
 2675 0206 07FE      		sbrs __tmp_reg__,7
 2676 0208 00C0      		rjmp .L224
 2677               	.LBE985:
 2678               	.LBE984:
 2679               	.LBE983:
 2680               	.LBE982:
 2681               	.LSM375:
 2682 020a 8091 0000 		lds r24,IsMassStoreReset
 2683 020e 8823      		tst r24
 2684 0210 01F4      		brne .L231
 2685               	.LSM376:
 2686 0212 9F5F      		subi r25,lo8(-(1))
 2687               	.LSM377:
 2688 0214 C394      		inc r12
 2689               	.LSM378:
 2690 0216 30E2      		ldi r19,lo8(32)
 2691 0218 C316      		cp r12,r19
 2692 021a 01F0      		breq .+2
 2693 021c 00C0      		rjmp .L225
 2694               	.LSM379:
 2695 021e 0894      		sec
 2696 0220 E108      		sbc r14,__zero_reg__
 2697 0222 F108      		sbc r15,__zero_reg__
 2698 0224 E0EE      		ldi r30,lo8(-32)
 2699 0226 FFEF      		ldi r31,hi8(-32)
 2700 0228 AE0E      		add r10,r30
 2701 022a BF1E      		adc r11,r31
 2702               	.LVL84:
 2703               	.L195:
 2704               	.LBE871:
 2705               	.LSM380:
 2706 022c E114      		cp r14,__zero_reg__
 2707 022e F104      		cpc r15,__zero_reg__
 2708 0230 01F0      		breq .+2
 2709 0232 00C0      		rjmp .L226
 2710               	.LSM381:
 2711 0234 0E94 0000 		call Dataflash_WaitWhileBusy
 2712               	.LVL85:
 2713               	.LSM382:
 2714 0238 DD20      		tst r13
 2715 023a 01F4      		brne .L227
 2716 023c 83E8      		ldi r24,lo8(-125)
 2717 023e 00C0      		rjmp .L228
 2718               	.L227:
 2719 0240 86E8      		ldi r24,lo8(-122)
 2720               	.L228:
 2721               	.LBB986:
 2722               	.LBB987:
 2723               	.LBB988:
 2724               	.LBB989:
 2725               	.LSM383:
 2726 0242 8EBD      		out 78-32,r24
 2727               	.L229:
 2728               	.LSM384:
 2729 0244 0DB4      		in __tmp_reg__,77-32
 2730 0246 07FE      		sbrs __tmp_reg__,7
 2731 0248 00C0      		rjmp .L229
 2732               	.LBE989:
 2733               	.LBE988:
 2734               	.LBE987:
 2735               	.LBE986:
 2736               	.LSM385:
 2737 024a C801      		movw r24,r16
 2738 024c 60E0      		ldi r22,lo8(0)
 2739 024e 70E0      		ldi r23,hi8(0)
 2740 0250 0E94 0000 		call Dataflash_SendAddressBytes
 2741               	.LSM386:
 2742 0254 0E94 0000 		call Dataflash_WaitWhileBusy
 2743               	.LBB990:
 2744               	.LBB991:
 2745               	.LSM387:
 2746 0258 8091 E800 		lds r24,232
 2747               	.LBE991:
 2748               	.LBE990:
 2749               	.LSM388:
 2750 025c 85FD      		sbrc r24,5
 2751 025e 00C0      		rjmp .L230
 2752               	.LBB992:
 2753               	.LBB993:
 2754               	.LSM389:
 2755 0260 8091 E800 		lds r24,232
 2756 0264 8B77      		andi r24,lo8(123)
 2757 0266 8093 E800 		sts 232,r24
 2758               	.L230:
 2759               	.LBE993:
 2760               	.LBE992:
 2761               	.LBB994:
 2762               	.LBB995:
 2763               	.LBB996:
 2764               	.LBB997:
 2765               	.LSM390:
 2766 026a 8EB1      		in r24,46-32
 2767 026c 8360      		ori r24,lo8(3)
 2768 026e 8EB9      		out 46-32,r24
 2769               	.LVL86:
 2770               	.L231:
 2771               	/* epilogue start */
 2772               	.LBE997:
 2773               	.LBE996:
 2774               	.LBE995:
 2775               	.LBE994:
 2776               	.LSM391:
 2777 0270 0F90      		pop __tmp_reg__
 2778 0272 CF91      		pop r28
 2779 0274 DF91      		pop r29
 2780 0276 1F91      		pop r17
 2781 0278 0F91      		pop r16
 2782               	.LVL87:
 2783 027a FF90      		pop r15
 2784 027c EF90      		pop r14
 2785               	.LVL88:
 2786 027e DF90      		pop r13
 2787               	.LVL89:
 2788 0280 CF90      		pop r12
 2789               	.LVL90:
 2790 0282 BF90      		pop r11
 2791 0284 AF90      		pop r10
 2792 0286 0895      		ret
 2793               	.LFE120:
 2891               	.Letext0:
DEFINED SYMBOLS
                            *ABS*:00000000 DataflashManager.c
C:\Users\Eddie\AppData\Local\Temp/cccEMpxL.s:2      *ABS*:0000003f __SREG__
C:\Users\Eddie\AppData\Local\Temp/cccEMpxL.s:3      *ABS*:0000003e __SP_H__
C:\Users\Eddie\AppData\Local\Temp/cccEMpxL.s:4      *ABS*:0000003d __SP_L__
C:\Users\Eddie\AppData\Local\Temp/cccEMpxL.s:5      *ABS*:00000034 __CCP__
C:\Users\Eddie\AppData\Local\Temp/cccEMpxL.s:6      *ABS*:00000000 __tmp_reg__
C:\Users\Eddie\AppData\Local\Temp/cccEMpxL.s:7      *ABS*:00000001 __zero_reg__
C:\Users\Eddie\AppData\Local\Temp/cccEMpxL.s:18     .text.Dataflash_SelectChipFromPage:00000000 Dataflash_SelectChipFromPage
C:\Users\Eddie\AppData\Local\Temp/cccEMpxL.s:71     .text.Dataflash_ToggleSelectedChipCS:00000000 Dataflash_ToggleSelectedChipCS
C:\Users\Eddie\AppData\Local\Temp/cccEMpxL.s:110    .text.Dataflash_WaitWhileBusy:00000000 Dataflash_WaitWhileBusy
C:\Users\Eddie\AppData\Local\Temp/cccEMpxL.s:162    .text.Dataflash_SendAddressBytes:00000000 Dataflash_SendAddressBytes
C:\Users\Eddie\AppData\Local\Temp/cccEMpxL.s:241    .text.DataflashManager_WriteBlocks_RAM:00000000 DataflashManager_WriteBlocks_RAM
C:\Users\Eddie\AppData\Local\Temp/cccEMpxL.s:621    .text.DataflashManager_ReadBlocks_RAM:00000000 DataflashManager_ReadBlocks_RAM
C:\Users\Eddie\AppData\Local\Temp/cccEMpxL.s:962    .text.DataflashManager_ResetDataflashProtections:00000000 DataflashManager_ResetDataflashProtections
C:\Users\Eddie\AppData\Local\Temp/cccEMpxL.s:1209   .text.DataflashManager_CheckDataflashOperation:00000000 DataflashManager_CheckDataflashOperation
C:\Users\Eddie\AppData\Local\Temp/cccEMpxL.s:1342   .text.DataflashManager_ReadBlocks:00000000 DataflashManager_ReadBlocks
C:\Users\Eddie\AppData\Local\Temp/cccEMpxL.s:2070   .text.DataflashManager_WriteBlocks:00000000 DataflashManager_WriteBlocks

UNDEFINED SYMBOLS
Endpoint_WaitUntilReady
IsMassStoreReset
