   1               		.file	"Descriptors.c"
   2               	__SREG__ = 0x3f
   3               	__SP_H__ = 0x3e
   4               	__SP_L__ = 0x3d
   5               	__CCP__  = 0x34
   6               	__tmp_reg__ = 0
   7               	__zero_reg__ = 1
  15               	.Ltext0:
  16               		.section	.text.CALLBACK_USB_GetDescriptor,"ax",@progbits
  17               	.global	CALLBACK_USB_GetDescriptor
  19               	CALLBACK_USB_GetDescriptor:
  20               	.LFB96:
  21               	.LSM0:
  22               	.LVL0:
  23               	/* prologue: function */
  24               	/* frame size = 0 */
  25 0000 DA01      		movw r26,r20
  26               	.LSM1:
  27 0002 9330      		cpi r25,lo8(3)
  28               	.LVL1:
  29 0004 01F0      		breq .L5
  30               	.LVL2:
  31 0006 9430      		cpi r25,lo8(4)
  32 0008 00F4      		brsh .L8
  33 000a 9130      		cpi r25,lo8(1)
  34 000c 01F0      		breq .L3
  35 000e 9230      		cpi r25,lo8(2)
  36 0010 01F4      		brne .L2
  37 0012 00C0      		rjmp .L15
  38               	.L8:
  39 0014 9132      		cpi r25,lo8(33)
  40 0016 01F0      		breq .L6
  41 0018 9232      		cpi r25,lo8(34)
  42 001a 01F4      		brne .L2
  43 001c 00C0      		rjmp .L16
  44               	.L3:
  45 001e E0E0      		ldi r30,lo8(DeviceDescriptor)
  46 0020 F0E0      		ldi r31,hi8(DeviceDescriptor)
  47               	.LVL3:
  48 0022 22E1      		ldi r18,lo8(18)
  49 0024 30E0      		ldi r19,hi8(18)
  50               	.LVL4:
  51 0026 00C0      		rjmp .L9
  52               	.LVL5:
  53               	.L15:
  54 0028 E0E0      		ldi r30,lo8(ConfigurationDescriptor)
  55 002a F0E0      		ldi r31,hi8(ConfigurationDescriptor)
  56               	.LVL6:
  57 002c 22E2      		ldi r18,lo8(34)
  58 002e 30E0      		ldi r19,hi8(34)
  59               	.LVL7:
  60 0030 00C0      		rjmp .L9
  61               	.LVL8:
  62               	.L5:
  63               	.LSM2:
  64 0032 8130      		cpi r24,lo8(1)
  65 0034 01F0      		breq .L11
  66 0036 8130      		cpi r24,lo8(1)
  67 0038 00F0      		brlo .L10
  68 003a 8230      		cpi r24,lo8(2)
  69 003c 01F4      		brne .L2
  70 003e 00C0      		rjmp .L17
  71               	.L10:
  72               	.LBB2:
  73               	.LSM3:
  74 0040 E0E0      		ldi r30,lo8(LanguageString)
  75 0042 F0E0      		ldi r31,hi8(LanguageString)
  76               	/* #APP */
  77               	 ;  210 "Descriptors.c" 1
  78 0044 8491      		lpm r24, Z
  79               		
  80               	 ;  0 "" 2
  81               	.LVL9:
  82               	/* #NOAPP */
  83 0046 00C0      		rjmp .L14
  84               	.LVL10:
  85               	.L11:
  86               	.LBE2:
  87               	.LBB3:
  88               	.LSM4:
  89 0048 E0E0      		ldi r30,lo8(ManufacturerString)
  90 004a F0E0      		ldi r31,hi8(ManufacturerString)
  91               	/* #APP */
  92               	 ;  214 "Descriptors.c" 1
  93 004c 8491      		lpm r24, Z
  94               		
  95               	 ;  0 "" 2
  96               	.LVL11:
  97               	/* #NOAPP */
  98               	.L14:
  99               	.LBE3:
 100 004e 282F      		mov r18,r24
 101               	.LVL12:
 102 0050 30E0      		ldi r19,lo8(0)
 103               	.LVL13:
 104 0052 00C0      		rjmp .L9
 105               	.LVL14:
 106               	.L17:
 107               	.LBB4:
 108               	.LSM5:
 109 0054 E0E0      		ldi r30,lo8(ProductString)
 110 0056 F0E0      		ldi r31,hi8(ProductString)
 111               	/* #APP */
 112               	 ;  218 "Descriptors.c" 1
 113 0058 8491      		lpm r24, Z
 114               		
 115               	 ;  0 "" 2
 116               	.LVL15:
 117               	/* #NOAPP */
 118 005a 00C0      		rjmp .L14
 119               	.LVL16:
 120               	.L6:
 121               	.LBE4:
 122 005c E0E0      		ldi r30,lo8(ConfigurationDescriptor+18)
 123 005e F0E0      		ldi r31,hi8(ConfigurationDescriptor+18)
 124               	.LVL17:
 125 0060 29E0      		ldi r18,lo8(9)
 126 0062 30E0      		ldi r19,hi8(9)
 127               	.LVL18:
 128 0064 00C0      		rjmp .L9
 129               	.LVL19:
 130               	.L16:
 131               	.LSM6:
 132 0066 E0E0      		ldi r30,lo8(JoystickReport)
 133 0068 F0E0      		ldi r31,hi8(JoystickReport)
 134               	.LVL20:
 135 006a 28E3      		ldi r18,lo8(56)
 136 006c 30E0      		ldi r19,hi8(56)
 137               	.LVL21:
 138 006e 00C0      		rjmp .L9
 139               	.LVL22:
 140               	.L2:
 141 0070 E0E0      		ldi r30,lo8(0)
 142 0072 F0E0      		ldi r31,hi8(0)
 143               	.LVL23:
 144 0074 20E0      		ldi r18,lo8(0)
 145 0076 30E0      		ldi r19,hi8(0)
 146               	.LVL24:
 147               	.L9:
 148               	.LSM7:
 149 0078 ED93      		st X+,r30
 150 007a FC93      		st X,r31
 151               	.LSM8:
 152 007c C901      		movw r24,r18
 153               	.LVL25:
 154               	/* epilogue start */
 155 007e 0895      		ret
 156               	.LFE96:
 158               	.global	JoystickReport
 159               		.section	.progmem.data,"a",@progbits
 162               	JoystickReport:
 163 0000 05        		.byte	5
 164 0001 01        		.byte	1
 165 0002 09        		.byte	9
 166 0003 04        		.byte	4
 167 0004 A1        		.byte	-95
 168 0005 01        		.byte	1
 169 0006 09        		.byte	9
 170 0007 01        		.byte	1
 171 0008 A1        		.byte	-95
 172 0009 00        		.byte	0
 173 000a 19        		.byte	25
 174 000b 30        		.byte	48
 175 000c 29        		.byte	41
 176 000d 31        		.byte	49
 177 000e 16        		.byte	22
 178 000f 9C        		.byte	-100
 179 0010 FF        		.byte	-1
 180 0011 26        		.byte	38
 181 0012 64        		.byte	100
 182 0013 00        		.byte	0
 183 0014 36        		.byte	54
 184 0015 FF        		.byte	-1
 185 0016 FF        		.byte	-1
 186 0017 46        		.byte	70
 187 0018 01        		.byte	1
 188 0019 00        		.byte	0
 189 001a 95        		.byte	-107
 190 001b 02        		.byte	2
 191 001c 75        		.byte	117
 192 001d 08        		.byte	8
 193 001e 81        		.byte	-127
 194 001f 02        		.byte	2
 195 0020 C0        		.byte	-64
 196 0021 05        		.byte	5
 197 0022 09        		.byte	9
 198 0023 19        		.byte	25
 199 0024 01        		.byte	1
 200 0025 29        		.byte	41
 201 0026 02        		.byte	2
 202 0027 15        		.byte	21
 203 0028 00        		.byte	0
 204 0029 25        		.byte	37
 205 002a 01        		.byte	1
 206 002b 75        		.byte	117
 207 002c 01        		.byte	1
 208 002d 95        		.byte	-107
 209 002e 02        		.byte	2
 210 002f 81        		.byte	-127
 211 0030 02        		.byte	2
 212 0031 75        		.byte	117
 213 0032 06        		.byte	6
 214 0033 95        		.byte	-107
 215 0034 01        		.byte	1
 216 0035 81        		.byte	-127
 217 0036 01        		.byte	1
 218 0037 C0        		.byte	-64
 219               	.global	DeviceDescriptor
 222               	DeviceDescriptor:
 223 0038 12        		.byte	18
 224 0039 01        		.byte	1
 225 003a 1001      		.word	272
 226 003c 00        		.byte	0
 227 003d 00        		.byte	0
 228 003e 00        		.byte	0
 229 003f 08        		.byte	8
 230 0040 EB03      		.word	1003
 231 0042 4320      		.word	8259
 232 0044 0100      		.word	1
 233 0046 01        		.byte	1
 234 0047 02        		.byte	2
 235 0048 00        		.byte	0
 236 0049 01        		.byte	1
 237               	.global	ConfigurationDescriptor
 240               	ConfigurationDescriptor:
 241 004a 09        		.byte	9
 242 004b 02        		.byte	2
 243 004c 2200      		.word	34
 244 004e 01        		.byte	1
 245 004f 01        		.byte	1
 246 0050 00        		.byte	0
 247 0051 C0        		.byte	-64
 248 0052 32        		.byte	50
 249 0053 09        		.byte	9
 250 0054 04        		.byte	4
 251 0055 00        		.byte	0
 252 0056 00        		.byte	0
 253 0057 01        		.byte	1
 254 0058 03        		.byte	3
 255 0059 00        		.byte	0
 256 005a 00        		.byte	0
 257 005b 00        		.byte	0
 258 005c 09        		.byte	9
 259 005d 21        		.byte	33
 260 005e 1101      		.word	273
 261 0060 00        		.byte	0
 262 0061 01        		.byte	1
 263 0062 22        		.byte	34
 264 0063 3800      		.word	56
 265 0065 07        		.byte	7
 266 0066 05        		.byte	5
 267 0067 81        		.byte	-127
 268 0068 03        		.byte	3
 269 0069 0800      		.word	8
 270 006b 01        		.byte	1
 271               	.global	LanguageString
 274               	LanguageString:
 275 006c 04        		.byte	4
 276 006d 03        		.byte	3
 277 006e 0904      		.word	1033
 278               	.global	ManufacturerString
 281               	ManufacturerString:
 282 0070 18        		.byte	24
 283 0071 03        		.byte	3
 284 0072 4400      		.string	"D"
 285 0074 6500      		.string	"e"
 286 0076 6100      		.string	"a"
 287 0078 6E00      		.string	"n"
 288 007a 2000      		.string	" "
 289 007c 4300      		.string	"C"
 290 007e 6100      		.string	"a"
 291 0080 6D00      		.string	"m"
 292 0082 6500      		.string	"e"
 293 0084 7200      		.string	"r"
 294 0086 6100      		.string	"a"
 295 0088 00        		.string	""
 296 0089 00        		.string	""
 297               	.global	ProductString
 300               	ProductString:
 301 008a 26        		.byte	38
 302 008b 03        		.byte	3
 303 008c 4C00      		.string	"L"
 304 008e 5500      		.string	"U"
 305 0090 4600      		.string	"F"
 306 0092 4100      		.string	"A"
 307 0094 2000      		.string	" "
 308 0096 4A00      		.string	"J"
 309 0098 6F00      		.string	"o"
 310 009a 7900      		.string	"y"
 311 009c 7300      		.string	"s"
 312 009e 7400      		.string	"t"
 313 00a0 6900      		.string	"i"
 314 00a2 6300      		.string	"c"
 315 00a4 6B00      		.string	"k"
 316 00a6 2000      		.string	" "
 317 00a8 4400      		.string	"D"
 318 00aa 6500      		.string	"e"
 319 00ac 6D00      		.string	"m"
 320 00ae 6F00      		.string	"o"
 321 00b0 00        		.string	""
 322 00b1 00        		.string	""
 347               	.Letext0:
DEFINED SYMBOLS
                            *ABS*:00000000 Descriptors.c
C:\Users\Eddie\AppData\Local\Temp/ccuuRdpy.s:2      *ABS*:0000003f __SREG__
C:\Users\Eddie\AppData\Local\Temp/ccuuRdpy.s:3      *ABS*:0000003e __SP_H__
C:\Users\Eddie\AppData\Local\Temp/ccuuRdpy.s:4      *ABS*:0000003d __SP_L__
C:\Users\Eddie\AppData\Local\Temp/ccuuRdpy.s:5      *ABS*:00000034 __CCP__
C:\Users\Eddie\AppData\Local\Temp/ccuuRdpy.s:6      *ABS*:00000000 __tmp_reg__
C:\Users\Eddie\AppData\Local\Temp/ccuuRdpy.s:7      *ABS*:00000001 __zero_reg__
C:\Users\Eddie\AppData\Local\Temp/ccuuRdpy.s:19     .text.CALLBACK_USB_GetDescriptor:00000000 CALLBACK_USB_GetDescriptor
C:\Users\Eddie\AppData\Local\Temp/ccuuRdpy.s:222    .progmem.data:00000038 DeviceDescriptor
C:\Users\Eddie\AppData\Local\Temp/ccuuRdpy.s:240    .progmem.data:0000004a ConfigurationDescriptor
C:\Users\Eddie\AppData\Local\Temp/ccuuRdpy.s:274    .progmem.data:0000006c LanguageString
C:\Users\Eddie\AppData\Local\Temp/ccuuRdpy.s:281    .progmem.data:00000070 ManufacturerString
C:\Users\Eddie\AppData\Local\Temp/ccuuRdpy.s:300    .progmem.data:0000008a ProductString
C:\Users\Eddie\AppData\Local\Temp/ccuuRdpy.s:162    .progmem.data:00000000 JoystickReport

NO UNDEFINED SYMBOLS
