   1               		.file	"CDC.c"
   2               	__SREG__ = 0x3f
   3               	__SP_H__ = 0x3e
   4               	__SP_L__ = 0x3d
   5               	__CCP__  = 0x34
   6               	__tmp_reg__ = 0
   7               	__zero_reg__ = 1
  15               	.Ltext0:
  16               		.section	.text.CDC_Device_BytesReceived,"ax",@progbits
  17               	.global	CDC_Device_BytesReceived
  19               	CDC_Device_BytesReceived:
  20               	.LFB103:
  21               	.LSM0:
  22               	.LVL0:
  23               	/* prologue: function */
  24               	/* frame size = 0 */
  25 0000 FC01      		movw r30,r24
  26               	.LSM1:
  27 0002 8EB3      		in r24,62-32
  28               	.LVL1:
  29 0004 8430      		cpi r24,lo8(4)
  30 0006 01F4      		brne .L2
  31 0008 8785      		ldd r24,Z+15
  32 000a 9089      		ldd r25,Z+16
  33 000c A189      		ldd r26,Z+17
  34 000e B289      		ldd r27,Z+18
  35 0010 0097      		sbiw r24,0
  36 0012 A105      		cpc r26,__zero_reg__
  37 0014 B105      		cpc r27,__zero_reg__
  38 0016 01F0      		breq .L2
  39               	.LSM2:
  40 0018 8581      		ldd r24,Z+5
  41               	.LBB89:
  42               	.LBB90:
  43               	.LSM3:
  44 001a 8093 E900 		sts 233,r24
  45               	.LBE90:
  46               	.LBE89:
  47               	.LBB91:
  48               	.LBB92:
  49               	.LSM4:
  50 001e 8091 E800 		lds r24,232
  51               	.LBE92:
  52               	.LBE91:
  53               	.LSM5:
  54 0022 82FF      		sbrs r24,2
  55 0024 00C0      		rjmp .L2
  56               	.LBB93:
  57               	.LBB94:
  58               	.LSM6:
  59 0026 8091 F200 		lds r24,242
  60 002a 9091 F300 		lds r25,(242)+1
  61               	.LBE94:
  62               	.LBE93:
  63               	.LSM7:
  64 002e 892B      		or r24,r25
  65 0030 01F4      		brne .L3
  66               	.LBB95:
  67               	.LBB96:
  68               	.LSM8:
  69 0032 8091 E800 		lds r24,232
  70 0036 8B77      		andi r24,lo8(123)
  71 0038 8093 E800 		sts 232,r24
  72 003c 80E0      		ldi r24,lo8(0)
  73 003e 90E0      		ldi r25,hi8(0)
  74 0040 0895      		ret
  75               	.L3:
  76               	.LBE96:
  77               	.LBE95:
  78               	.LBB97:
  79               	.LBB98:
  80               	.LSM9:
  81 0042 8091 F200 		lds r24,242
  82 0046 9091 F300 		lds r25,(242)+1
  83 004a 0895      		ret
  84               	.L2:
  85               	.LSM10:
  86 004c 80E0      		ldi r24,lo8(0)
  87 004e 90E0      		ldi r25,hi8(0)
  88               	.LBE98:
  89               	.LBE97:
  90               	.LSM11:
  91 0050 0895      		ret
  92               	.LFE103:
  94               		.section	.text.CDC_Device_ReceiveByte,"ax",@progbits
  95               	.global	CDC_Device_ReceiveByte
  97               	CDC_Device_ReceiveByte:
  98               	.LFB104:
  99               	.LSM12:
 100               	.LVL2:
 101               	/* prologue: function */
 102               	/* frame size = 0 */
 103 0000 FC01      		movw r30,r24
 104               	.LSM13:
 105 0002 8EB3      		in r24,62-32
 106               	.LVL3:
 107 0004 8430      		cpi r24,lo8(4)
 108 0006 01F4      		brne .L7
 109 0008 8785      		ldd r24,Z+15
 110 000a 9089      		ldd r25,Z+16
 111 000c A189      		ldd r26,Z+17
 112 000e B289      		ldd r27,Z+18
 113 0010 0097      		sbiw r24,0
 114 0012 A105      		cpc r26,__zero_reg__
 115 0014 B105      		cpc r27,__zero_reg__
 116 0016 01F0      		breq .L7
 117               	.LSM14:
 118 0018 8581      		ldd r24,Z+5
 119               	.LBB99:
 120               	.LBB100:
 121               	.LSM15:
 122 001a 8093 E900 		sts 233,r24
 123               	.LBE100:
 124               	.LBE99:
 125               	.LBB101:
 126               	.LBB102:
 127               	.LSM16:
 128 001e 8091 E800 		lds r24,232
 129               	.LBE102:
 130               	.LBE101:
 131               	.LSM17:
 132 0022 82FF      		sbrs r24,2
 133 0024 00C0      		rjmp .L7
 134               	.L8:
 135               	.LBB103:
 136               	.LBB104:
 137               	.LSM18:
 138 0026 8091 F200 		lds r24,242
 139 002a 9091 F300 		lds r25,(242)+1
 140               	.LBE104:
 141               	.LBE103:
 142               	.LSM19:
 143 002e 892B      		or r24,r25
 144 0030 01F4      		brne .L10
 145 0032 2FEF      		ldi r18,lo8(-1)
 146 0034 3FEF      		ldi r19,hi8(-1)
 147               	.LVL4:
 148 0036 00C0      		rjmp .L11
 149               	.LVL5:
 150               	.L10:
 151               	.LBB105:
 152               	.LBB106:
 153               	.LSM20:
 154 0038 8091 F100 		lds r24,241
 155               	.LBE106:
 156               	.LBE105:
 157               	.LSM21:
 158 003c 282F      		mov r18,r24
 159               	.LVL6:
 160 003e 30E0      		ldi r19,lo8(0)
 161               	.LVL7:
 162               	.L11:
 163               	.LBB107:
 164               	.LBB108:
 165               	.LSM22:
 166 0040 8091 F200 		lds r24,242
 167 0044 9091 F300 		lds r25,(242)+1
 168               	.LBE108:
 169               	.LBE107:
 170               	.LSM23:
 171 0048 892B      		or r24,r25
 172 004a 01F4      		brne .L9
 173               	.LBB109:
 174               	.LBB110:
 175               	.LSM24:
 176 004c 8091 E800 		lds r24,232
 177 0050 8B77      		andi r24,lo8(123)
 178 0052 8093 E800 		sts 232,r24
 179 0056 00C0      		rjmp .L9
 180               	.LVL8:
 181               	.L7:
 182 0058 2FEF      		ldi r18,lo8(-1)
 183 005a 3FEF      		ldi r19,hi8(-1)
 184               	.LVL9:
 185               	.L9:
 186               	.LBE110:
 187               	.LBE109:
 188               	.LSM25:
 189 005c C901      		movw r24,r18
 190               	/* epilogue start */
 191 005e 0895      		ret
 192               	.LFE104:
 194               		.section	.text.CDC_Device_CreateStream,"ax",@progbits
 195               	.global	CDC_Device_CreateStream
 197               	CDC_Device_CreateStream:
 198               	.LFB106:
 199               	.LSM26:
 200               	.LVL10:
 201               	/* prologue: function */
 202               	/* frame size = 0 */
 203 0000 FB01      		movw r30,r22
 204               	.LSM27:
 205 0002 2EE0      		ldi r18,lo8(14)
 206 0004 DB01      		movw r26,r22
 207 0006 1D92      		st X+,__zero_reg__
 208 0008 2A95      	        dec r18
 209 000a 01F4      		brne .-6
 210 000c 23E0      		ldi r18,lo8(3)
 211 000e 2383      		std Z+3,r18
 212 0010 20E0      		ldi r18,lo8(gs(CDC_Device_putchar))
 213 0012 30E0      		ldi r19,hi8(gs(CDC_Device_putchar))
 214 0014 3187      		std Z+9,r19
 215 0016 2087      		std Z+8,r18
 216 0018 20E0      		ldi r18,lo8(gs(CDC_Device_getchar))
 217 001a 30E0      		ldi r19,hi8(gs(CDC_Device_getchar))
 218 001c 3387      		std Z+11,r19
 219 001e 2287      		std Z+10,r18
 220               	.LSM28:
 221 0020 9587      		std Z+13,r25
 222 0022 8487      		std Z+12,r24
 223               	/* epilogue start */
 224               	.LSM29:
 225 0024 0895      		ret
 226               	.LFE106:
 228               		.section	.text.CDC_Device_CreateBlockingStream,"ax",@progbits
 229               	.global	CDC_Device_CreateBlockingStream
 231               	CDC_Device_CreateBlockingStream:
 232               	.LFB107:
 233               	.LSM30:
 234               	.LVL11:
 235               	/* prologue: function */
 236               	/* frame size = 0 */
 237 0000 FB01      		movw r30,r22
 238               	.LSM31:
 239 0002 2EE0      		ldi r18,lo8(14)
 240 0004 DB01      		movw r26,r22
 241 0006 1D92      		st X+,__zero_reg__
 242 0008 2A95      	        dec r18
 243 000a 01F4      		brne .-6
 244 000c 23E0      		ldi r18,lo8(3)
 245 000e 2383      		std Z+3,r18
 246 0010 20E0      		ldi r18,lo8(gs(CDC_Device_putchar))
 247 0012 30E0      		ldi r19,hi8(gs(CDC_Device_putchar))
 248 0014 3187      		std Z+9,r19
 249 0016 2087      		std Z+8,r18
 250 0018 20E0      		ldi r18,lo8(gs(CDC_Device_getchar_Blocking))
 251 001a 30E0      		ldi r19,hi8(gs(CDC_Device_getchar_Blocking))
 252 001c 3387      		std Z+11,r19
 253 001e 2287      		std Z+10,r18
 254               	.LSM32:
 255 0020 9587      		std Z+13,r25
 256 0022 8487      		std Z+12,r24
 257               	/* epilogue start */
 258               	.LSM33:
 259 0024 0895      		ret
 260               	.LFE107:
 262               		.section	.text.CDC_Device_getchar,"ax",@progbits
 264               	CDC_Device_getchar:
 265               	.LFB109:
 266               	.LSM34:
 267               	.LVL12:
 268               	/* prologue: function */
 269               	/* frame size = 0 */
 270               	.LSM35:
 271 0000 FC01      		movw r30,r24
 272 0002 8485      		ldd r24,Z+12
 273 0004 9585      		ldd r25,Z+13
 274               	.LVL13:
 275 0006 0E94 0000 		call CDC_Device_ReceiveByte
 276               	.LSM36:
 277 000a 97FF      		sbrs r25,7
 278 000c 00C0      		rjmp .L18
 279               	.LVL14:
 280 000e 8EEF      		ldi r24,lo8(-2)
 281 0010 9FEF      		ldi r25,hi8(-2)
 282               	.L18:
 283               	.LVL15:
 284               	.LSM37:
 285 0012 0895      		ret
 286               	.LFE109:
 288               		.section	.text.CDC_Device_Event_Stub,"ax",@progbits
 289               	.global	CDC_Device_Event_Stub
 291               	CDC_Device_Event_Stub:
 292               	.LFB111:
 293               	.LSM38:
 294               	/* prologue: function */
 295               	/* frame size = 0 */
 296               	/* epilogue start */
 297               	.LSM39:
 298 0000 0895      		ret
 299               	.LFE111:
 301               		.section	.text.CDC_Device_SendControlLineStateChange,"ax",@progbits
 302               	.global	CDC_Device_SendControlLineStateChange
 304               	CDC_Device_SendControlLineStateChange:
 305               	.LFB105:
 306               	.LSM40:
 307               	.LVL16:
 308 0000 0F93      		push r16
 309 0002 1F93      		push r17
 310 0004 DF93      		push r29
 311 0006 CF93      		push r28
 312 0008 CDB7      		in r28,__SP_L__
 313 000a DEB7      		in r29,__SP_H__
 314 000c 2897      		sbiw r28,8
 315 000e 0FB6      		in __tmp_reg__,__SREG__
 316 0010 F894      		cli
 317 0012 DEBF      		out __SP_H__,r29
 318 0014 0FBE      		out __SREG__,__tmp_reg__
 319 0016 CDBF      		out __SP_L__,r28
 320               	/* prologue: function */
 321               	/* frame size = 8 */
 322 0018 8C01      		movw r16,r24
 323               	.LSM41:
 324 001a 8EB3      		in r24,62-32
 325               	.LVL17:
 326 001c 8430      		cpi r24,lo8(4)
 327 001e 01F4      		brne .L25
 328 0020 F801      		movw r30,r16
 329 0022 8785      		ldd r24,Z+15
 330 0024 9089      		ldd r25,Z+16
 331 0026 A189      		ldd r26,Z+17
 332 0028 B289      		ldd r27,Z+18
 333 002a 0097      		sbiw r24,0
 334 002c A105      		cpc r26,__zero_reg__
 335 002e B105      		cpc r27,__zero_reg__
 336 0030 01F0      		breq .L25
 337               	.LSM42:
 338 0032 8185      		ldd r24,Z+9
 339               	.LBB111:
 340               	.LBB112:
 341               	.LSM43:
 342 0034 8093 E900 		sts 233,r24
 343               	.LBE112:
 344               	.LBE111:
 345               	.LSM44:
 346 0038 DE01      		movw r26,r28
 347 003a 1196      		adiw r26,1
 348 003c E0E0      		ldi r30,lo8(C.11.4000)
 349 003e F0E0      		ldi r31,hi8(C.11.4000)
 350 0040 88E0      		ldi r24,lo8(8)
 351               	.L24:
 352 0042 0190      		ld r0,Z+
 353 0044 0D92      		st X+,r0
 354 0046 8150      		subi r24,lo8(-(-1))
 355 0048 01F4      		brne .L24
 356               	.LSM45:
 357 004a CE01      		movw r24,r28
 358 004c 0196      		adiw r24,1
 359 004e 68E0      		ldi r22,lo8(8)
 360 0050 70E0      		ldi r23,hi8(8)
 361 0052 40E0      		ldi r20,lo8(0)
 362 0054 50E0      		ldi r21,hi8(0)
 363 0056 0E94 0000 		call Endpoint_Write_Stream_LE
 364               	.LSM46:
 365 005a C801      		movw r24,r16
 366 005c 0E96      		adiw r24,14
 367 005e 61E0      		ldi r22,lo8(1)
 368 0060 70E0      		ldi r23,hi8(1)
 369 0062 40E0      		ldi r20,lo8(0)
 370 0064 50E0      		ldi r21,hi8(0)
 371 0066 0E94 0000 		call Endpoint_Write_Stream_LE
 372               	.LBB113:
 373               	.LBB114:
 374               	.LSM47:
 375 006a 8091 E800 		lds r24,232
 376 006e 8E77      		andi r24,lo8(126)
 377 0070 8093 E800 		sts 232,r24
 378               	.L25:
 379               	/* epilogue start */
 380               	.LBE114:
 381               	.LBE113:
 382               	.LSM48:
 383 0074 2896      		adiw r28,8
 384 0076 0FB6      		in __tmp_reg__,__SREG__
 385 0078 F894      		cli
 386 007a DEBF      		out __SP_H__,r29
 387 007c 0FBE      		out __SREG__,__tmp_reg__
 388 007e CDBF      		out __SP_L__,r28
 389 0080 CF91      		pop r28
 390 0082 DF91      		pop r29
 391 0084 1F91      		pop r17
 392 0086 0F91      		pop r16
 393               	.LVL18:
 394 0088 0895      		ret
 395               	.LFE105:
 397               		.section	.text.CDC_Device_SendData,"ax",@progbits
 398               	.global	CDC_Device_SendData
 400               	CDC_Device_SendData:
 401               	.LFB100:
 402               	.LSM49:
 403               	.LVL19:
 404               	/* prologue: function */
 405               	/* frame size = 0 */
 406 0000 FC01      		movw r30,r24
 407               	.LSM50:
 408 0002 8EB3      		in r24,62-32
 409               	.LVL20:
 410 0004 8430      		cpi r24,lo8(4)
 411 0006 01F4      		brne .L28
 412 0008 8785      		ldd r24,Z+15
 413 000a 9089      		ldd r25,Z+16
 414 000c A189      		ldd r26,Z+17
 415 000e B289      		ldd r27,Z+18
 416 0010 0097      		sbiw r24,0
 417 0012 A105      		cpc r26,__zero_reg__
 418 0014 B105      		cpc r27,__zero_reg__
 419 0016 01F0      		breq .L28
 420               	.LSM51:
 421 0018 8181      		ldd r24,Z+1
 422               	.LBB115:
 423               	.LBB116:
 424               	.LSM52:
 425 001a 8093 E900 		sts 233,r24
 426               	.LBE116:
 427               	.LBE115:
 428               	.LSM53:
 429 001e CB01      		movw r24,r22
 430 0020 BA01      		movw r22,r20
 431               	.LVL21:
 432 0022 40E0      		ldi r20,lo8(0)
 433 0024 50E0      		ldi r21,hi8(0)
 434               	.LVL22:
 435 0026 0E94 0000 		call Endpoint_Write_Stream_LE
 436               	.LVL23:
 437 002a 0895      		ret
 438               	.LVL24:
 439               	.L28:
 440 002c 82E0      		ldi r24,lo8(2)
 441               	.LSM54:
 442 002e 0895      		ret
 443               	.LFE100:
 445               		.section	.text.CDC_Device_Flush,"ax",@progbits
 446               	.global	CDC_Device_Flush
 448               	CDC_Device_Flush:
 449               	.LFB102:
 450               	.LSM55:
 451               	.LVL25:
 452               	/* prologue: function */
 453               	/* frame size = 0 */
 454 0000 FC01      		movw r30,r24
 455               	.LSM56:
 456 0002 8EB3      		in r24,62-32
 457               	.LVL26:
 458 0004 8430      		cpi r24,lo8(4)
 459 0006 01F4      		brne .L32
 460 0008 8785      		ldd r24,Z+15
 461 000a 9089      		ldd r25,Z+16
 462 000c A189      		ldd r26,Z+17
 463 000e B289      		ldd r27,Z+18
 464 0010 0097      		sbiw r24,0
 465 0012 A105      		cpc r26,__zero_reg__
 466 0014 B105      		cpc r27,__zero_reg__
 467 0016 01F0      		breq .L32
 468               	.LSM57:
 469 0018 8181      		ldd r24,Z+1
 470               	.LBB117:
 471               	.LBB118:
 472               	.LSM58:
 473 001a 8093 E900 		sts 233,r24
 474               	.LBE118:
 475               	.LBE117:
 476               	.LBB119:
 477               	.LBB120:
 478               	.LSM59:
 479 001e 8091 F200 		lds r24,242
 480 0022 9091 F300 		lds r25,(242)+1
 481               	.LBE120:
 482               	.LBE119:
 483               	.LSM60:
 484 0026 892B      		or r24,r25
 485 0028 01F0      		breq .L33
 486               	.LBB121:
 487               	.LBB122:
 488               	.LSM61:
 489 002a 9091 E800 		lds r25,232
 490               	.LBE122:
 491               	.LBE121:
 492               	.LBB123:
 493               	.LBB124:
 494               	.LSM62:
 495 002e 8091 E800 		lds r24,232
 496 0032 8E77      		andi r24,lo8(126)
 497 0034 8093 E800 		sts 232,r24
 498               	.LBE124:
 499               	.LBE123:
 500               	.LSM63:
 501 0038 95FD      		sbrc r25,5
 502 003a 00C0      		rjmp .L33
 503               	.LSM64:
 504 003c 0E94 0000 		call Endpoint_WaitUntilReady
 505               	.LVL27:
 506 0040 982F      		mov r25,r24
 507               	.LVL28:
 508 0042 8823      		tst r24
 509 0044 01F4      		brne .L34
 510               	.LVL29:
 511               	.LBB125:
 512               	.LBB126:
 513               	.LSM65:
 514 0046 8091 E800 		lds r24,232
 515               	.LVL30:
 516 004a 8E77      		andi r24,lo8(126)
 517 004c 8093 E800 		sts 232,r24
 518 0050 00C0      		rjmp .L34
 519               	.LVL31:
 520               	.L32:
 521 0052 92E0      		ldi r25,lo8(2)
 522               	.LVL32:
 523 0054 00C0      		rjmp .L34
 524               	.LVL33:
 525               	.L33:
 526 0056 90E0      		ldi r25,lo8(0)
 527               	.LVL34:
 528               	.L34:
 529               	.LBE126:
 530               	.LBE125:
 531               	.LSM66:
 532 0058 892F      		mov r24,r25
 533               	/* epilogue start */
 534 005a 0895      		ret
 535               	.LFE102:
 537               		.section	.text.CDC_Device_USBTask,"ax",@progbits
 538               	.global	CDC_Device_USBTask
 540               	CDC_Device_USBTask:
 541               	.LFB98:
 542               	.LSM67:
 543               	.LVL35:
 544               	/* prologue: function */
 545               	/* frame size = 0 */
 546 0000 FC01      		movw r30,r24
 547               	.LSM68:
 548 0002 8EB3      		in r24,62-32
 549               	.LVL36:
 550 0004 8430      		cpi r24,lo8(4)
 551 0006 01F4      		brne .L38
 552 0008 8785      		ldd r24,Z+15
 553 000a 9089      		ldd r25,Z+16
 554 000c A189      		ldd r26,Z+17
 555 000e B289      		ldd r27,Z+18
 556 0010 0097      		sbiw r24,0
 557 0012 A105      		cpc r26,__zero_reg__
 558 0014 B105      		cpc r27,__zero_reg__
 559 0016 01F0      		breq .L38
 560               	.LSM69:
 561 0018 CF01      		movw r24,r30
 562 001a 0E94 0000 		call CDC_Device_Flush
 563               	.LVL37:
 564               	.L38:
 565 001e 0895      		ret
 566               	.LFE98:
 568               		.section	.text.CDC_Device_getchar_Blocking,"ax",@progbits
 570               	CDC_Device_getchar_Blocking:
 571               	.LFB110:
 572               	.LSM70:
 573               	.LVL38:
 574 0000 CF93      		push r28
 575 0002 DF93      		push r29
 576               	/* prologue: function */
 577               	/* frame size = 0 */
 578 0004 EC01      		movw r28,r24
 579 0006 00C0      		rjmp .L40
 580               	.LVL39:
 581               	.L43:
 582               	.LSM71:
 583 0008 8EB3      		in r24,62-32
 584               	.LVL40:
 585 000a 8823      		tst r24
 586 000c 01F4      		brne .L41
 587 000e 8EEF      		ldi r24,lo8(-2)
 588 0010 9FEF      		ldi r25,hi8(-2)
 589               	.LVL41:
 590 0012 00C0      		rjmp .L42
 591               	.LVL42:
 592               	.L41:
 593               	.LSM72:
 594 0014 8C85      		ldd r24,Y+12
 595 0016 9D85      		ldd r25,Y+13
 596 0018 0E94 0000 		call CDC_Device_USBTask
 597               	.LSM73:
 598 001c 0E94 0000 		call USB_USBTask
 599               	.LVL43:
 600               	.L40:
 601               	.LSM74:
 602 0020 8C85      		ldd r24,Y+12
 603 0022 9D85      		ldd r25,Y+13
 604 0024 0E94 0000 		call CDC_Device_ReceiveByte
 605 0028 97FD      		sbrc r25,7
 606 002a 00C0      		rjmp .L43
 607               	.LVL44:
 608               	.L42:
 609               	.LVL45:
 610               	/* epilogue start */
 611               	.LSM75:
 612 002c DF91      		pop r29
 613 002e CF91      		pop r28
 614               	.LVL46:
 615 0030 0895      		ret
 616               	.LFE110:
 618               		.section	.text.CDC_Device_SendByte,"ax",@progbits
 619               	.global	CDC_Device_SendByte
 621               	CDC_Device_SendByte:
 622               	.LFB101:
 623               	.LSM76:
 624               	.LVL47:
 625 0000 1F93      		push r17
 626               	/* prologue: function */
 627               	/* frame size = 0 */
 628 0002 FC01      		movw r30,r24
 629 0004 162F      		mov r17,r22
 630               	.LSM77:
 631 0006 8EB3      		in r24,62-32
 632               	.LVL48:
 633 0008 8430      		cpi r24,lo8(4)
 634 000a 01F4      		brne .L46
 635               	.LVL49:
 636 000c 8785      		ldd r24,Z+15
 637 000e 9089      		ldd r25,Z+16
 638 0010 A189      		ldd r26,Z+17
 639 0012 B289      		ldd r27,Z+18
 640 0014 0097      		sbiw r24,0
 641 0016 A105      		cpc r26,__zero_reg__
 642 0018 B105      		cpc r27,__zero_reg__
 643 001a 01F0      		breq .L46
 644               	.LSM78:
 645 001c 8181      		ldd r24,Z+1
 646               	.LBB127:
 647               	.LBB128:
 648               	.LSM79:
 649 001e 8093 E900 		sts 233,r24
 650               	.LBE128:
 651               	.LBE127:
 652               	.LBB129:
 653               	.LBB130:
 654               	.LSM80:
 655 0022 8091 E800 		lds r24,232
 656               	.LBE130:
 657               	.LBE129:
 658               	.LSM81:
 659 0026 85FD      		sbrc r24,5
 660 0028 00C0      		rjmp .L47
 661               	.LBB131:
 662               	.LBB132:
 663               	.LBB133:
 664               	.LSM82:
 665 002a 8091 E800 		lds r24,232
 666 002e 8E77      		andi r24,lo8(126)
 667 0030 8093 E800 		sts 232,r24
 668               	.LBE133:
 669               	.LBE132:
 670               	.LSM83:
 671 0034 0E94 0000 		call Endpoint_WaitUntilReady
 672               	.LVL50:
 673 0038 8823      		tst r24
 674               	.LVL51:
 675 003a 01F4      		brne .L48
 676               	.LVL52:
 677               	.L47:
 678               	.LBE131:
 679               	.LBB134:
 680               	.LBB135:
 681               	.LSM84:
 682 003c 1093 F100 		sts 241,r17
 683 0040 80E0      		ldi r24,lo8(0)
 684 0042 00C0      		rjmp .L48
 685               	.LVL53:
 686               	.L46:
 687               	.LSM85:
 688 0044 82E0      		ldi r24,lo8(2)
 689               	.LVL54:
 690               	.L48:
 691               	.LVL55:
 692               	/* epilogue start */
 693               	.LBE135:
 694               	.LBE134:
 695               	.LSM86:
 696 0046 1F91      		pop r17
 697               	.LVL56:
 698 0048 0895      		ret
 699               	.LFE101:
 701               		.section	.text.CDC_Device_putchar,"ax",@progbits
 703               	CDC_Device_putchar:
 704               	.LFB108:
 705               	.LSM87:
 706               	.LVL57:
 707               	/* prologue: function */
 708               	/* frame size = 0 */
 709 0000 282F      		mov r18,r24
 710 0002 FB01      		movw r30,r22
 711               	.LSM88:
 712 0004 8485      		ldd r24,Z+12
 713 0006 9585      		ldd r25,Z+13
 714               	.LVL58:
 715 0008 622F      		mov r22,r18
 716               	.LVL59:
 717 000a 0E94 0000 		call CDC_Device_SendByte
 718               	.LVL60:
 719 000e 8823      		tst r24
 720 0010 01F4      		brne .L51
 721 0012 80E0      		ldi r24,lo8(0)
 722 0014 90E0      		ldi r25,hi8(0)
 723 0016 0895      		ret
 724               	.L51:
 725 0018 8FEF      		ldi r24,lo8(-1)
 726 001a 9FEF      		ldi r25,hi8(-1)
 727               	.LSM89:
 728 001c 0895      		ret
 729               	.LFE108:
 731               		.section	.text.CDC_Device_SendString,"ax",@progbits
 732               	.global	CDC_Device_SendString
 734               	CDC_Device_SendString:
 735               	.LFB99:
 736               	.LSM90:
 737               	.LVL61:
 738 0000 CF93      		push r28
 739 0002 DF93      		push r29
 740               	/* prologue: function */
 741               	/* frame size = 0 */
 742 0004 FC01      		movw r30,r24
 743               	.LSM91:
 744 0006 8EB3      		in r24,62-32
 745               	.LVL62:
 746 0008 8430      		cpi r24,lo8(4)
 747 000a 01F4      		brne .L55
 748 000c 8785      		ldd r24,Z+15
 749 000e 9089      		ldd r25,Z+16
 750 0010 A189      		ldd r26,Z+17
 751 0012 B289      		ldd r27,Z+18
 752 0014 0097      		sbiw r24,0
 753 0016 A105      		cpc r26,__zero_reg__
 754 0018 B105      		cpc r27,__zero_reg__
 755 001a 01F0      		breq .L55
 756               	.LSM92:
 757 001c 8181      		ldd r24,Z+1
 758               	.LBB136:
 759               	.LBB137:
 760               	.LSM93:
 761 001e 8093 E900 		sts 233,r24
 762               	.LBE137:
 763               	.LBE136:
 764               	.LSM94:
 765 0022 FB01      		movw r30,r22
 766               	.LVL63:
 767 0024 0190      		ld __tmp_reg__,Z+
 768 0026 0020      		tst __tmp_reg__
 769 0028 01F4      		brne .-6
 770 002a 3197      		sbiw r30,1
 771 002c E61B      		sub r30,r22
 772 002e F70B      		sbc r31,r23
 773 0030 CB01      		movw r24,r22
 774 0032 BF01      		movw r22,r30
 775               	.LVL64:
 776 0034 40E0      		ldi r20,lo8(0)
 777 0036 50E0      		ldi r21,hi8(0)
 778 0038 0E94 0000 		call Endpoint_Write_Stream_LE
 779 003c 00C0      		rjmp .L56
 780               	.LVL65:
 781               	.L55:
 782 003e 82E0      		ldi r24,lo8(2)
 783               	.L56:
 784               	/* epilogue start */
 785               	.LSM95:
 786 0040 DF91      		pop r29
 787 0042 CF91      		pop r28
 788 0044 0895      		ret
 789               	.LFE99:
 791               		.section	.text.CDC_Device_ConfigureEndpoints,"ax",@progbits
 792               	.global	CDC_Device_ConfigureEndpoints
 794               	CDC_Device_ConfigureEndpoints:
 795               	.LFB97:
 796               	.LSM96:
 797               	.LVL66:
 798 0000 1F93      		push r17
 799 0002 CF93      		push r28
 800 0004 DF93      		push r29
 801               	/* prologue: function */
 802               	/* frame size = 0 */
 803 0006 EC01      		movw r28,r24
 804               	.LSM97:
 805 0008 2D96      		adiw r28,13
 806               	.LVL67:
 807 000a 89E0      		ldi r24,lo8(9)
 808 000c FE01      		movw r30,r28
 809 000e 1192      		st Z+,__zero_reg__
 810 0010 8A95      	        dec r24
 811 0012 01F4      		brne .-6
 812 0014 2D97      		sbiw r28,13
 813 0016 11E0      		ldi r17,lo8(1)
 814               	.LVL68:
 815               	.L69:
 816               	.LBB138:
 817               	.LBB139:
 818               	.LSM98:
 819 0018 8981      		ldd r24,Y+1
 820 001a 1817      		cp r17,r24
 821 001c 01F4      		brne .L59
 822               	.LSM99:
 823 001e 6A81      		ldd r22,Y+2
 824 0020 7B81      		ldd r23,Y+3
 825               	.LVL69:
 826               	.LSM100:
 827 0022 8C81      		ldd r24,Y+4
 828               	.LVL70:
 829 0024 52E0      		ldi r21,lo8(2)
 830               	.LVL71:
 831 0026 00C0      		rjmp .L72
 832               	.LVL72:
 833               	.L59:
 834               	.LSM101:
 835 0028 8D81      		ldd r24,Y+5
 836 002a 1817      		cp r17,r24
 837 002c 01F4      		brne .L61
 838               	.LSM102:
 839 002e 6E81      		ldd r22,Y+6
 840 0030 7F81      		ldd r23,Y+7
 841               	.LVL73:
 842               	.LSM103:
 843 0032 8885      		ldd r24,Y+8
 844               	.LVL74:
 845 0034 52E0      		ldi r21,lo8(2)
 846               	.LVL75:
 847 0036 30E0      		ldi r19,lo8(0)
 848               	.LVL76:
 849 0038 00C0      		rjmp .L60
 850               	.LVL77:
 851               	.L61:
 852               	.LSM104:
 853 003a 8985      		ldd r24,Y+9
 854 003c 1817      		cp r17,r24
 855 003e 01F4      		brne .L62
 856               	.LSM105:
 857 0040 6A85      		ldd r22,Y+10
 858 0042 7B85      		ldd r23,Y+11
 859               	.LVL78:
 860               	.LSM106:
 861 0044 8C85      		ldd r24,Y+12
 862               	.LVL79:
 863 0046 53E0      		ldi r21,lo8(3)
 864               	.LVL80:
 865               	.L72:
 866 0048 30E8      		ldi r19,lo8(-128)
 867               	.LVL81:
 868               	.L60:
 869               	.LSM107:
 870 004a 8823      		tst r24
 871 004c 01F4      		brne .L63
 872 004e 40E0      		ldi r20,lo8(0)
 873 0050 00C0      		rjmp .L64
 874               	.L63:
 875 0052 44E0      		ldi r20,lo8(4)
 876               	.L64:
 877 0054 20E0      		ldi r18,lo8(0)
 878               	.LVL82:
 879 0056 88E0      		ldi r24,lo8(8)
 880 0058 90E0      		ldi r25,hi8(8)
 881               	.LVL83:
 882 005a 00C0      		rjmp .L65
 883               	.L66:
 884               	.LBB140:
 885               	.LBB141:
 886               	.LBB142:
 887               	.LBB143:
 888               	.LSM108:
 889 005c 2F5F      		subi r18,lo8(-(1))
 890               	.LSM109:
 891 005e 880F      		lsl r24
 892 0060 991F      		rol r25
 893               	.L65:
 894               	.LSM110:
 895 0062 8617      		cp r24,r22
 896 0064 9707      		cpc r25,r23
 897 0066 00F0      		brlo .L66
 898               	.LBE143:
 899               	.LBE142:
 900               	.LBE141:
 901               	.LSM111:
 902 0068 852F      		mov r24,r21
 903               	.LVL84:
 904 006a 90E0      		ldi r25,lo8(0)
 905 006c 56E0      		ldi r21,6
 906 006e 880F      	1:	lsl r24
 907 0070 991F      		rol r25
 908 0072 5A95      		dec r21
 909 0074 01F4      		brne 1b
 910               	.LVL85:
 911 0076 60E0      		ldi r22,lo8(0)
 912               	.LVL86:
 913 0078 3111      		cpse r19,__zero_reg__
 914 007a 61E0      		ldi r22,lo8(1)
 915               	.L67:
 916 007c 682B      		or r22,r24
 917 007e 4260      		ori r20,lo8(2)
 918 0080 2295      		swap r18
 919 0082 207F      		andi r18,lo8(-16)
 920 0084 422B      		or r20,r18
 921 0086 812F      		mov r24,r17
 922 0088 0E94 0000 		call Endpoint_ConfigureEndpoint_Prv
 923               	.LVL87:
 924               	.LBE140:
 925               	.LSM112:
 926 008c 8823      		tst r24
 927 008e 01F0      		breq .L68
 928               	.L62:
 929               	.LBE139:
 930               	.LSM113:
 931 0090 1F5F      		subi r17,lo8(-(1))
 932 0092 1730      		cpi r17,lo8(7)
 933 0094 01F0      		breq .+2
 934 0096 00C0      		rjmp .L69
 935 0098 81E0      		ldi r24,lo8(1)
 936               	.L68:
 937               	/* epilogue start */
 938               	.LBE138:
 939               	.LSM114:
 940 009a DF91      		pop r29
 941 009c CF91      		pop r28
 942               	.LVL88:
 943 009e 1F91      		pop r17
 944               	.LVL89:
 945 00a0 0895      		ret
 946               	.LFE97:
 948               		.section	.text.CDC_Device_ProcessControlRequest,"ax",@progbits
 949               	.global	CDC_Device_ProcessControlRequest
 951               	CDC_Device_ProcessControlRequest:
 952               	.LFB96:
 953               	.LSM115:
 954               	.LVL90:
 955 0000 CF93      		push r28
 956 0002 DF93      		push r29
 957               	/* prologue: function */
 958               	/* frame size = 0 */
 959 0004 EC01      		movw r28,r24
 960               	.LBB144:
 961               	.LBB145:
 962               	.LSM116:
 963 0006 8091 E800 		lds r24,232
 964               	.LVL91:
 965               	.LBE145:
 966               	.LBE144:
 967               	.LSM117:
 968 000a 83FF      		sbrs r24,3
 969 000c 00C0      		rjmp .L80
 970               	.LSM118:
 971 000e 8881      		ld r24,Y
 972 0010 90E0      		ldi r25,lo8(0)
 973 0012 2091 0000 		lds r18,USB_ControlRequest+4
 974 0016 3091 0000 		lds r19,(USB_ControlRequest+4)+1
 975 001a 2817      		cp r18,r24
 976 001c 3907      		cpc r19,r25
 977 001e 01F0      		breq .+2
 978 0020 00C0      		rjmp .L80
 979               	.LSM119:
 980 0022 8091 0000 		lds r24,USB_ControlRequest+1
 981 0026 8132      		cpi r24,lo8(33)
 982 0028 01F0      		breq .L76
 983 002a 8232      		cpi r24,lo8(34)
 984 002c 00F4      		brsh .L79
 985 002e 8032      		cpi r24,lo8(32)
 986 0030 01F0      		breq .+2
 987 0032 00C0      		rjmp .L80
 988 0034 00C0      		rjmp .L81
 989               	.L79:
 990 0036 8232      		cpi r24,lo8(34)
 991 0038 01F4      		brne .+2
 992 003a 00C0      		rjmp .L77
 993 003c 8332      		cpi r24,lo8(35)
 994 003e 01F0      		breq .+2
 995 0040 00C0      		rjmp .L80
 996 0042 00C0      		rjmp .L82
 997               	.L76:
 998               	.LSM120:
 999 0044 8091 0000 		lds r24,USB_ControlRequest
 1000 0048 813A      		cpi r24,lo8(-95)
 1001 004a 01F0      		breq .+2
 1002 004c 00C0      		rjmp .L80
 1003               	.LBB146:
 1004               	.LBB147:
 1005               	.LSM121:
 1006 004e 8091 E800 		lds r24,232
 1007 0052 877F      		andi r24,lo8(-9)
 1008 0054 8093 E800 		sts 232,r24
 1009               	.LBE147:
 1010               	.LBE146:
 1011               	.LSM122:
 1012 0058 8F85      		ldd r24,Y+15
 1013 005a 9889      		ldd r25,Y+16
 1014 005c A989      		ldd r26,Y+17
 1015 005e BA89      		ldd r27,Y+18
 1016               	.LBB148:
 1017               	.LBB149:
 1018               	.LSM123:
 1019 0060 8093 F100 		sts 241,r24
 1020               	.LSM124:
 1021 0064 292F      		mov r18,r25
 1022 0066 3A2F      		mov r19,r26
 1023 0068 4B2F      		mov r20,r27
 1024 006a 5527      		clr r21
 1025 006c 2093 F100 		sts 241,r18
 1026               	.LSM125:
 1027 0070 9D01      		movw r18,r26
 1028 0072 4427      		clr r20
 1029 0074 5527      		clr r21
 1030 0076 2093 F100 		sts 241,r18
 1031               	.LSM126:
 1032 007a 8B2F      		mov r24,r27
 1033 007c 9927      		clr r25
 1034 007e AA27      		clr r26
 1035 0080 BB27      		clr r27
 1036 0082 8093 F100 		sts 241,r24
 1037               	.LBE149:
 1038               	.LBE148:
 1039               	.LSM127:
 1040 0086 8B89      		ldd r24,Y+19
 1041               	.LBB150:
 1042               	.LBB151:
 1043               	.LSM128:
 1044 0088 8093 F100 		sts 241,r24
 1045               	.LBE151:
 1046               	.LBE150:
 1047               	.LSM129:
 1048 008c 8C89      		ldd r24,Y+20
 1049               	.LBB152:
 1050               	.LBB153:
 1051               	.LSM130:
 1052 008e 8093 F100 		sts 241,r24
 1053               	.LBE153:
 1054               	.LBE152:
 1055               	.LSM131:
 1056 0092 8D89      		ldd r24,Y+21
 1057               	.LBB154:
 1058               	.LBB155:
 1059               	.LSM132:
 1060 0094 8093 F100 		sts 241,r24
 1061               	.LBE155:
 1062               	.LBE154:
 1063               	.LBB156:
 1064               	.LBB157:
 1065               	.LSM133:
 1066 0098 8091 E800 		lds r24,232
 1067 009c 8E77      		andi r24,lo8(126)
 1068 009e 8093 E800 		sts 232,r24
 1069               	.LBE157:
 1070               	.LBE156:
 1071               	.LSM134:
 1072 00a2 0E94 0000 		call Endpoint_ClearStatusStage
 1073 00a6 00C0      		rjmp .L80
 1074               	.L81:
 1075               	.LSM135:
 1076 00a8 8091 0000 		lds r24,USB_ControlRequest
 1077 00ac 8132      		cpi r24,lo8(33)
 1078 00ae 01F0      		breq .+2
 1079 00b0 00C0      		rjmp .L80
 1080               	.LBB158:
 1081               	.LBB159:
 1082               	.LSM136:
 1083 00b2 8091 E800 		lds r24,232
 1084 00b6 877F      		andi r24,lo8(-9)
 1085 00b8 8093 E800 		sts 232,r24
 1086               	.LBE159:
 1087               	.LBE158:
 1088               	.LBB160:
 1089               	.LBB161:
 1090               	.LSM137:
 1091 00bc 2091 F100 		lds r18,241
 1092 00c0 822F      		mov r24,r18
 1093               	.LVL92:
 1094               	.LSM138:
 1095 00c2 2091 F100 		lds r18,241
 1096 00c6 922F      		mov r25,r18
 1097               	.LVL93:
 1098               	.LSM139:
 1099 00c8 2091 F100 		lds r18,241
 1100 00cc A22F      		mov r26,r18
 1101               	.LVL94:
 1102               	.LSM140:
 1103 00ce 2091 F100 		lds r18,241
 1104 00d2 B22F      		mov r27,r18
 1105               	.LVL95:
 1106               	.LBE161:
 1107               	.LBE160:
 1108               	.LSM141:
 1109 00d4 8F87      		std Y+15,r24
 1110 00d6 988B      		std Y+16,r25
 1111 00d8 A98B      		std Y+17,r26
 1112 00da BA8B      		std Y+18,r27
 1113               	.LBB162:
 1114               	.LBB163:
 1115               	.LSM142:
 1116 00dc 8091 F100 		lds r24,241
 1117               	.LVL96:
 1118               	.LBE163:
 1119               	.LBE162:
 1120               	.LSM143:
 1121 00e0 8B8B      		std Y+19,r24
 1122               	.LBB164:
 1123               	.LBB165:
 1124               	.LSM144:
 1125 00e2 8091 F100 		lds r24,241
 1126               	.LBE165:
 1127               	.LBE164:
 1128               	.LSM145:
 1129 00e6 8C8B      		std Y+20,r24
 1130               	.LBB166:
 1131               	.LBB167:
 1132               	.LSM146:
 1133 00e8 8091 F100 		lds r24,241
 1134               	.LBE167:
 1135               	.LBE166:
 1136               	.LSM147:
 1137 00ec 8D8B      		std Y+21,r24
 1138               	.LBB168:
 1139               	.LBB169:
 1140               	.LSM148:
 1141 00ee 8091 E800 		lds r24,232
 1142 00f2 8B77      		andi r24,lo8(123)
 1143 00f4 8093 E800 		sts 232,r24
 1144               	.LBE169:
 1145               	.LBE168:
 1146               	.LSM149:
 1147 00f8 0E94 0000 		call Endpoint_ClearStatusStage
 1148               	.LVL97:
 1149               	.LSM150:
 1150 00fc CE01      		movw r24,r28
 1151 00fe 0E94 0000 		call EVENT_CDC_Device_LineEncodingChanged
 1152 0102 00C0      		rjmp .L80
 1153               	.L77:
 1154               	.LSM151:
 1155 0104 8091 0000 		lds r24,USB_ControlRequest
 1156 0108 8132      		cpi r24,lo8(33)
 1157 010a 01F4      		brne .L80
 1158               	.LBB170:
 1159               	.LBB171:
 1160               	.LSM152:
 1161 010c 8091 E800 		lds r24,232
 1162 0110 877F      		andi r24,lo8(-9)
 1163 0112 8093 E800 		sts 232,r24
 1164               	.LBE171:
 1165               	.LBE170:
 1166               	.LSM153:
 1167 0116 0E94 0000 		call Endpoint_ClearStatusStage
 1168               	.LSM154:
 1169 011a 8091 0000 		lds r24,USB_ControlRequest+2
 1170 011e 8D87      		std Y+13,r24
 1171               	.LSM155:
 1172 0120 CE01      		movw r24,r28
 1173 0122 0E94 0000 		call EVENT_CDC_Device_ControLineStateChanged
 1174 0126 00C0      		rjmp .L80
 1175               	.L82:
 1176               	.LSM156:
 1177 0128 8091 0000 		lds r24,USB_ControlRequest
 1178 012c 8132      		cpi r24,lo8(33)
 1179 012e 01F4      		brne .L80
 1180               	.LBB172:
 1181               	.LBB173:
 1182               	.LSM157:
 1183 0130 8091 E800 		lds r24,232
 1184 0134 877F      		andi r24,lo8(-9)
 1185 0136 8093 E800 		sts 232,r24
 1186               	.LBE173:
 1187               	.LBE172:
 1188               	.LSM158:
 1189 013a 0E94 0000 		call Endpoint_ClearStatusStage
 1190               	.LSM159:
 1191 013e CE01      		movw r24,r28
 1192 0140 6091 0000 		lds r22,USB_ControlRequest+2
 1193 0144 0E94 0000 		call EVENT_CDC_Device_BreakSent
 1194               	.L80:
 1195               	/* epilogue start */
 1196               	.LSM160:
 1197 0148 DF91      		pop r29
 1198 014a CF91      		pop r28
 1199               	.LVL98:
 1200 014c 0895      		ret
 1201               	.LFE96:
 1203               		.data
 1206               	C.11.4000:
 1207 0000 A1        		.byte	-95
 1208 0001 20        		.byte	32
 1209 0002 0000      		.word	0
 1210 0004 0000      		.word	0
 1211 0006 0100      		.word	1
 1212               		.weak	EVENT_CDC_Device_LineEncodingChanged
 1213               		.set	EVENT_CDC_Device_LineEncodingChanged,CDC_Device_Event_Stub
 1214               		.weak	EVENT_CDC_Device_ControLineStateChanged
 1215               		.set	EVENT_CDC_Device_ControLineStateChanged,CDC_Device_Event_Stub
 1216               		.weak	EVENT_CDC_Device_BreakSent
 1217               		.set	EVENT_CDC_Device_BreakSent,CDC_Device_Event_Stub
 1362               	.Letext0:
DEFINED SYMBOLS
                            *ABS*:00000000 CDC.c
C:\Users\Eddie\AppData\Local\Temp/ccj0tWxm.s:2      *ABS*:0000003f __SREG__
C:\Users\Eddie\AppData\Local\Temp/ccj0tWxm.s:3      *ABS*:0000003e __SP_H__
C:\Users\Eddie\AppData\Local\Temp/ccj0tWxm.s:4      *ABS*:0000003d __SP_L__
C:\Users\Eddie\AppData\Local\Temp/ccj0tWxm.s:5      *ABS*:00000034 __CCP__
C:\Users\Eddie\AppData\Local\Temp/ccj0tWxm.s:6      *ABS*:00000000 __tmp_reg__
C:\Users\Eddie\AppData\Local\Temp/ccj0tWxm.s:7      *ABS*:00000001 __zero_reg__
C:\Users\Eddie\AppData\Local\Temp/ccj0tWxm.s:19     .text.CDC_Device_BytesReceived:00000000 CDC_Device_BytesReceived
C:\Users\Eddie\AppData\Local\Temp/ccj0tWxm.s:97     .text.CDC_Device_ReceiveByte:00000000 CDC_Device_ReceiveByte
C:\Users\Eddie\AppData\Local\Temp/ccj0tWxm.s:197    .text.CDC_Device_CreateStream:00000000 CDC_Device_CreateStream
C:\Users\Eddie\AppData\Local\Temp/ccj0tWxm.s:703    .text.CDC_Device_putchar:00000000 CDC_Device_putchar
C:\Users\Eddie\AppData\Local\Temp/ccj0tWxm.s:264    .text.CDC_Device_getchar:00000000 CDC_Device_getchar
C:\Users\Eddie\AppData\Local\Temp/ccj0tWxm.s:231    .text.CDC_Device_CreateBlockingStream:00000000 CDC_Device_CreateBlockingStream
C:\Users\Eddie\AppData\Local\Temp/ccj0tWxm.s:570    .text.CDC_Device_getchar_Blocking:00000000 CDC_Device_getchar_Blocking
C:\Users\Eddie\AppData\Local\Temp/ccj0tWxm.s:291    .text.CDC_Device_Event_Stub:00000000 CDC_Device_Event_Stub
C:\Users\Eddie\AppData\Local\Temp/ccj0tWxm.s:304    .text.CDC_Device_SendControlLineStateChange:00000000 CDC_Device_SendControlLineStateChange
C:\Users\Eddie\AppData\Local\Temp/ccj0tWxm.s:1206   .data:00000000 C.11.4000
C:\Users\Eddie\AppData\Local\Temp/ccj0tWxm.s:400    .text.CDC_Device_SendData:00000000 CDC_Device_SendData
C:\Users\Eddie\AppData\Local\Temp/ccj0tWxm.s:448    .text.CDC_Device_Flush:00000000 CDC_Device_Flush
C:\Users\Eddie\AppData\Local\Temp/ccj0tWxm.s:540    .text.CDC_Device_USBTask:00000000 CDC_Device_USBTask
C:\Users\Eddie\AppData\Local\Temp/ccj0tWxm.s:621    .text.CDC_Device_SendByte:00000000 CDC_Device_SendByte
C:\Users\Eddie\AppData\Local\Temp/ccj0tWxm.s:734    .text.CDC_Device_SendString:00000000 CDC_Device_SendString
C:\Users\Eddie\AppData\Local\Temp/ccj0tWxm.s:794    .text.CDC_Device_ConfigureEndpoints:00000000 CDC_Device_ConfigureEndpoints
C:\Users\Eddie\AppData\Local\Temp/ccj0tWxm.s:951    .text.CDC_Device_ProcessControlRequest:00000000 CDC_Device_ProcessControlRequest
C:\Users\Eddie\AppData\Local\Temp/ccj0tWxm.s:291    .text.CDC_Device_Event_Stub:00000000 EVENT_CDC_Device_LineEncodingChanged
C:\Users\Eddie\AppData\Local\Temp/ccj0tWxm.s:291    .text.CDC_Device_Event_Stub:00000000 EVENT_CDC_Device_ControLineStateChanged
C:\Users\Eddie\AppData\Local\Temp/ccj0tWxm.s:291    .text.CDC_Device_Event_Stub:00000000 EVENT_CDC_Device_BreakSent

UNDEFINED SYMBOLS
Endpoint_Write_Stream_LE
Endpoint_WaitUntilReady
USB_USBTask
Endpoint_ConfigureEndpoint_Prv
USB_ControlRequest
Endpoint_ClearStatusStage
__do_copy_data
