   1               		.file	"Descriptors.c"
   2               	__SREG__ = 0x3f
   3               	__SP_H__ = 0x3e
   4               	__SP_L__ = 0x3d
   5               	__CCP__  = 0x34
   6               	__tmp_reg__ = 0
   7               	__zero_reg__ = 1
  15               	.Ltext0:
  16               		.section	.text.CALLBACK_USB_GetDescriptor,"ax",@progbits
  17               	.global	CALLBACK_USB_GetDescriptor
  19               	CALLBACK_USB_GetDescriptor:
  20               	.LFB96:
  21               	.LSM0:
  22               	.LVL0:
  23               	/* prologue: function */
  24               	/* frame size = 0 */
  25 0000 DA01      		movw r26,r20
  26               	.LSM1:
  27 0002 9230      		cpi r25,lo8(2)
  28               	.LVL1:
  29 0004 01F0      		breq .L4
  30               	.LVL2:
  31 0006 9330      		cpi r25,lo8(3)
  32 0008 01F0      		breq .L5
  33 000a 9130      		cpi r25,lo8(1)
  34 000c 01F4      		brne .L2
  35 000e E0E0      		ldi r30,lo8(DeviceDescriptor)
  36 0010 F0E0      		ldi r31,hi8(DeviceDescriptor)
  37               	.LVL3:
  38 0012 22E1      		ldi r18,lo8(18)
  39 0014 30E0      		ldi r19,hi8(18)
  40               	.LVL4:
  41 0016 00C0      		rjmp .L6
  42               	.LVL5:
  43               	.L4:
  44 0018 E0E0      		ldi r30,lo8(ConfigurationDescriptor)
  45 001a F0E0      		ldi r31,hi8(ConfigurationDescriptor)
  46               	.LVL6:
  47 001c 23E8      		ldi r18,lo8(131)
  48 001e 30E0      		ldi r19,hi8(131)
  49               	.LVL7:
  50 0020 00C0      		rjmp .L6
  51               	.LVL8:
  52               	.L5:
  53               	.LSM2:
  54 0022 8130      		cpi r24,lo8(1)
  55 0024 01F0      		breq .L8
  56 0026 8130      		cpi r24,lo8(1)
  57 0028 00F0      		brlo .L7
  58 002a 8230      		cpi r24,lo8(2)
  59 002c 01F4      		brne .L2
  60 002e 00C0      		rjmp .L12
  61               	.L7:
  62               	.LBB2:
  63               	.LSM3:
  64 0030 E0E0      		ldi r30,lo8(LanguageString)
  65 0032 F0E0      		ldi r31,hi8(LanguageString)
  66               	/* #APP */
  67               	 ;  368 "Descriptors.c" 1
  68 0034 8491      		lpm r24, Z
  69               		
  70               	 ;  0 "" 2
  71               	.LVL9:
  72               	/* #NOAPP */
  73 0036 00C0      		rjmp .L11
  74               	.LVL10:
  75               	.L8:
  76               	.LBE2:
  77               	.LBB3:
  78               	.LSM4:
  79 0038 E0E0      		ldi r30,lo8(ManufacturerString)
  80 003a F0E0      		ldi r31,hi8(ManufacturerString)
  81               	/* #APP */
  82               	 ;  372 "Descriptors.c" 1
  83 003c 8491      		lpm r24, Z
  84               		
  85               	 ;  0 "" 2
  86               	.LVL11:
  87               	/* #NOAPP */
  88 003e 00C0      		rjmp .L11
  89               	.LVL12:
  90               	.L12:
  91               	.LBE3:
  92               	.LBB4:
  93               	.LSM5:
  94 0040 E0E0      		ldi r30,lo8(ProductString)
  95 0042 F0E0      		ldi r31,hi8(ProductString)
  96               	/* #APP */
  97               	 ;  376 "Descriptors.c" 1
  98 0044 8491      		lpm r24, Z
  99               		
 100               	 ;  0 "" 2
 101               	.LVL13:
 102               	/* #NOAPP */
 103               	.L11:
 104               	.LBE4:
 105 0046 282F      		mov r18,r24
 106               	.LVL14:
 107 0048 30E0      		ldi r19,lo8(0)
 108               	.LVL15:
 109 004a 00C0      		rjmp .L6
 110               	.LVL16:
 111               	.L2:
 112 004c E0E0      		ldi r30,lo8(0)
 113 004e F0E0      		ldi r31,hi8(0)
 114               	.LVL17:
 115 0050 20E0      		ldi r18,lo8(0)
 116 0052 30E0      		ldi r19,hi8(0)
 117               	.LVL18:
 118               	.L6:
 119               	.LSM6:
 120 0054 ED93      		st X+,r30
 121 0056 FC93      		st X,r31
 122               	.LSM7:
 123 0058 C901      		movw r24,r18
 124               	.LVL19:
 125               	/* epilogue start */
 126 005a 0895      		ret
 127               	.LFE96:
 129               	.global	DeviceDescriptor
 130               		.section	.progmem.data,"a",@progbits
 133               	DeviceDescriptor:
 134 0000 12        		.byte	18
 135 0001 01        		.byte	1
 136 0002 1001      		.word	272
 137 0004 EF        		.byte	-17
 138 0005 02        		.byte	2
 139 0006 01        		.byte	1
 140 0007 08        		.byte	8
 141 0008 EB03      		.word	1003
 142 000a 4E20      		.word	8270
 143 000c 0100      		.word	1
 144 000e 01        		.byte	1
 145 000f 02        		.byte	2
 146 0010 DC        		.byte	-36
 147 0011 01        		.byte	1
 148               	.global	ConfigurationDescriptor
 151               	ConfigurationDescriptor:
 152 0012 09        		.byte	9
 153 0013 02        		.byte	2
 154 0014 8300      		.word	131
 155 0016 04        		.byte	4
 156 0017 01        		.byte	1
 157 0018 00        		.byte	0
 158 0019 C0        		.byte	-64
 159 001a 32        		.byte	50
 160 001b 08        		.byte	8
 161 001c 0B        		.byte	11
 162 001d 00        		.byte	0
 163 001e 02        		.byte	2
 164 001f 02        		.byte	2
 165 0020 02        		.byte	2
 166 0021 01        		.byte	1
 167 0022 00        		.byte	0
 168 0023 09        		.byte	9
 169 0024 04        		.byte	4
 170 0025 00        		.byte	0
 171 0026 00        		.byte	0
 172 0027 01        		.byte	1
 173 0028 02        		.byte	2
 174 0029 02        		.byte	2
 175 002a 01        		.byte	1
 176 002b 00        		.byte	0
 177 002c 05        		.byte	5
 178 002d 24        		.byte	36
 179 002e 00        		.byte	0
 180 002f 1001      		.word	272
 181 0031 04        		.byte	4
 182 0032 24        		.byte	36
 183 0033 02        		.byte	2
 184 0034 06        		.byte	6
 185 0035 05        		.byte	5
 186 0036 24        		.byte	36
 187 0037 06        		.byte	6
 188 0038 00        		.byte	0
 189 0039 01        		.byte	1
 190 003a 07        		.byte	7
 191 003b 05        		.byte	5
 192 003c 83        		.byte	-125
 193 003d 03        		.byte	3
 194 003e 0800      		.word	8
 195 0040 FF        		.byte	-1
 196 0041 09        		.byte	9
 197 0042 04        		.byte	4
 198 0043 01        		.byte	1
 199 0044 00        		.byte	0
 200 0045 02        		.byte	2
 201 0046 0A        		.byte	10
 202 0047 00        		.byte	0
 203 0048 00        		.byte	0
 204 0049 00        		.byte	0
 205 004a 07        		.byte	7
 206 004b 05        		.byte	5
 207 004c 02        		.byte	2
 208 004d 02        		.byte	2
 209 004e 1000      		.word	16
 210 0050 01        		.byte	1
 211 0051 07        		.byte	7
 212 0052 05        		.byte	5
 213 0053 81        		.byte	-127
 214 0054 02        		.byte	2
 215 0055 1000      		.word	16
 216 0057 01        		.byte	1
 217 0058 08        		.byte	8
 218 0059 0B        		.byte	11
 219 005a 02        		.byte	2
 220 005b 02        		.byte	2
 221 005c 02        		.byte	2
 222 005d 02        		.byte	2
 223 005e 01        		.byte	1
 224 005f 00        		.byte	0
 225 0060 09        		.byte	9
 226 0061 04        		.byte	4
 227 0062 02        		.byte	2
 228 0063 00        		.byte	0
 229 0064 01        		.byte	1
 230 0065 02        		.byte	2
 231 0066 02        		.byte	2
 232 0067 01        		.byte	1
 233 0068 00        		.byte	0
 234 0069 05        		.byte	5
 235 006a 24        		.byte	36
 236 006b 00        		.byte	0
 237 006c 1001      		.word	272
 238 006e 04        		.byte	4
 239 006f 24        		.byte	36
 240 0070 02        		.byte	2
 241 0071 06        		.byte	6
 242 0072 05        		.byte	5
 243 0073 24        		.byte	36
 244 0074 06        		.byte	6
 245 0075 02        		.byte	2
 246 0076 03        		.byte	3
 247 0077 07        		.byte	7
 248 0078 05        		.byte	5
 249 0079 86        		.byte	-122
 250 007a 03        		.byte	3
 251 007b 0800      		.word	8
 252 007d FF        		.byte	-1
 253 007e 09        		.byte	9
 254 007f 04        		.byte	4
 255 0080 03        		.byte	3
 256 0081 00        		.byte	0
 257 0082 02        		.byte	2
 258 0083 0A        		.byte	10
 259 0084 00        		.byte	0
 260 0085 00        		.byte	0
 261 0086 00        		.byte	0
 262 0087 07        		.byte	7
 263 0088 05        		.byte	5
 264 0089 05        		.byte	5
 265 008a 02        		.byte	2
 266 008b 1000      		.word	16
 267 008d 01        		.byte	1
 268 008e 07        		.byte	7
 269 008f 05        		.byte	5
 270 0090 84        		.byte	-124
 271 0091 02        		.byte	2
 272 0092 1000      		.word	16
 273 0094 01        		.byte	1
 274               	.global	LanguageString
 277               	LanguageString:
 278 0095 04        		.byte	4
 279 0096 03        		.byte	3
 280 0097 0904      		.word	1033
 281               	.global	ManufacturerString
 284               	ManufacturerString:
 285 0099 18        		.byte	24
 286 009a 03        		.byte	3
 287 009b 4400      		.string	"D"
 288 009d 6500      		.string	"e"
 289 009f 6100      		.string	"a"
 290 00a1 6E00      		.string	"n"
 291 00a3 2000      		.string	" "
 292 00a5 4300      		.string	"C"
 293 00a7 6100      		.string	"a"
 294 00a9 6D00      		.string	"m"
 295 00ab 6500      		.string	"e"
 296 00ad 7200      		.string	"r"
 297 00af 6100      		.string	"a"
 298 00b1 00        		.string	""
 299 00b2 00        		.string	""
 300               	.global	ProductString
 303               	ProductString:
 304 00b3 1C        		.byte	28
 305 00b4 03        		.byte	3
 306 00b5 4C00      		.string	"L"
 307 00b7 5500      		.string	"U"
 308 00b9 4600      		.string	"F"
 309 00bb 4100      		.string	"A"
 310 00bd 2000      		.string	" "
 311 00bf 4400      		.string	"D"
 312 00c1 7500      		.string	"u"
 313 00c3 6100      		.string	"a"
 314 00c5 6C00      		.string	"l"
 315 00c7 2000      		.string	" "
 316 00c9 4300      		.string	"C"
 317 00cb 4400      		.string	"D"
 318 00cd 4300      		.string	"C"
 319 00cf 2000      		.string	" "
 320 00d1 4400      		.string	"D"
 321 00d3 6500      		.string	"e"
 322 00d5 6D00      		.string	"m"
 323 00d7 6F00      		.string	"o"
 324 00d9 00        		.string	""
 325 00da 00        		.string	""
 350               	.Letext0:
DEFINED SYMBOLS
                            *ABS*:00000000 Descriptors.c
C:\Users\Eddie\AppData\Local\Temp/ccsBv2Bd.s:2      *ABS*:0000003f __SREG__
C:\Users\Eddie\AppData\Local\Temp/ccsBv2Bd.s:3      *ABS*:0000003e __SP_H__
C:\Users\Eddie\AppData\Local\Temp/ccsBv2Bd.s:4      *ABS*:0000003d __SP_L__
C:\Users\Eddie\AppData\Local\Temp/ccsBv2Bd.s:5      *ABS*:00000034 __CCP__
C:\Users\Eddie\AppData\Local\Temp/ccsBv2Bd.s:6      *ABS*:00000000 __tmp_reg__
C:\Users\Eddie\AppData\Local\Temp/ccsBv2Bd.s:7      *ABS*:00000001 __zero_reg__
C:\Users\Eddie\AppData\Local\Temp/ccsBv2Bd.s:19     .text.CALLBACK_USB_GetDescriptor:00000000 CALLBACK_USB_GetDescriptor
C:\Users\Eddie\AppData\Local\Temp/ccsBv2Bd.s:133    .progmem.data:00000000 DeviceDescriptor
C:\Users\Eddie\AppData\Local\Temp/ccsBv2Bd.s:151    .progmem.data:00000012 ConfigurationDescriptor
C:\Users\Eddie\AppData\Local\Temp/ccsBv2Bd.s:277    .progmem.data:00000095 LanguageString
C:\Users\Eddie\AppData\Local\Temp/ccsBv2Bd.s:284    .progmem.data:00000099 ManufacturerString
C:\Users\Eddie\AppData\Local\Temp/ccsBv2Bd.s:303    .progmem.data:000000b3 ProductString

NO UNDEFINED SYMBOLS
