   1               		.file	"JoystickHostWithParser.c"
   2               	__SREG__ = 0x3f
   3               	__SP_H__ = 0x3e
   4               	__SP_L__ = 0x3d
   5               	__CCP__  = 0x34
   6               	__tmp_reg__ = 0
   7               	__zero_reg__ = 1
  15               	.Ltext0:
  16               		.section	.text.CALLBACK_HIDParser_FilterHIDReportItem,"ax",@progbits
  17               	.global	CALLBACK_HIDParser_FilterHIDReportItem
  19               	CALLBACK_HIDParser_FilterHIDReportItem:
  20               	.LFB149:
  21               	.LSM0:
  22               	.LVL0:
  23               	/* prologue: function */
  24               	/* frame size = 0 */
  25 0000 DC01      		movw r26,r24
  26               	.LBB49:
  27               	.LSM1:
  28 0002 1696      		adiw r26,6
  29 0004 ED91      		ld r30,X+
  30 0006 FC91      		ld r31,X
  31 0008 1797      		sbiw r26,6+1
  32               	.LVL1:
  33 000a 00C0      		rjmp .L2
  34               	.LVL2:
  35               	.L5:
  36               	.LSM2:
  37 000c 8181      		ldd r24,Z+1
  38 000e 9281      		ldd r25,Z+2
  39 0010 0197      		sbiw r24,1
  40 0012 01F4      		brne .L3
  41 0014 8381      		ldd r24,Z+3
  42 0016 9481      		ldd r25,Z+4
  43 0018 0497      		sbiw r24,4
  44 001a 01F0      		breq .L4
  45               	.L3:
  46               	.LSM3:
  47 001c 0580      		ldd __tmp_reg__,Z+5
  48 001e F681      		ldd r31,Z+6
  49 0020 E02D      		mov r30,__tmp_reg__
  50               	.LVL3:
  51               	.L2:
  52 0022 3097      		sbiw r30,0
  53 0024 01F4      		brne .L5
  54 0026 80E0      		ldi r24,lo8(0)
  55 0028 0895      		ret
  56               	.L4:
  57               	.LBE49:
  58               	.LSM4:
  59 002a 1996      		adiw r26,9
  60 002c 8D91      		ld r24,X+
  61 002e 9C91      		ld r25,X
  62 0030 1A97      		sbiw r26,9+1
  63 0032 8930      		cpi r24,9
  64 0034 9105      		cpc r25,__zero_reg__
  65 0036 01F0      		breq .L11
  66               	.L7:
  67 0038 20E0      		ldi r18,lo8(0)
  68 003a 30E0      		ldi r19,hi8(0)
  69 003c 0197      		sbiw r24,1
  70 003e 01F4      		brne .L8
  71               	.L11:
  72 0040 21E0      		ldi r18,lo8(1)
  73 0042 30E0      		ldi r19,hi8(1)
  74               	.L8:
  75 0044 822F      		mov r24,r18
  76               	.LSM5:
  77 0046 0895      		ret
  78               	.LFE149:
  80               		.section	.text.EVENT_USB_Host_DeviceEnumerationFailed,"ax",@progbits
  81               	.global	EVENT_USB_Host_DeviceEnumerationFailed
  83               	EVENT_USB_Host_DeviceEnumerationFailed:
  84               	.LFB148:
  85               	.LSM6:
  86               	.LVL4:
  87               	/* prologue: function */
  88               	/* frame size = 0 */
  89               	.LSM7:
  90 0000 9091 0000 		lds r25,USB_HostState
  91 0004 2DB7      		in r18,__SP_L__
  92 0006 3EB7      		in r19,__SP_H__
  93 0008 2850      		subi r18,lo8(-(-8))
  94 000a 3040      		sbci r19,hi8(-(-8))
  95 000c 0FB6      		in __tmp_reg__,__SREG__
  96 000e F894      		cli
  97 0010 3EBF      		out __SP_H__,r19
  98 0012 0FBE      		out __SREG__,__tmp_reg__
  99 0014 2DBF      		out __SP_L__,r18
 100 0016 EDB7      		in r30,__SP_L__
 101 0018 FEB7      		in r31,__SP_H__
 102 001a 3196      		adiw r30,1
 103 001c 20E0      		ldi r18,lo8(__c.4605)
 104 001e 30E0      		ldi r19,hi8(__c.4605)
 105 0020 ADB7      		in r26,__SP_L__
 106 0022 BEB7      		in r27,__SP_H__
 107 0024 1296      		adiw r26,1+1
 108 0026 3C93      		st X,r19
 109 0028 2E93      		st -X,r18
 110 002a 1197      		sbiw r26,1
 111 002c 8283      		std Z+2,r24
 112 002e 1382      		std Z+3,__zero_reg__
 113 0030 6483      		std Z+4,r22
 114 0032 1582      		std Z+5,__zero_reg__
 115 0034 9683      		std Z+6,r25
 116 0036 1782      		std Z+7,__zero_reg__
 117 0038 0E94 0000 		call printf_P
 118               	.LVL5:
 119               	.LBB50:
 120               	.LBB51:
 121               	.LSM8:
 122 003c 8BB1      		in r24,43-32
 123 003e 8F70      		andi r24,lo8(15)
 124 0040 8069      		ori r24,lo8(-112)
 125 0042 8BB9      		out 43-32,r24
 126 0044 2DB7      		in r18,__SP_L__
 127 0046 3EB7      		in r19,__SP_H__
 128 0048 285F      		subi r18,lo8(-(8))
 129 004a 3F4F      		sbci r19,hi8(-(8))
 130 004c 0FB6      		in __tmp_reg__,__SREG__
 131 004e F894      		cli
 132 0050 3EBF      		out __SP_H__,r19
 133 0052 0FBE      		out __SREG__,__tmp_reg__
 134 0054 2DBF      		out __SP_L__,r18
 135               	/* epilogue start */
 136               	.LBE51:
 137               	.LBE50:
 138               	.LSM9:
 139 0056 0895      		ret
 140               	.LFE148:
 142               		.section	.text.EVENT_USB_Host_HostError,"ax",@progbits
 143               	.global	EVENT_USB_Host_HostError
 145               	EVENT_USB_Host_HostError:
 146               	.LFB147:
 147               	.LSM10:
 148               	.LVL6:
 149 0000 1F93      		push r17
 150               	/* prologue: function */
 151               	/* frame size = 0 */
 152 0002 182F      		mov r17,r24
 153               	.LSM11:
 154 0004 0E94 0000 		call USB_Disable
 155               	.LVL7:
 156               	.LSM12:
 157 0008 00D0      		rcall .
 158 000a 00D0      		rcall .
 159 000c EDB7      		in r30,__SP_L__
 160 000e FEB7      		in r31,__SP_H__
 161 0010 3196      		adiw r30,1
 162 0012 80E0      		ldi r24,lo8(__c.4597)
 163 0014 90E0      		ldi r25,hi8(__c.4597)
 164 0016 ADB7      		in r26,__SP_L__
 165 0018 BEB7      		in r27,__SP_H__
 166 001a 1296      		adiw r26,1+1
 167 001c 9C93      		st X,r25
 168 001e 8E93      		st -X,r24
 169 0020 1197      		sbiw r26,1
 170 0022 1283      		std Z+2,r17
 171 0024 1382      		std Z+3,__zero_reg__
 172 0026 0E94 0000 		call printf_P
 173               	.LBB52:
 174               	.LBB53:
 175               	.LSM13:
 176 002a 8BB1      		in r24,43-32
 177 002c 8F70      		andi r24,lo8(15)
 178 002e 8069      		ori r24,lo8(-112)
 179 0030 8BB9      		out 43-32,r24
 180 0032 0F90      		pop __tmp_reg__
 181 0034 0F90      		pop __tmp_reg__
 182 0036 0F90      		pop __tmp_reg__
 183 0038 0F90      		pop __tmp_reg__
 184               	.L15:
 185 003a 00C0      		rjmp .L15
 186               	.LBE53:
 187               	.LBE52:
 188               	.LFE147:
 190               		.section	.text.EVENT_USB_Host_DeviceUnattached,"ax",@progbits
 191               	.global	EVENT_USB_Host_DeviceUnattached
 193               	EVENT_USB_Host_DeviceUnattached:
 194               	.LFB145:
 195               	.LSM14:
 196               	/* prologue: function */
 197               	/* frame size = 0 */
 198               	.LSM15:
 199 0000 80E0      		ldi r24,lo8(__c.4572)
 200 0002 90E0      		ldi r25,hi8(__c.4572)
 201 0004 0E94 0000 		call puts_P
 202               	.LBB54:
 203               	.LBB55:
 204               	.LSM16:
 205 0008 8BB1      		in r24,43-32
 206 000a 8F70      		andi r24,lo8(15)
 207 000c 8061      		ori r24,lo8(16)
 208 000e 8BB9      		out 43-32,r24
 209               	/* epilogue start */
 210               	.LBE55:
 211               	.LBE54:
 212               	.LSM17:
 213 0010 0895      		ret
 214               	.LFE145:
 216               		.section	.text.EVENT_USB_Host_DeviceAttached,"ax",@progbits
 217               	.global	EVENT_USB_Host_DeviceAttached
 219               	EVENT_USB_Host_DeviceAttached:
 220               	.LFB144:
 221               	.LSM18:
 222               	/* prologue: function */
 223               	/* frame size = 0 */
 224               	.LSM19:
 225 0000 80E0      		ldi r24,lo8(__c.4567)
 226 0002 90E0      		ldi r25,hi8(__c.4567)
 227 0004 0E94 0000 		call puts_P
 228               	.LBB56:
 229               	.LBB57:
 230               	.LSM20:
 231 0008 8BB1      		in r24,43-32
 232 000a 8F70      		andi r24,lo8(15)
 233 000c 806A      		ori r24,lo8(-96)
 234 000e 8BB9      		out 43-32,r24
 235               	/* epilogue start */
 236               	.LBE57:
 237               	.LBE56:
 238               	.LSM21:
 239 0010 0895      		ret
 240               	.LFE144:
 242               		.section	.text.EVENT_USB_Host_DeviceEnumerationComplete,"ax",@progbits
 243               	.global	EVENT_USB_Host_DeviceEnumerationComplete
 245               	EVENT_USB_Host_DeviceEnumerationComplete:
 246               	.LFB146:
 247               	.LSM22:
 248 0000 0F93      		push r16
 249 0002 1F93      		push r17
 250 0004 DF93      		push r29
 251 0006 CF93      		push r28
 252 0008 CDB7      		in r28,__SP_L__
 253 000a DEB7      		in r29,__SP_H__
 254 000c C250      		subi r28,lo8(-(-514))
 255 000e D240      		sbci r29,hi8(-(-514))
 256 0010 0FB6      		in __tmp_reg__,__SREG__
 257 0012 F894      		cli
 258 0014 DEBF      		out __SP_H__,r29
 259 0016 0FBE      		out __SREG__,__tmp_reg__
 260 0018 CDBF      		out __SP_L__,r28
 261               	/* prologue: function */
 262               	/* frame size = 514 */
 263               	.LBB58:
 264               	.LBB59:
 265               	.LSM23:
 266 001a 8BB1      		in r24,43-32
 267 001c 8F70      		andi r24,lo8(15)
 268 001e 806A      		ori r24,lo8(-96)
 269 0020 8BB9      		out 43-32,r24
 270               	.LBE59:
 271               	.LBE58:
 272               	.LSM24:
 273 0022 8E01      		movw r16,r28
 274 0024 0D5F      		subi r16,lo8(-(3))
 275 0026 1F4F      		sbci r17,hi8(-(3))
 276 0028 81E0      		ldi r24,lo8(1)
 277 002a BE01      		movw r22,r28
 278 002c 6F5F      		subi r22,lo8(-(1))
 279 002e 7F4F      		sbci r23,hi8(-(1))
 280 0030 A801      		movw r20,r16
 281 0032 20E0      		ldi r18,lo8(512)
 282 0034 32E0      		ldi r19,hi8(512)
 283 0036 0E94 0000 		call USB_Host_GetDeviceConfigDescriptor
 284 003a 8823      		tst r24
 285 003c 01F0      		breq .L22
 286               	.LSM25:
 287 003e 80E0      		ldi r24,lo8(__c.4579)
 288 0040 90E0      		ldi r25,hi8(__c.4579)
 289 0042 00C0      		rjmp .L29
 290               	.L22:
 291               	.LSM26:
 292 0044 6981      		ldd r22,Y+1
 293 0046 7A81      		ldd r23,Y+2
 294               	.LVL8:
 295 0048 80E0      		ldi r24,lo8(Joystick_HID_Interface)
 296 004a 90E0      		ldi r25,hi8(Joystick_HID_Interface)
 297 004c A801      		movw r20,r16
 298 004e 0E94 0000 		call HID_Host_ConfigurePipes
 299 0052 8823      		tst r24
 300 0054 01F0      		breq .L24
 301               	.LSM27:
 302 0056 80E0      		ldi r24,lo8(__c.4581)
 303 0058 90E0      		ldi r25,hi8(__c.4581)
 304 005a 00C0      		rjmp .L29
 305               	.L24:
 306               	.LSM28:
 307 005c 81E0      		ldi r24,lo8(1)
 308 005e 0E94 0000 		call USB_Host_SetDeviceConfiguration
 309 0062 8823      		tst r24
 310 0064 01F0      		breq .L25
 311               	.LSM29:
 312 0066 80E0      		ldi r24,lo8(__c.4583)
 313 0068 90E0      		ldi r25,hi8(__c.4583)
 314               	.L29:
 315 006a 0E94 0000 		call puts_P
 316               	.LBB60:
 317               	.LBB61:
 318               	.LSM30:
 319 006e 8BB1      		in r24,43-32
 320 0070 8F70      		andi r24,lo8(15)
 321 0072 8069      		ori r24,lo8(-112)
 322 0074 00C0      		rjmp .L28
 323               	.L25:
 324               	.LBE61:
 325               	.LBE60:
 326               	.LSM31:
 327 0076 80E0      		ldi r24,lo8(Joystick_HID_Interface)
 328 0078 90E0      		ldi r25,hi8(Joystick_HID_Interface)
 329 007a 0E94 0000 		call HID_Host_SetReportProtocol
 330 007e 8823      		tst r24
 331 0080 01F0      		breq .L26
 332               	.LSM32:
 333 0082 80E0      		ldi r24,lo8(__c.4585)
 334 0084 90E0      		ldi r25,hi8(__c.4585)
 335 0086 0E94 0000 		call puts_P
 336               	.LBB62:
 337               	.LBB63:
 338               	.LSM33:
 339 008a 8BB1      		in r24,43-32
 340 008c 8F70      		andi r24,lo8(15)
 341 008e 8069      		ori r24,lo8(-112)
 342 0090 8BB9      		out 43-32,r24
 343               	.LBE63:
 344               	.LBE62:
 345               	.LSM34:
 346 0092 80E0      		ldi r24,lo8(0)
 347 0094 0E94 0000 		call USB_Host_SetDeviceConfiguration
 348 0098 00C0      		rjmp .L27
 349               	.L26:
 350               	.LSM35:
 351 009a 80E0      		ldi r24,lo8(__c.4587)
 352 009c 90E0      		ldi r25,hi8(__c.4587)
 353 009e 0E94 0000 		call puts_P
 354               	.LBB64:
 355               	.LBB65:
 356               	.LSM36:
 357 00a2 8BB1      		in r24,43-32
 358 00a4 8F70      		andi r24,lo8(15)
 359 00a6 8066      		ori r24,lo8(96)
 360               	.L28:
 361 00a8 8BB9      		out 43-32,r24
 362               	.L27:
 363               	/* epilogue start */
 364               	.LBE65:
 365               	.LBE64:
 366               	.LSM37:
 367 00aa CE5F      		subi r28,lo8(-(514))
 368 00ac DD4F      		sbci r29,hi8(-(514))
 369 00ae 0FB6      		in __tmp_reg__,__SREG__
 370 00b0 F894      		cli
 371 00b2 DEBF      		out __SP_H__,r29
 372 00b4 0FBE      		out __SREG__,__tmp_reg__
 373 00b6 CDBF      		out __SP_L__,r28
 374 00b8 CF91      		pop r28
 375 00ba DF91      		pop r29
 376 00bc 1F91      		pop r17
 377 00be 0F91      		pop r16
 378 00c0 0895      		ret
 379               	.LFE146:
 381               		.section	.text.JoystickHost_Task,"ax",@progbits
 382               	.global	JoystickHost_Task
 384               	JoystickHost_Task:
 385               	.LFB143:
 386               	.LSM38:
 387 0000 5F92      		push r5
 388 0002 6F92      		push r6
 389 0004 7F92      		push r7
 390 0006 8F92      		push r8
 391 0008 9F92      		push r9
 392 000a AF92      		push r10
 393 000c BF92      		push r11
 394 000e CF92      		push r12
 395 0010 DF92      		push r13
 396 0012 EF92      		push r14
 397 0014 FF92      		push r15
 398 0016 0F93      		push r16
 399 0018 1F93      		push r17
 400 001a DF93      		push r29
 401 001c CF93      		push r28
 402 001e CDB7      		in r28,__SP_L__
 403 0020 DEB7      		in r29,__SP_H__
 404               	/* prologue: function */
 405               	/* frame size = 0 */
 406               	.LSM39:
 407 0022 CDB6      		in r12,__SP_L__
 408 0024 DEB6      		in r13,__SP_H__
 409               	.LSM40:
 410 0026 8091 0000 		lds r24,USB_HostState
 411 002a 8B30      		cpi r24,lo8(11)
 412 002c 01F0      		breq .+2
 413 002e 00C0      		rjmp .L41
 414               	.LSM41:
 415 0030 80E0      		ldi r24,lo8(Joystick_HID_Interface)
 416 0032 90E0      		ldi r25,hi8(Joystick_HID_Interface)
 417 0034 0E94 0000 		call HID_Host_IsReportReceived
 418 0038 8823      		tst r24
 419 003a 01F4      		brne .+2
 420 003c 00C0      		rjmp .L41
 421 003e 7DB6      		in r7,__SP_L__
 422 0040 6EB6      		in r6,__SP_H__
 423               	.LBB66:
 424               	.LSM42:
 425 0042 8091 0000 		lds r24,Joystick_HID_Interface+18
 426 0046 2DB7      		in r18,__SP_L__
 427 0048 3EB7      		in r19,__SP_H__
 428 004a 281B      		sub r18,r24
 429 004c 3109      		sbc r19,__zero_reg__
 430 004e 0FB6      		in __tmp_reg__,__SREG__
 431 0050 F894      		cli
 432 0052 3EBF      		out __SP_H__,r19
 433 0054 0FBE      		out __SREG__,__tmp_reg__
 434 0056 2DBF      		out __SP_L__,r18
 435 0058 0DB7      		in r16,__SP_L__
 436 005a 1EB7      		in r17,__SP_H__
 437 005c 0F5F      		subi r16,lo8(-(1))
 438 005e 1F4F      		sbci r17,hi8(-(1))
 439               	.LSM43:
 440 0060 80E0      		ldi r24,lo8(Joystick_HID_Interface)
 441 0062 90E0      		ldi r25,hi8(Joystick_HID_Interface)
 442 0064 B801      		movw r22,r16
 443 0066 0E94 0000 		call HID_Host_ReceiveReport
 444               	.LBB67:
 445               	.LBB68:
 446               	.LSM44:
 447 006a 4801      		movw r8,r16
 448 006c EE24      		clr r14
 449               	.LVL9:
 450 006e FF24      		clr r15
 451               	.LVL10:
 452               	.LSM45:
 453 0070 2AE2      		ldi r18,lo8(42)
 454 0072 522E      		mov r5,r18
 455               	.LBB69:
 456               	.LSM46:
 457 0074 90E1      		ldi r25,lo8(16)
 458 0076 A92E      		mov r10,r25
 459 0078 B12C      		mov r11,__zero_reg__
 460 007a 00C0      		rjmp .L32
 461               	.LVL11:
 462               	.L40:
 463               	.LBE69:
 464               	.LSM47:
 465 007c E59C      		mul r14,r5
 466 007e 8001      		movw r16,r0
 467 0080 1124      		clr r1
 468 0082 0050      		subi r16,lo8(-(HIDReportInfo+1))
 469 0084 1040      		sbci r17,hi8(-(HIDReportInfo+1))
 470               	.LSM48:
 471 0086 C401      		movw r24,r8
 472 0088 B801      		movw r22,r16
 473 008a 0E94 0000 		call USB_GetHIDReportItemInfo
 474 008e 8823      		tst r24
 475 0090 01F4      		brne .+2
 476 0092 00C0      		rjmp .L33
 477               	.LSM49:
 478 0094 F801      		movw r30,r16
 479 0096 8185      		ldd r24,Z+9
 480 0098 9285      		ldd r25,Z+10
 481 009a 8930      		cpi r24,9
 482 009c 9105      		cpc r25,__zero_reg__
 483 009e 01F4      		brne .L34
 484 00a0 8281      		ldd r24,Z+2
 485 00a2 8823      		tst r24
 486 00a4 01F4      		brne .L33
 487               	.LSM50:
 488 00a6 82A1      		ldd r24,Z+34
 489 00a8 93A1      		ldd r25,Z+35
 490 00aa A4A1      		ldd r26,Z+36
 491 00ac B5A1      		ldd r27,Z+37
 492 00ae 0097      		sbiw r24,0
 493 00b0 A105      		cpc r26,__zero_reg__
 494 00b2 B105      		cpc r27,__zero_reg__
 495 00b4 01F0      		breq .L33
 496 00b6 80EF      		ldi r24,lo8(-16)
 497 00b8 F82E      		mov r15,r24
 498 00ba 00C0      		rjmp .L33
 499               	.L34:
 500               	.LSM51:
 501 00bc 0197      		sbiw r24,1
 502 00be 01F4      		brne .L33
 503 00c0 F801      		movw r30,r16
 504 00c2 6385      		ldd r22,Z+11
 505 00c4 7485      		ldd r23,Z+12
 506 00c6 CB01      		movw r24,r22
 507 00c8 C097      		sbiw r24,48
 508 00ca 0297      		sbiw r24,2
 509 00cc 00F4      		brsh .L33
 510 00ce 8281      		ldd r24,Z+2
 511 00d0 8823      		tst r24
 512 00d2 01F4      		brne .L33
 513               	.LBB70:
 514               	.LSM52:
 515 00d4 8085      		ldd r24,Z+8
 516 00d6 9501      		movw r18,r10
 517 00d8 281B      		sub r18,r24
 518 00da 3109      		sbc r19,__zero_reg__
 519 00dc C901      		movw r24,r18
 520 00de 22A1      		ldd r18,Z+34
 521 00e0 33A1      		ldd r19,Z+35
 522 00e2 44A1      		ldd r20,Z+36
 523 00e4 55A1      		ldd r21,Z+37
 524 00e6 00C0      		rjmp 2f
 525 00e8 220F      	1:	lsl r18
 526 00ea 331F      		rol r19
 527 00ec 441F      		rol r20
 528 00ee 551F      		rol r21
 529 00f0 8A95      	2:	dec r24
 530 00f2 02F4      		brpl 1b
 531               	.LSM53:
 532 00f4 2115      		cp r18,__zero_reg__
 533 00f6 3105      		cpc r19,__zero_reg__
 534 00f8 01F0      		breq .L33
 535               	.LSM54:
 536 00fa 6033      		cpi r22,48
 537 00fc 7105      		cpc r23,__zero_reg__
 538 00fe 01F4      		brne .L35
 539               	.LSM55:
 540 0100 1216      		cp __zero_reg__,r18
 541 0102 1306      		cpc __zero_reg__,r19
 542 0104 04F0      		brlt .L36
 543 0106 80E2      		ldi r24,lo8(32)
 544 0108 00C0      		rjmp .L39
 545               	.L36:
 546 010a 80E1      		ldi r24,lo8(16)
 547 010c 00C0      		rjmp .L39
 548               	.L35:
 549               	.LSM56:
 550 010e 1216      		cp __zero_reg__,r18
 551 0110 1306      		cpc __zero_reg__,r19
 552 0112 04F0      		brlt .L38
 553 0114 80E4      		ldi r24,lo8(64)
 554 0116 00C0      		rjmp .L39
 555               	.L38:
 556 0118 80E8      		ldi r24,lo8(-128)
 557               	.L39:
 558 011a F82A      		or r15,r24
 559               	.L33:
 560               	.LBE70:
 561               	.LBE68:
 562               	.LSM57:
 563 011c E394      		inc r14
 564               	.L32:
 565 011e 8091 0000 		lds r24,HIDReportInfo
 566 0122 E816      		cp r14,r24
 567 0124 00F4      		brsh .+2
 568 0126 00C0      		rjmp .L40
 569               	.LBE67:
 570               	.LBB71:
 571               	.LBB72:
 572               	.LSM58:
 573 0128 8BB1      		in r24,43-32
 574 012a 8F70      		andi r24,lo8(15)
 575 012c F82A      		or r15,r24
 576 012e FBB8      		out 43-32,r15
 577 0130 272D      		mov r18,r7
 578 0132 362D      		mov r19,r6
 579 0134 C901      		movw r24,r18
 580 0136 0FB6      		in __tmp_reg__,__SREG__
 581 0138 F894      		cli
 582 013a 9EBF      		out __SP_H__,r25
 583 013c 0FBE      		out __SREG__,__tmp_reg__
 584 013e 8DBF      		out __SP_L__,r24
 585               	.L41:
 586               	.LBE72:
 587               	.LBE71:
 588               	.LBE66:
 589               	.LSM59:
 590 0140 0FB6      		in __tmp_reg__,__SREG__
 591 0142 F894      		cli
 592 0144 DEBE      		out __SP_H__,r13
 593 0146 0FBE      		out __SREG__,__tmp_reg__
 594 0148 CDBE      		out __SP_L__,r12
 595               	/* epilogue start */
 596 014a CF91      		pop r28
 597 014c DF91      		pop r29
 598 014e 1F91      		pop r17
 599 0150 0F91      		pop r16
 600               	.LVL12:
 601 0152 FF90      		pop r15
 602               	.LVL13:
 603 0154 EF90      		pop r14
 604               	.LVL14:
 605 0156 DF90      		pop r13
 606 0158 CF90      		pop r12
 607 015a BF90      		pop r11
 608 015c AF90      		pop r10
 609 015e 9F90      		pop r9
 610 0160 8F90      		pop r8
 611 0162 7F90      		pop r7
 612 0164 6F90      		pop r6
 613 0166 5F90      		pop r5
 614 0168 0895      		ret
 615               	.LFE143:
 617               		.section	.text.SetupHardware,"ax",@progbits
 618               	.global	SetupHardware
 620               	SetupHardware:
 621               	.LFB142:
 622               	.LSM60:
 623               	/* prologue: function */
 624               	/* frame size = 0 */
 625               	.LSM61:
 626 0000 84B7      		in r24,84-32
 627 0002 877F      		andi r24,lo8(-9)
 628 0004 84BF      		out 84-32,r24
 629               	.LSM62:
 630 0006 38E1      		ldi r19,lo8(24)
 631               	/* #APP */
 632               	 ;  89 "JoystickHostWithParser.c" 1
 633 0008 0FB6      		in __tmp_reg__, __SREG__
 634 000a F894      		cli
 635 000c 3093 6000 		sts 96, r19
 636 0010 1092 6000 		sts 96, __zero_reg__
 637 0014 0FBE      		out __SREG__,__tmp_reg__
 638               		
 639               	 ;  0 "" 2
 640               	/* #NOAPP */
 641               	.LBB73:
 642               	.LSM63:
 643 0016 80E0      		ldi r24,lo8(0)
 644 0018 90E0      		ldi r25,hi8(0)
 645 001a 20E8      		ldi r18,lo8(-128)
 646               	/* #APP */
 647               	 ;  92 "JoystickHostWithParser.c" 1
 648 001c 0FB6      		in __tmp_reg__,__SREG__
 649 001e F894      		cli
 650 0020 2093 6100 		sts 97, r18
 651 0024 8093 6100 		sts 97, r24
 652 0028 0FBE      		out __SREG__, __tmp_reg__
 653               	 ;  0 "" 2
 654               	/* #NOAPP */
 655               	.LBE73:
 656               	.LBB74:
 657               	.LBB75:
 658               	.LSM64:
 659 002a 83E3      		ldi r24,lo8(51)
 660 002c 90E0      		ldi r25,hi8(51)
 661 002e 9093 CD00 		sts (204)+1,r25
 662 0032 8093 CC00 		sts 204,r24
 663               	.LSM65:
 664 0036 86E0      		ldi r24,lo8(6)
 665 0038 8093 CA00 		sts 202,r24
 666               	.LSM66:
 667 003c 1092 C800 		sts 200,__zero_reg__
 668               	.LSM67:
 669 0040 3093 C900 		sts 201,r19
 670               	.LSM68:
 671 0044 539A      		sbi 42-32,3
 672               	.LSM69:
 673 0046 5A9A      		sbi 43-32,2
 674               	.LBE75:
 675               	.LBE74:
 676               	.LBB76:
 677               	.LBB77:
 678               	.LSM70:
 679 0048 8AB1      		in r24,42-32
 680 004a 806F      		ori r24,lo8(-16)
 681 004c 8AB9      		out 42-32,r24
 682               	.LSM71:
 683 004e 8BB1      		in r24,43-32
 684 0050 8F70      		andi r24,lo8(15)
 685 0052 8BB9      		out 43-32,r24
 686               	.LBE77:
 687               	.LBE76:
 688               	.LSM72:
 689 0054 0E94 0000 		call USB_Init
 690               	.LBB78:
 691               	.LBB79:
 692               	.LSM73:
 693 0058 E0E0      		ldi r30,lo8(USARTSerialStream)
 694 005a F0E0      		ldi r31,hi8(USARTSerialStream)
 695 005c F093 0000 		sts (__iob)+1,r31
 696 0060 E093 0000 		sts __iob,r30
 697               	.LSM74:
 698 0064 F093 0000 		sts (__iob+2)+1,r31
 699 0068 E093 0000 		sts __iob+2,r30
 700               	.LSM75:
 701 006c 8EE0      		ldi r24,lo8(14)
 702 006e DF01      		movw r26,r30
 703 0070 1D92      		st X+,__zero_reg__
 704 0072 8A95      	        dec r24
 705 0074 01F4      		brne .-6
 706 0076 83E0      		ldi r24,lo8(3)
 707 0078 8093 0000 		sts USARTSerialStream+3,r24
 708 007c 80E0      		ldi r24,lo8(gs(Serial_putchar))
 709 007e 90E0      		ldi r25,hi8(gs(Serial_putchar))
 710 0080 9093 0000 		sts (USARTSerialStream+8)+1,r25
 711 0084 8093 0000 		sts USARTSerialStream+8,r24
 712 0088 80E0      		ldi r24,lo8(gs(Serial_getchar))
 713 008a 90E0      		ldi r25,hi8(gs(Serial_getchar))
 714 008c 9093 0000 		sts (USARTSerialStream+10)+1,r25
 715 0090 8093 0000 		sts USARTSerialStream+10,r24
 716               	/* epilogue start */
 717               	.LBE79:
 718               	.LBE78:
 719               	.LSM76:
 720 0094 0895      		ret
 721               	.LFE142:
 723               		.section	.text.main,"ax",@progbits
 724               	.global	main
 726               	main:
 727               	.LFB141:
 728               	.LSM77:
 729               	/* prologue: function */
 730               	/* frame size = 0 */
 731               	.LSM78:
 732 0000 0E94 0000 		call SetupHardware
 733               	.LSM79:
 734 0004 80E0      		ldi r24,lo8(__c.4506)
 735 0006 90E0      		ldi r25,hi8(__c.4506)
 736 0008 0E94 0000 		call puts_P
 737               	.LBB80:
 738               	.LBB81:
 739               	.LSM80:
 740 000c 8BB1      		in r24,43-32
 741 000e 8F70      		andi r24,lo8(15)
 742 0010 8061      		ori r24,lo8(16)
 743 0012 8BB9      		out 43-32,r24
 744               	.LBE81:
 745               	.LBE80:
 746               	.LSM81:
 747               	/* #APP */
 748               	 ;  73 "JoystickHostWithParser.c" 1
 749 0014 7894      		sei
 750               	 ;  0 "" 2
 751               	/* #NOAPP */
 752               	.L45:
 753               	.LSM82:
 754 0016 0E94 0000 		call JoystickHost_Task
 755               	.LSM83:
 756 001a 0E94 0000 		call USB_USBTask
 757 001e 00C0      		rjmp .L45
 758               	.LFE141:
 760               	.global	Joystick_HID_Interface
 761               		.data
 764               	Joystick_HID_Interface:
 765 0000 01        		.byte	1
 766 0001 00        		.byte	0
 767 0002 02        		.byte	2
 768 0003 00        		.byte	0
 769 0004 00        		.byte	0
 770 0005 0000      		.word	HIDReportInfo
 771 0007 0000 0000 		.skip 12,0
 771      0000 0000 
 771      0000 0000 
 772               		.section	.progmem.data,"a",@progbits
 775               	__c.4605:
 776 0000 1B5B 3331 		.ascii	"\033[31mDev Enum Error\r\n"
 776      6D44 6576 
 776      2045 6E75 
 776      6D20 4572 
 776      726F 720D 
 777 0015 202D 2D20 		.string	" -- Error Code %d\r\n -- Sub Error Code %d\r\n -- In State %d\r\n\033[37m"
 777      4572 726F 
 777      7220 436F 
 777      6465 2025 
 777      640D 0A20 
 780               	__c.4597:
 781 0056 1B5B 3331 		.string	"\033[31mHost Mode Error\r\n -- Error Code %d\r\n\033[37m"
 781      6D48 6F73 
 781      7420 4D6F 
 781      6465 2045 
 781      7272 6F72 
 784               	__c.4587:
 785 0085 4A6F 7973 		.string	"Joystick Enumerated.\r\n"
 785      7469 636B 
 785      2045 6E75 
 785      6D65 7261 
 785      7465 642E 
 788               	__c.4585:
 789 009c 4572 726F 		.string	"Error Setting Report Protocol Mode or Not a Valid Joystick.\r\n"
 789      7220 5365 
 789      7474 696E 
 789      6720 5265 
 789      706F 7274 
 792               	__c.4583:
 793 00da 4572 726F 		.string	"Error Setting Device Configuration.\r\n"
 793      7220 5365 
 793      7474 696E 
 793      6720 4465 
 793      7669 6365 
 796               	__c.4581:
 797 0100 4174 7461 		.string	"Attached Device Not a Valid Joystick.\r\n"
 797      6368 6564 
 797      2044 6576 
 797      6963 6520 
 797      4E6F 7420 
 800               	__c.4579:
 801 0128 4572 726F 		.string	"Error Retrieving Configuration Descriptor.\r\n"
 801      7220 5265 
 801      7472 6965 
 801      7669 6E67 
 801      2043 6F6E 
 804               	__c.4572:
 805 0155 0D0A 4465 		.string	"\r\nDevice Unattached.\r\n"
 805      7669 6365 
 805      2055 6E61 
 805      7474 6163 
 805      6865 642E 
 808               	__c.4567:
 809 016c 4465 7669 		.string	"Device Attached.\r\n"
 809      6365 2041 
 809      7474 6163 
 809      6865 642E 
 809      0D0A 00
 812               	__c.4506:
 813 017f 1B5B 3336 		.string	"\033[36mJoystick Host Demo running.\r\n\033[37m"
 813      6D4A 6F79 
 813      7374 6963 
 813      6B20 486F 
 813      7374 2044 
 814               		.lcomm HIDReportInfo,985
 903               	.Letext0:
DEFINED SYMBOLS
                            *ABS*:00000000 JoystickHostWithParser.c
C:\Users\Eddie\AppData\Local\Temp/ccTGOeCF.s:2      *ABS*:0000003f __SREG__
C:\Users\Eddie\AppData\Local\Temp/ccTGOeCF.s:3      *ABS*:0000003e __SP_H__
C:\Users\Eddie\AppData\Local\Temp/ccTGOeCF.s:4      *ABS*:0000003d __SP_L__
C:\Users\Eddie\AppData\Local\Temp/ccTGOeCF.s:5      *ABS*:00000034 __CCP__
C:\Users\Eddie\AppData\Local\Temp/ccTGOeCF.s:6      *ABS*:00000000 __tmp_reg__
C:\Users\Eddie\AppData\Local\Temp/ccTGOeCF.s:7      *ABS*:00000001 __zero_reg__
C:\Users\Eddie\AppData\Local\Temp/ccTGOeCF.s:19     .text.CALLBACK_HIDParser_FilterHIDReportItem:00000000 CALLBACK_HIDParser_FilterHIDReportItem
C:\Users\Eddie\AppData\Local\Temp/ccTGOeCF.s:83     .text.EVENT_USB_Host_DeviceEnumerationFailed:00000000 EVENT_USB_Host_DeviceEnumerationFailed
C:\Users\Eddie\AppData\Local\Temp/ccTGOeCF.s:775    .progmem.data:00000000 __c.4605
C:\Users\Eddie\AppData\Local\Temp/ccTGOeCF.s:145    .text.EVENT_USB_Host_HostError:00000000 EVENT_USB_Host_HostError
C:\Users\Eddie\AppData\Local\Temp/ccTGOeCF.s:780    .progmem.data:00000056 __c.4597
C:\Users\Eddie\AppData\Local\Temp/ccTGOeCF.s:193    .text.EVENT_USB_Host_DeviceUnattached:00000000 EVENT_USB_Host_DeviceUnattached
C:\Users\Eddie\AppData\Local\Temp/ccTGOeCF.s:804    .progmem.data:00000155 __c.4572
C:\Users\Eddie\AppData\Local\Temp/ccTGOeCF.s:219    .text.EVENT_USB_Host_DeviceAttached:00000000 EVENT_USB_Host_DeviceAttached
C:\Users\Eddie\AppData\Local\Temp/ccTGOeCF.s:808    .progmem.data:0000016c __c.4567
C:\Users\Eddie\AppData\Local\Temp/ccTGOeCF.s:245    .text.EVENT_USB_Host_DeviceEnumerationComplete:00000000 EVENT_USB_Host_DeviceEnumerationComplete
C:\Users\Eddie\AppData\Local\Temp/ccTGOeCF.s:800    .progmem.data:00000128 __c.4579
C:\Users\Eddie\AppData\Local\Temp/ccTGOeCF.s:764    .data:00000000 Joystick_HID_Interface
C:\Users\Eddie\AppData\Local\Temp/ccTGOeCF.s:796    .progmem.data:00000100 __c.4581
C:\Users\Eddie\AppData\Local\Temp/ccTGOeCF.s:792    .progmem.data:000000da __c.4583
C:\Users\Eddie\AppData\Local\Temp/ccTGOeCF.s:788    .progmem.data:0000009c __c.4585
C:\Users\Eddie\AppData\Local\Temp/ccTGOeCF.s:784    .progmem.data:00000085 __c.4587
C:\Users\Eddie\AppData\Local\Temp/ccTGOeCF.s:384    .text.JoystickHost_Task:00000000 JoystickHost_Task
                             .bss:00000000 HIDReportInfo
C:\Users\Eddie\AppData\Local\Temp/ccTGOeCF.s:620    .text.SetupHardware:00000000 SetupHardware
C:\Users\Eddie\AppData\Local\Temp/ccTGOeCF.s:726    .text.main:00000000 main
C:\Users\Eddie\AppData\Local\Temp/ccTGOeCF.s:812    .progmem.data:0000017f __c.4506

UNDEFINED SYMBOLS
USB_HostState
printf_P
USB_Disable
puts_P
USB_Host_GetDeviceConfigDescriptor
HID_Host_ConfigurePipes
USB_Host_SetDeviceConfiguration
HID_Host_SetReportProtocol
HID_Host_IsReportReceived
HID_Host_ReceiveReport
USB_GetHIDReportItemInfo
USB_Init
USARTSerialStream
__iob
Serial_putchar
Serial_getchar
USB_USBTask
__do_copy_data
__do_clear_bss
