   1               		.file	"JoystickHostWithParser.c"
   2               	__SREG__ = 0x3f
   3               	__SP_H__ = 0x3e
   4               	__SP_L__ = 0x3d
   5               	__CCP__  = 0x34
   6               	__tmp_reg__ = 0
   7               	__zero_reg__ = 1
  15               	.Ltext0:
  16               		.section	.text.ProcessJoystickReport,"ax",@progbits
  17               	.global	ProcessJoystickReport
  19               	ProcessJoystickReport:
  20               	.LFB149:
  21               	.LSM0:
  22               	.LVL0:
  23 0000 BF92      		push r11
  24 0002 CF92      		push r12
  25 0004 DF92      		push r13
  26 0006 EF92      		push r14
  27 0008 FF92      		push r15
  28 000a 0F93      		push r16
  29 000c 1F93      		push r17
  30 000e CF93      		push r28
  31 0010 DF93      		push r29
  32               	/* prologue: function */
  33               	/* frame size = 0 */
  34 0012 7C01      		movw r14,r24
  35               	.LSM1:
  36 0014 10E0      		ldi r17,lo8(0)
  37               	.LVL1:
  38 0016 00E0      		ldi r16,lo8(0)
  39               	.LVL2:
  40               	.LBB64:
  41               	.LBB65:
  42               	.LSM2:
  43 0018 9AE2      		ldi r25,lo8(42)
  44 001a B92E      		mov r11,r25
  45               	.LBB66:
  46               	.LSM3:
  47 001c 80E1      		ldi r24,lo8(16)
  48 001e C82E      		mov r12,r24
  49 0020 D12C      		mov r13,__zero_reg__
  50               	.LVL3:
  51 0022 00C0      		rjmp .L2
  52               	.LVL4:
  53               	.L10:
  54               	.LBE66:
  55               	.LSM4:
  56 0024 0B9D      		mul r16,r11
  57 0026 E001      		movw r28,r0
  58 0028 1124      		clr r1
  59 002a C050      		subi r28,lo8(-(HIDReportInfo+1))
  60 002c D040      		sbci r29,hi8(-(HIDReportInfo+1))
  61               	.LSM5:
  62 002e 8985      		ldd r24,Y+9
  63 0030 9A85      		ldd r25,Y+10
  64 0032 8930      		cpi r24,9
  65 0034 9105      		cpc r25,__zero_reg__
  66 0036 01F4      		brne .L3
  67 0038 8A81      		ldd r24,Y+2
  68 003a 8823      		tst r24
  69 003c 01F0      		breq .+2
  70 003e 00C0      		rjmp .L4
  71               	.LSM6:
  72 0040 C701      		movw r24,r14
  73 0042 BE01      		movw r22,r28
  74 0044 0E94 0000 		call USB_GetHIDReportItemInfo
  75               	.LSM7:
  76 0048 8823      		tst r24
  77 004a 01F4      		brne .+2
  78 004c 00C0      		rjmp .L4
  79               	.LSM8:
  80 004e 8AA1      		ldd r24,Y+34
  81 0050 9BA1      		ldd r25,Y+35
  82 0052 ACA1      		ldd r26,Y+36
  83 0054 BDA1      		ldd r27,Y+37
  84 0056 0097      		sbiw r24,0
  85 0058 A105      		cpc r26,__zero_reg__
  86 005a B105      		cpc r27,__zero_reg__
  87 005c 01F0      		breq .L4
  88 005e 10EF      		ldi r17,lo8(-16)
  89 0060 00C0      		rjmp .L4
  90               	.L3:
  91               	.LSM9:
  92 0062 0197      		sbiw r24,1
  93 0064 01F4      		brne .L4
  94 0066 8B85      		ldd r24,Y+11
  95 0068 9C85      		ldd r25,Y+12
  96 006a C097      		sbiw r24,48
  97 006c 0297      		sbiw r24,2
  98 006e 00F4      		brsh .L4
  99 0070 8A81      		ldd r24,Y+2
 100 0072 8823      		tst r24
 101 0074 01F4      		brne .L4
 102               	.LBB67:
 103               	.LSM10:
 104 0076 C701      		movw r24,r14
 105 0078 BE01      		movw r22,r28
 106 007a 0E94 0000 		call USB_GetHIDReportItemInfo
 107               	.LSM11:
 108 007e 8823      		tst r24
 109 0080 01F0      		breq .L4
 110               	.LSM12:
 111 0082 8885      		ldd r24,Y+8
 112 0084 9601      		movw r18,r12
 113 0086 281B      		sub r18,r24
 114 0088 3109      		sbc r19,__zero_reg__
 115 008a C901      		movw r24,r18
 116 008c 2AA1      		ldd r18,Y+34
 117 008e 3BA1      		ldd r19,Y+35
 118 0090 4CA1      		ldd r20,Y+36
 119 0092 5DA1      		ldd r21,Y+37
 120 0094 00C0      		rjmp 2f
 121 0096 220F      	1:	lsl r18
 122 0098 331F      		rol r19
 123 009a 441F      		rol r20
 124 009c 551F      		rol r21
 125 009e 8A95      	2:	dec r24
 126 00a0 02F4      		brpl 1b
 127               	.LSM13:
 128 00a2 2115      		cp r18,__zero_reg__
 129 00a4 3105      		cpc r19,__zero_reg__
 130 00a6 01F0      		breq .L4
 131               	.LSM14:
 132 00a8 8B85      		ldd r24,Y+11
 133 00aa 9C85      		ldd r25,Y+12
 134 00ac C097      		sbiw r24,48
 135 00ae 01F4      		brne .L5
 136               	.LSM15:
 137 00b0 1216      		cp __zero_reg__,r18
 138 00b2 1306      		cpc __zero_reg__,r19
 139 00b4 04F0      		brlt .L6
 140 00b6 80E2      		ldi r24,lo8(32)
 141 00b8 00C0      		rjmp .L9
 142               	.L6:
 143 00ba 80E1      		ldi r24,lo8(16)
 144 00bc 00C0      		rjmp .L9
 145               	.L5:
 146               	.LSM16:
 147 00be 1216      		cp __zero_reg__,r18
 148 00c0 1306      		cpc __zero_reg__,r19
 149 00c2 04F0      		brlt .L8
 150 00c4 80E4      		ldi r24,lo8(64)
 151 00c6 00C0      		rjmp .L9
 152               	.L8:
 153 00c8 80E8      		ldi r24,lo8(-128)
 154               	.L9:
 155 00ca 182B      		or r17,r24
 156               	.L4:
 157               	.LBE67:
 158               	.LBE65:
 159               	.LSM17:
 160 00cc 0F5F      		subi r16,lo8(-(1))
 161               	.L2:
 162 00ce 8091 0000 		lds r24,HIDReportInfo
 163 00d2 0817      		cp r16,r24
 164 00d4 00F4      		brsh .+2
 165 00d6 00C0      		rjmp .L10
 166               	.LBE64:
 167               	.LBB68:
 168               	.LBB69:
 169               	.LSM18:
 170 00d8 8BB1      		in r24,43-32
 171 00da 8F70      		andi r24,lo8(15)
 172 00dc 182B      		or r17,r24
 173 00de 1BB9      		out 43-32,r17
 174               	/* epilogue start */
 175               	.LBE69:
 176               	.LBE68:
 177               	.LSM19:
 178 00e0 DF91      		pop r29
 179 00e2 CF91      		pop r28
 180               	.LVL5:
 181 00e4 1F91      		pop r17
 182               	.LVL6:
 183 00e6 0F91      		pop r16
 184               	.LVL7:
 185 00e8 FF90      		pop r15
 186 00ea EF90      		pop r14
 187               	.LVL8:
 188 00ec DF90      		pop r13
 189 00ee CF90      		pop r12
 190 00f0 BF90      		pop r11
 191 00f2 0895      		ret
 192               	.LFE149:
 194               		.section	.text.JoystickHost_Task,"ax",@progbits
 195               	.global	JoystickHost_Task
 197               	JoystickHost_Task:
 198               	.LFB148:
 199               	.LSM20:
 200 0000 CF92      		push r12
 201 0002 DF92      		push r13
 202 0004 EF92      		push r14
 203 0006 FF92      		push r15
 204 0008 0F93      		push r16
 205 000a 1F93      		push r17
 206 000c DF93      		push r29
 207 000e CF93      		push r28
 208 0010 CDB7      		in r28,__SP_L__
 209 0012 DEB7      		in r29,__SP_H__
 210               	/* prologue: function */
 211               	/* frame size = 0 */
 212               	.LSM21:
 213 0014 CDB6      		in r12,__SP_L__
 214 0016 DEB6      		in r13,__SP_H__
 215               	.LSM22:
 216 0018 8091 0000 		lds r24,USB_HostState
 217 001c 8B30      		cpi r24,lo8(11)
 218 001e 01F0      		breq .+2
 219 0020 00C0      		rjmp .L16
 220               	.LBB70:
 221               	.LBB71:
 222               	.LSM23:
 223 0022 81E0      		ldi r24,lo8(1)
 224 0024 8093 A700 		sts 167,r24
 225               	.LBE71:
 226               	.LBE70:
 227               	.LBB72:
 228               	.LBB73:
 229               	.LSM24:
 230 0028 8091 A900 		lds r24,169
 231 002c 8F7B      		andi r24,lo8(-65)
 232 002e 8093 A900 		sts 169,r24
 233               	.LBE73:
 234               	.LBE72:
 235               	.LBB74:
 236               	.LBB75:
 237               	.LSM25:
 238 0032 8091 A600 		lds r24,166
 239               	.LBE75:
 240               	.LBE74:
 241               	.LSM26:
 242 0036 80FF      		sbrs r24,0
 243 0038 00C0      		rjmp .L14
 244               	.LBB76:
 245               	.LBB77:
 246               	.LSM27:
 247 003a 8091 A600 		lds r24,166
 248               	.LBE77:
 249               	.LBE76:
 250               	.LSM28:
 251 003e 85FF      		sbrs r24,5
 252 0040 00C0      		rjmp .L15
 253 0042 EEB6      		in r14,__SP_H__
 254               	.LBB78:
 255               	.LBB79:
 256               	.LBB80:
 257               	.LSM29:
 258 0044 8091 F600 		lds r24,246
 259 0048 9091 F700 		lds r25,(246)+1
 260               	.LBE80:
 261               	.LBE79:
 262               	.LSM30:
 263 004c 2DB7      		in r18,__SP_L__
 264 004e 3EB7      		in r19,__SP_H__
 265 0050 281B      		sub r18,r24
 266 0052 390B      		sbc r19,r25
 267 0054 0FB6      		in __tmp_reg__,__SREG__
 268 0056 F894      		cli
 269 0058 3EBF      		out __SP_H__,r19
 270 005a 0FBE      		out __SREG__,__tmp_reg__
 271 005c 2DBF      		out __SP_L__,r18
 272 005e 0DB7      		in r16,__SP_L__
 273 0060 1EB7      		in r17,__SP_H__
 274 0062 0F5F      		subi r16,lo8(-(1))
 275 0064 1F4F      		sbci r17,hi8(-(1))
 276               	.LBB81:
 277               	.LBB82:
 278               	.LSM31:
 279 0066 6091 F600 		lds r22,246
 280 006a 7091 F700 		lds r23,(246)+1
 281               	.LBE82:
 282               	.LBE81:
 283               	.LSM32:
 284 006e C801      		movw r24,r16
 285 0070 40E0      		ldi r20,lo8(0)
 286 0072 50E0      		ldi r21,hi8(0)
 287 0074 0E94 0000 		call Pipe_Read_Stream_LE
 288               	.LSM33:
 289 0078 C801      		movw r24,r16
 290 007a 0E94 0000 		call ProcessJoystickReport
 291 007e 2C2D      		mov r18,r12
 292 0080 3E2D      		mov r19,r14
 293 0082 C901      		movw r24,r18
 294 0084 0FB6      		in __tmp_reg__,__SREG__
 295 0086 F894      		cli
 296 0088 9EBF      		out __SP_H__,r25
 297 008a 0FBE      		out __SREG__,__tmp_reg__
 298 008c 8DBF      		out __SP_L__,r24
 299               	.L15:
 300               	.LBE78:
 301               	.LBB83:
 302               	.LBB84:
 303               	.LSM34:
 304 008e 8091 A600 		lds r24,166
 305 0092 8E77      		andi r24,lo8(126)
 306 0094 8093 A600 		sts 166,r24
 307               	.L14:
 308               	.LBE84:
 309               	.LBE83:
 310               	.LBB85:
 311               	.LBB86:
 312               	.LSM35:
 313 0098 8091 A900 		lds r24,169
 314 009c 8064      		ori r24,lo8(64)
 315 009e 8093 A900 		sts 169,r24
 316               	.L16:
 317               	.LBE86:
 318               	.LBE85:
 319               	.LSM36:
 320 00a2 0FB6      		in __tmp_reg__,__SREG__
 321 00a4 F894      		cli
 322 00a6 DEBE      		out __SP_H__,r13
 323 00a8 0FBE      		out __SREG__,__tmp_reg__
 324 00aa CDBE      		out __SP_L__,r12
 325               	/* epilogue start */
 326 00ac CF91      		pop r28
 327 00ae DF91      		pop r29
 328 00b0 1F91      		pop r17
 329 00b2 0F91      		pop r16
 330 00b4 FF90      		pop r15
 331 00b6 EF90      		pop r14
 332 00b8 DF90      		pop r13
 333 00ba CF90      		pop r12
 334 00bc 0895      		ret
 335               	.LFE148:
 337               		.section	.text.EVENT_USB_Host_DeviceEnumerationFailed,"ax",@progbits
 338               	.global	EVENT_USB_Host_DeviceEnumerationFailed
 340               	EVENT_USB_Host_DeviceEnumerationFailed:
 341               	.LFB147:
 342               	.LSM37:
 343               	.LVL9:
 344               	/* prologue: function */
 345               	/* frame size = 0 */
 346               	.LSM38:
 347 0000 9091 0000 		lds r25,USB_HostState
 348 0004 2DB7      		in r18,__SP_L__
 349 0006 3EB7      		in r19,__SP_H__
 350 0008 2850      		subi r18,lo8(-(-8))
 351 000a 3040      		sbci r19,hi8(-(-8))
 352 000c 0FB6      		in __tmp_reg__,__SREG__
 353 000e F894      		cli
 354 0010 3EBF      		out __SP_H__,r19
 355 0012 0FBE      		out __SREG__,__tmp_reg__
 356 0014 2DBF      		out __SP_L__,r18
 357 0016 EDB7      		in r30,__SP_L__
 358 0018 FEB7      		in r31,__SP_H__
 359 001a 3196      		adiw r30,1
 360 001c 20E0      		ldi r18,lo8(__c.4592)
 361 001e 30E0      		ldi r19,hi8(__c.4592)
 362 0020 ADB7      		in r26,__SP_L__
 363 0022 BEB7      		in r27,__SP_H__
 364 0024 1296      		adiw r26,1+1
 365 0026 3C93      		st X,r19
 366 0028 2E93      		st -X,r18
 367 002a 1197      		sbiw r26,1
 368 002c 8283      		std Z+2,r24
 369 002e 1382      		std Z+3,__zero_reg__
 370 0030 6483      		std Z+4,r22
 371 0032 1582      		std Z+5,__zero_reg__
 372 0034 9683      		std Z+6,r25
 373 0036 1782      		std Z+7,__zero_reg__
 374 0038 0E94 0000 		call printf_P
 375               	.LVL10:
 376               	.LBB87:
 377               	.LBB88:
 378               	.LSM39:
 379 003c 8BB1      		in r24,43-32
 380 003e 8F70      		andi r24,lo8(15)
 381 0040 8069      		ori r24,lo8(-112)
 382 0042 8BB9      		out 43-32,r24
 383 0044 2DB7      		in r18,__SP_L__
 384 0046 3EB7      		in r19,__SP_H__
 385 0048 285F      		subi r18,lo8(-(8))
 386 004a 3F4F      		sbci r19,hi8(-(8))
 387 004c 0FB6      		in __tmp_reg__,__SREG__
 388 004e F894      		cli
 389 0050 3EBF      		out __SP_H__,r19
 390 0052 0FBE      		out __SREG__,__tmp_reg__
 391 0054 2DBF      		out __SP_L__,r18
 392               	/* epilogue start */
 393               	.LBE88:
 394               	.LBE87:
 395               	.LSM40:
 396 0056 0895      		ret
 397               	.LFE147:
 399               		.section	.text.EVENT_USB_Host_HostError,"ax",@progbits
 400               	.global	EVENT_USB_Host_HostError
 402               	EVENT_USB_Host_HostError:
 403               	.LFB146:
 404               	.LSM41:
 405               	.LVL11:
 406 0000 1F93      		push r17
 407               	/* prologue: function */
 408               	/* frame size = 0 */
 409 0002 182F      		mov r17,r24
 410               	.LSM42:
 411 0004 0E94 0000 		call USB_Disable
 412               	.LVL12:
 413               	.LSM43:
 414 0008 00D0      		rcall .
 415 000a 00D0      		rcall .
 416 000c EDB7      		in r30,__SP_L__
 417 000e FEB7      		in r31,__SP_H__
 418 0010 3196      		adiw r30,1
 419 0012 80E0      		ldi r24,lo8(__c.4584)
 420 0014 90E0      		ldi r25,hi8(__c.4584)
 421 0016 ADB7      		in r26,__SP_L__
 422 0018 BEB7      		in r27,__SP_H__
 423 001a 1296      		adiw r26,1+1
 424 001c 9C93      		st X,r25
 425 001e 8E93      		st -X,r24
 426 0020 1197      		sbiw r26,1
 427 0022 1283      		std Z+2,r17
 428 0024 1382      		std Z+3,__zero_reg__
 429 0026 0E94 0000 		call printf_P
 430               	.LBB89:
 431               	.LBB90:
 432               	.LSM44:
 433 002a 8BB1      		in r24,43-32
 434 002c 8F70      		andi r24,lo8(15)
 435 002e 8069      		ori r24,lo8(-112)
 436 0030 8BB9      		out 43-32,r24
 437 0032 0F90      		pop __tmp_reg__
 438 0034 0F90      		pop __tmp_reg__
 439 0036 0F90      		pop __tmp_reg__
 440 0038 0F90      		pop __tmp_reg__
 441               	.L20:
 442 003a 00C0      		rjmp .L20
 443               	.LBE90:
 444               	.LBE89:
 445               	.LFE146:
 447               		.section	.text.EVENT_USB_Host_DeviceUnattached,"ax",@progbits
 448               	.global	EVENT_USB_Host_DeviceUnattached
 450               	EVENT_USB_Host_DeviceUnattached:
 451               	.LFB144:
 452               	.LSM45:
 453               	/* prologue: function */
 454               	/* frame size = 0 */
 455               	.LSM46:
 456 0000 80E0      		ldi r24,lo8(__c.4549)
 457 0002 90E0      		ldi r25,hi8(__c.4549)
 458 0004 0E94 0000 		call puts_P
 459               	.LBB91:
 460               	.LBB92:
 461               	.LSM47:
 462 0008 8BB1      		in r24,43-32
 463 000a 8F70      		andi r24,lo8(15)
 464 000c 8061      		ori r24,lo8(16)
 465 000e 8BB9      		out 43-32,r24
 466               	/* epilogue start */
 467               	.LBE92:
 468               	.LBE91:
 469               	.LSM48:
 470 0010 0895      		ret
 471               	.LFE144:
 473               		.section	.text.EVENT_USB_Host_DeviceAttached,"ax",@progbits
 474               	.global	EVENT_USB_Host_DeviceAttached
 476               	EVENT_USB_Host_DeviceAttached:
 477               	.LFB143:
 478               	.LSM49:
 479               	/* prologue: function */
 480               	/* frame size = 0 */
 481               	.LSM50:
 482 0000 80E0      		ldi r24,lo8(__c.4544)
 483 0002 90E0      		ldi r25,hi8(__c.4544)
 484 0004 0E94 0000 		call puts_P
 485               	.LBB93:
 486               	.LBB94:
 487               	.LSM51:
 488 0008 8BB1      		in r24,43-32
 489 000a 8F70      		andi r24,lo8(15)
 490 000c 806A      		ori r24,lo8(-96)
 491 000e 8BB9      		out 43-32,r24
 492               	/* epilogue start */
 493               	.LBE94:
 494               	.LBE93:
 495               	.LSM52:
 496 0010 0895      		ret
 497               	.LFE143:
 499               		.section	.text.EVENT_USB_Host_DeviceEnumerationComplete,"ax",@progbits
 500               	.global	EVENT_USB_Host_DeviceEnumerationComplete
 502               	EVENT_USB_Host_DeviceEnumerationComplete:
 503               	.LFB145:
 504               	.LSM53:
 505 0000 1F93      		push r17
 506               	/* prologue: function */
 507               	/* frame size = 0 */
 508               	.LSM54:
 509 0002 80E0      		ldi r24,lo8(__c.4554)
 510 0004 90E0      		ldi r25,hi8(__c.4554)
 511 0006 0E94 0000 		call puts_P
 512               	.LSM55:
 513 000a 0E94 0000 		call ProcessConfigurationDescriptor
 514 000e 182F      		mov r17,r24
 515               	.LVL13:
 516 0010 8823      		tst r24
 517 0012 01F0      		breq .L27
 518               	.LVL14:
 519               	.LSM56:
 520 0014 8130      		cpi r24,lo8(1)
 521 0016 01F4      		brne .L28
 522               	.LSM57:
 523 0018 80E0      		ldi r24,lo8(__c.4557)
 524 001a 90E0      		ldi r25,hi8(__c.4557)
 525               	.LVL15:
 526 001c 00C0      		rjmp .L36
 527               	.LVL16:
 528               	.L28:
 529               	.LSM58:
 530 001e 80E0      		ldi r24,lo8(__c.4559)
 531 0020 90E0      		ldi r25,hi8(__c.4559)
 532               	.LVL17:
 533               	.L36:
 534 0022 0E94 0000 		call puts_P
 535               	.LSM59:
 536 0026 00D0      		rcall .
 537 0028 00D0      		rcall .
 538 002a EDB7      		in r30,__SP_L__
 539 002c FEB7      		in r31,__SP_H__
 540 002e 3196      		adiw r30,1
 541 0030 80E0      		ldi r24,lo8(__c.4561)
 542 0032 90E0      		ldi r25,hi8(__c.4561)
 543 0034 ADB7      		in r26,__SP_L__
 544 0036 BEB7      		in r27,__SP_H__
 545 0038 1296      		adiw r26,1+1
 546 003a 9C93      		st X,r25
 547 003c 8E93      		st -X,r24
 548 003e 1197      		sbiw r26,1
 549 0040 1283      		std Z+2,r17
 550 0042 00C0      		rjmp .L37
 551               	.LVL18:
 552               	.L27:
 553               	.LSM60:
 554 0044 81E0      		ldi r24,lo8(1)
 555               	.LVL19:
 556 0046 0E94 0000 		call USB_Host_SetDeviceConfiguration
 557 004a 282F      		mov r18,r24
 558               	.LVL20:
 559 004c 8823      		tst r24
 560 004e 01F0      		breq .L31
 561               	.LVL21:
 562               	.LSM61:
 563 0050 00D0      		rcall .
 564 0052 00D0      		rcall .
 565 0054 EDB7      		in r30,__SP_L__
 566 0056 FEB7      		in r31,__SP_H__
 567 0058 3196      		adiw r30,1
 568 005a 80E0      		ldi r24,lo8(__c.4563)
 569 005c 90E0      		ldi r25,hi8(__c.4563)
 570               	.LVL22:
 571 005e ADB7      		in r26,__SP_L__
 572 0060 BEB7      		in r27,__SP_H__
 573 0062 1296      		adiw r26,1+1
 574 0064 9C93      		st X,r25
 575 0066 8E93      		st -X,r24
 576 0068 1197      		sbiw r26,1
 577 006a 2283      		std Z+2,r18
 578               	.LVL23:
 579               	.L37:
 580 006c 1382      		std Z+3,__zero_reg__
 581 006e 0E94 0000 		call printf_P
 582               	.LVL24:
 583               	.LBB95:
 584               	.LBB96:
 585               	.LSM62:
 586 0072 8BB1      		in r24,43-32
 587 0074 8F70      		andi r24,lo8(15)
 588 0076 8069      		ori r24,lo8(-112)
 589 0078 8BB9      		out 43-32,r24
 590 007a 0F90      		pop __tmp_reg__
 591 007c 0F90      		pop __tmp_reg__
 592 007e 0F90      		pop __tmp_reg__
 593 0080 0F90      		pop __tmp_reg__
 594 0082 00C0      		rjmp .L35
 595               	.LVL25:
 596               	.L31:
 597               	.LBE96:
 598               	.LBE95:
 599               	.LSM63:
 600 0084 00D0      		rcall .
 601 0086 00D0      		rcall .
 602 0088 80E0      		ldi r24,lo8(__c.4565)
 603 008a 90E0      		ldi r25,hi8(__c.4565)
 604               	.LVL26:
 605 008c EDB7      		in r30,__SP_L__
 606 008e FEB7      		in r31,__SP_H__
 607 0090 9283      		std Z+2,r25
 608 0092 8183      		std Z+1,r24
 609 0094 8091 0000 		lds r24,HIDReportSize
 610 0098 9091 0000 		lds r25,(HIDReportSize)+1
 611 009c 9483      		std Z+4,r25
 612 009e 8383      		std Z+3,r24
 613 00a0 0E94 0000 		call printf_P
 614               	.LVL27:
 615               	.LSM64:
 616 00a4 0F90      		pop __tmp_reg__
 617 00a6 0F90      		pop __tmp_reg__
 618 00a8 0F90      		pop __tmp_reg__
 619 00aa 0F90      		pop __tmp_reg__
 620 00ac 0E94 0000 		call GetHIDReportData
 621 00b0 182F      		mov r17,r24
 622               	.LVL28:
 623 00b2 8823      		tst r24
 624 00b4 01F0      		breq .L32
 625               	.LVL29:
 626               	.LSM65:
 627 00b6 80E0      		ldi r24,lo8(__c.4567)
 628 00b8 90E0      		ldi r25,hi8(__c.4567)
 629               	.LVL30:
 630 00ba 0E94 0000 		call puts_P
 631               	.LSM66:
 632 00be 8091 0000 		lds r24,HIDReportInfo
 633 00c2 8823      		tst r24
 634 00c4 01F4      		brne .L33
 635               	.LSM67:
 636 00c6 80E0      		ldi r24,lo8(__c.4569)
 637 00c8 90E0      		ldi r25,hi8(__c.4569)
 638 00ca 0E94 0000 		call puts_P
 639 00ce 00C0      		rjmp .L34
 640               	.L33:
 641               	.LSM68:
 642 00d0 00D0      		rcall .
 643 00d2 00D0      		rcall .
 644 00d4 EDB7      		in r30,__SP_L__
 645 00d6 FEB7      		in r31,__SP_H__
 646 00d8 3196      		adiw r30,1
 647 00da 80E0      		ldi r24,lo8(__c.4571)
 648 00dc 90E0      		ldi r25,hi8(__c.4571)
 649 00de ADB7      		in r26,__SP_L__
 650 00e0 BEB7      		in r27,__SP_H__
 651 00e2 1296      		adiw r26,1+1
 652 00e4 9C93      		st X,r25
 653 00e6 8E93      		st -X,r24
 654 00e8 1197      		sbiw r26,1
 655 00ea 1283      		std Z+2,r17
 656 00ec 1382      		std Z+3,__zero_reg__
 657 00ee 0E94 0000 		call printf_P
 658 00f2 0F90      		pop __tmp_reg__
 659 00f4 0F90      		pop __tmp_reg__
 660 00f6 0F90      		pop __tmp_reg__
 661 00f8 0F90      		pop __tmp_reg__
 662               	.L34:
 663               	.LBB97:
 664               	.LBB98:
 665               	.LSM69:
 666 00fa 8BB1      		in r24,43-32
 667 00fc 8F70      		andi r24,lo8(15)
 668 00fe 8069      		ori r24,lo8(-112)
 669 0100 8BB9      		out 43-32,r24
 670               	.LBE98:
 671               	.LBE97:
 672               	.LSM70:
 673 0102 80E0      		ldi r24,lo8(0)
 674 0104 0E94 0000 		call USB_Host_SetDeviceConfiguration
 675 0108 00C0      		rjmp .L35
 676               	.LVL31:
 677               	.L32:
 678               	.LSM71:
 679 010a 80E0      		ldi r24,lo8(__c.4573)
 680 010c 90E0      		ldi r25,hi8(__c.4573)
 681               	.LVL32:
 682 010e 0E94 0000 		call puts_P
 683               	.LBB99:
 684               	.LBB100:
 685               	.LSM72:
 686 0112 8BB1      		in r24,43-32
 687 0114 8F70      		andi r24,lo8(15)
 688 0116 8066      		ori r24,lo8(96)
 689 0118 8BB9      		out 43-32,r24
 690               	.L35:
 691               	/* epilogue start */
 692               	.LBE100:
 693               	.LBE99:
 694               	.LSM73:
 695 011a 1F91      		pop r17
 696               	.LVL33:
 697 011c 0895      		ret
 698               	.LFE145:
 700               		.section	.text.SetupHardware,"ax",@progbits
 701               	.global	SetupHardware
 703               	SetupHardware:
 704               	.LFB142:
 705               	.LSM74:
 706               	/* prologue: function */
 707               	/* frame size = 0 */
 708               	.LSM75:
 709 0000 84B7      		in r24,84-32
 710 0002 877F      		andi r24,lo8(-9)
 711 0004 84BF      		out 84-32,r24
 712               	.LSM76:
 713 0006 38E1      		ldi r19,lo8(24)
 714               	/* #APP */
 715               	 ;  64 "JoystickHostWithParser.c" 1
 716 0008 0FB6      		in __tmp_reg__, __SREG__
 717 000a F894      		cli
 718 000c 3093 6000 		sts 96, r19
 719 0010 1092 6000 		sts 96, __zero_reg__
 720 0014 0FBE      		out __SREG__,__tmp_reg__
 721               		
 722               	 ;  0 "" 2
 723               	/* #NOAPP */
 724               	.LBB101:
 725               	.LSM77:
 726 0016 80E0      		ldi r24,lo8(0)
 727 0018 90E0      		ldi r25,hi8(0)
 728 001a 20E8      		ldi r18,lo8(-128)
 729               	/* #APP */
 730               	 ;  67 "JoystickHostWithParser.c" 1
 731 001c 0FB6      		in __tmp_reg__,__SREG__
 732 001e F894      		cli
 733 0020 2093 6100 		sts 97, r18
 734 0024 8093 6100 		sts 97, r24
 735 0028 0FBE      		out __SREG__, __tmp_reg__
 736               	 ;  0 "" 2
 737               	/* #NOAPP */
 738               	.LBE101:
 739               	.LBB102:
 740               	.LBB103:
 741               	.LSM78:
 742 002a 83E3      		ldi r24,lo8(51)
 743 002c 90E0      		ldi r25,hi8(51)
 744 002e 9093 CD00 		sts (204)+1,r25
 745 0032 8093 CC00 		sts 204,r24
 746               	.LSM79:
 747 0036 86E0      		ldi r24,lo8(6)
 748 0038 8093 CA00 		sts 202,r24
 749               	.LSM80:
 750 003c 1092 C800 		sts 200,__zero_reg__
 751               	.LSM81:
 752 0040 3093 C900 		sts 201,r19
 753               	.LSM82:
 754 0044 539A      		sbi 42-32,3
 755               	.LSM83:
 756 0046 5A9A      		sbi 43-32,2
 757               	.LBE103:
 758               	.LBE102:
 759               	.LBB104:
 760               	.LBB105:
 761               	.LSM84:
 762 0048 8AB1      		in r24,42-32
 763 004a 806F      		ori r24,lo8(-16)
 764 004c 8AB9      		out 42-32,r24
 765               	.LSM85:
 766 004e 8BB1      		in r24,43-32
 767 0050 8F70      		andi r24,lo8(15)
 768 0052 8BB9      		out 43-32,r24
 769               	.LBE105:
 770               	.LBE104:
 771               	.LSM86:
 772 0054 0E94 0000 		call USB_Init
 773               	.LBB106:
 774               	.LBB107:
 775               	.LSM87:
 776 0058 E0E0      		ldi r30,lo8(USARTSerialStream)
 777 005a F0E0      		ldi r31,hi8(USARTSerialStream)
 778 005c F093 0000 		sts (__iob)+1,r31
 779 0060 E093 0000 		sts __iob,r30
 780               	.LSM88:
 781 0064 F093 0000 		sts (__iob+2)+1,r31
 782 0068 E093 0000 		sts __iob+2,r30
 783               	.LSM89:
 784 006c 8EE0      		ldi r24,lo8(14)
 785 006e DF01      		movw r26,r30
 786 0070 1D92      		st X+,__zero_reg__
 787 0072 8A95      	        dec r24
 788 0074 01F4      		brne .-6
 789 0076 83E0      		ldi r24,lo8(3)
 790 0078 8093 0000 		sts USARTSerialStream+3,r24
 791 007c 80E0      		ldi r24,lo8(gs(Serial_putchar))
 792 007e 90E0      		ldi r25,hi8(gs(Serial_putchar))
 793 0080 9093 0000 		sts (USARTSerialStream+8)+1,r25
 794 0084 8093 0000 		sts USARTSerialStream+8,r24
 795 0088 80E0      		ldi r24,lo8(gs(Serial_getchar))
 796 008a 90E0      		ldi r25,hi8(gs(Serial_getchar))
 797 008c 9093 0000 		sts (USARTSerialStream+10)+1,r25
 798 0090 8093 0000 		sts USARTSerialStream+10,r24
 799               	/* epilogue start */
 800               	.LBE107:
 801               	.LBE106:
 802               	.LSM90:
 803 0094 0895      		ret
 804               	.LFE142:
 806               		.section	.text.main,"ax",@progbits
 807               	.global	main
 809               	main:
 810               	.LFB141:
 811               	.LSM91:
 812               	/* prologue: function */
 813               	/* frame size = 0 */
 814               	.LSM92:
 815 0000 0E94 0000 		call SetupHardware
 816               	.LSM93:
 817 0004 80E0      		ldi r24,lo8(__c.4530)
 818 0006 90E0      		ldi r25,hi8(__c.4530)
 819 0008 0E94 0000 		call puts_P
 820               	.LBB108:
 821               	.LBB109:
 822               	.LSM94:
 823 000c 8BB1      		in r24,43-32
 824 000e 8F70      		andi r24,lo8(15)
 825 0010 8061      		ori r24,lo8(16)
 826 0012 8BB9      		out 43-32,r24
 827               	.LBE109:
 828               	.LBE108:
 829               	.LSM95:
 830               	/* #APP */
 831               	 ;  49 "JoystickHostWithParser.c" 1
 832 0014 7894      		sei
 833               	 ;  0 "" 2
 834               	/* #NOAPP */
 835               	.L41:
 836               	.LSM96:
 837 0016 0E94 0000 		call JoystickHost_Task
 838               	.LSM97:
 839 001a 0E94 0000 		call USB_USBTask
 840 001e 00C0      		rjmp .L41
 841               	.LFE141:
 843               		.section	.progmem.data,"a",@progbits
 846               	__c.4592:
 847 0000 1B5B 3331 		.ascii	"\033[31mDev Enum Error\r\n"
 847      6D44 6576 
 847      2045 6E75 
 847      6D20 4572 
 847      726F 720D 
 848 0015 202D 2D20 		.string	" -- Error Code %d\r\n -- Sub Error Code %d\r\n -- In State %d\r\n\033[37m"
 848      4572 726F 
 848      7220 436F 
 848      6465 2025 
 848      640D 0A20 
 851               	__c.4584:
 852 0056 1B5B 3331 		.string	"\033[31mHost Mode Error\r\n -- Error Code %d\r\n\033[37m"
 852      6D48 6F73 
 852      7420 4D6F 
 852      6465 2045 
 852      7272 6F72 
 855               	__c.4573:
 856 0085 4A6F 7973 		.string	"Joystick Enumerated.\r\n"
 856      7469 636B 
 856      2045 6E75 
 856      6D65 7261 
 856      7465 642E 
 859               	__c.4571:
 860 009c 202D 2D20 		.string	" -- Error Code: %d\r\n\033[37m"
 860      4572 726F 
 860      7220 436F 
 860      6465 3A20 
 860      2564 0D0A 
 863               	__c.4569:
 864 00b6 4E6F 7420 		.string	"Not a valid Joystick.\033[37m"
 864      6120 7661 
 864      6C69 6420 
 864      4A6F 7973 
 864      7469 636B 
 867               	__c.4567:
 868 00d1 1B5B 3331 		.string	"\033[31mReport Parse Error.\r\n"
 868      6D52 6570 
 868      6F72 7420 
 868      5061 7273 
 868      6520 4572 
 871               	__c.4565:
 872 00ec 5072 6F63 		.string	"Processing HID Report (Size %d Bytes).\r\n"
 872      6573 7369 
 872      6E67 2048 
 872      4944 2052 
 872      6570 6F72 
 875               	__c.4563:
 876 0115 1B5B      		.ascii	"\033["
 877 0117 3331 6D43 		.string	"31mControl Error (Set Configuration).\r\n -- Error Code: %d\r\n\033[37m"
 877      6F6E 7472 
 877      6F6C 2045 
 877      7272 6F72 
 877      2028 5365 
 880               	__c.4561:
 881 0158 202D 2D20 		.string	" -- Error Code: %d\r\n\033[37m"
 881      4572 726F 
 881      7220 436F 
 881      6465 3A20 
 881      2564 0D0A 
 884               	__c.4559:
 885 0172 1B5B 3331 		.string	"\033[31mInvalid Device.\r\n"
 885      6D49 6E76 
 885      616C 6964 
 885      2044 6576 
 885      6963 652E 
 888               	__c.4557:
 889 0189 1B5B 3331 		.string	"\033[31mControl Error (Get Configuration).\r\n"
 889      6D43 6F6E 
 889      7472 6F6C 
 889      2045 7272 
 889      6F72 2028 
 892               	__c.4554:
 893 01b3 4765 7474 		.string	"Getting Config Data.\r\n"
 893      696E 6720 
 893      436F 6E66 
 893      6967 2044 
 893      6174 612E 
 896               	__c.4549:
 897 01ca 1B5B 3332 		.string	"\033[32mDevice Unattached.\r\n\033[37m"
 897      6D44 6576 
 897      6963 6520 
 897      556E 6174 
 897      7461 6368 
 900               	__c.4544:
 901 01e9 1B5B 3332 		.string	"\033[32mDevice Attached.\r\n\033[37m"
 901      6D44 6576 
 901      6963 6520 
 901      4174 7461 
 901      6368 6564 
 904               	__c.4530:
 905 0206 1B5B 3336 		.string	"\033[36mJoystick HID Parser Host Demo running.\r\n\033[37m"
 905      6D4A 6F79 
 905      7374 6963 
 905      6B20 4849 
 905      4420 5061 
 994               	.Letext0:
DEFINED SYMBOLS
                            *ABS*:00000000 JoystickHostWithParser.c
C:\Users\Eddie\AppData\Local\Temp/ccoxWdsB.s:2      *ABS*:0000003f __SREG__
C:\Users\Eddie\AppData\Local\Temp/ccoxWdsB.s:3      *ABS*:0000003e __SP_H__
C:\Users\Eddie\AppData\Local\Temp/ccoxWdsB.s:4      *ABS*:0000003d __SP_L__
C:\Users\Eddie\AppData\Local\Temp/ccoxWdsB.s:5      *ABS*:00000034 __CCP__
C:\Users\Eddie\AppData\Local\Temp/ccoxWdsB.s:6      *ABS*:00000000 __tmp_reg__
C:\Users\Eddie\AppData\Local\Temp/ccoxWdsB.s:7      *ABS*:00000001 __zero_reg__
C:\Users\Eddie\AppData\Local\Temp/ccoxWdsB.s:19     .text.ProcessJoystickReport:00000000 ProcessJoystickReport
C:\Users\Eddie\AppData\Local\Temp/ccoxWdsB.s:197    .text.JoystickHost_Task:00000000 JoystickHost_Task
C:\Users\Eddie\AppData\Local\Temp/ccoxWdsB.s:340    .text.EVENT_USB_Host_DeviceEnumerationFailed:00000000 EVENT_USB_Host_DeviceEnumerationFailed
C:\Users\Eddie\AppData\Local\Temp/ccoxWdsB.s:846    .progmem.data:00000000 __c.4592
C:\Users\Eddie\AppData\Local\Temp/ccoxWdsB.s:402    .text.EVENT_USB_Host_HostError:00000000 EVENT_USB_Host_HostError
C:\Users\Eddie\AppData\Local\Temp/ccoxWdsB.s:851    .progmem.data:00000056 __c.4584
C:\Users\Eddie\AppData\Local\Temp/ccoxWdsB.s:450    .text.EVENT_USB_Host_DeviceUnattached:00000000 EVENT_USB_Host_DeviceUnattached
C:\Users\Eddie\AppData\Local\Temp/ccoxWdsB.s:896    .progmem.data:000001ca __c.4549
C:\Users\Eddie\AppData\Local\Temp/ccoxWdsB.s:476    .text.EVENT_USB_Host_DeviceAttached:00000000 EVENT_USB_Host_DeviceAttached
C:\Users\Eddie\AppData\Local\Temp/ccoxWdsB.s:900    .progmem.data:000001e9 __c.4544
C:\Users\Eddie\AppData\Local\Temp/ccoxWdsB.s:502    .text.EVENT_USB_Host_DeviceEnumerationComplete:00000000 EVENT_USB_Host_DeviceEnumerationComplete
C:\Users\Eddie\AppData\Local\Temp/ccoxWdsB.s:892    .progmem.data:000001b3 __c.4554
C:\Users\Eddie\AppData\Local\Temp/ccoxWdsB.s:888    .progmem.data:00000189 __c.4557
C:\Users\Eddie\AppData\Local\Temp/ccoxWdsB.s:884    .progmem.data:00000172 __c.4559
C:\Users\Eddie\AppData\Local\Temp/ccoxWdsB.s:880    .progmem.data:00000158 __c.4561
C:\Users\Eddie\AppData\Local\Temp/ccoxWdsB.s:875    .progmem.data:00000115 __c.4563
C:\Users\Eddie\AppData\Local\Temp/ccoxWdsB.s:871    .progmem.data:000000ec __c.4565
C:\Users\Eddie\AppData\Local\Temp/ccoxWdsB.s:867    .progmem.data:000000d1 __c.4567
C:\Users\Eddie\AppData\Local\Temp/ccoxWdsB.s:863    .progmem.data:000000b6 __c.4569
C:\Users\Eddie\AppData\Local\Temp/ccoxWdsB.s:859    .progmem.data:0000009c __c.4571
C:\Users\Eddie\AppData\Local\Temp/ccoxWdsB.s:855    .progmem.data:00000085 __c.4573
C:\Users\Eddie\AppData\Local\Temp/ccoxWdsB.s:703    .text.SetupHardware:00000000 SetupHardware
C:\Users\Eddie\AppData\Local\Temp/ccoxWdsB.s:809    .text.main:00000000 main
C:\Users\Eddie\AppData\Local\Temp/ccoxWdsB.s:904    .progmem.data:00000206 __c.4530

UNDEFINED SYMBOLS
HIDReportInfo
USB_GetHIDReportItemInfo
USB_HostState
Pipe_Read_Stream_LE
printf_P
USB_Disable
puts_P
ProcessConfigurationDescriptor
USB_Host_SetDeviceConfiguration
HIDReportSize
GetHIDReportData
USB_Init
USARTSerialStream
__iob
Serial_putchar
Serial_getchar
USB_USBTask
