   1               		.file	"BootloaderCDC.c"
   2               	__SREG__ = 0x3f
   3               	__SP_H__ = 0x3e
   4               	__SP_L__ = 0x3d
   5               	__CCP__  = 0x34
   6               	__tmp_reg__ = 0
   7               	__zero_reg__ = 1
  15               	.Ltext0:
  16               		.section	.text.__vector_20,"ax",@progbits
  17               	.global	__vector_20
  19               	__vector_20:
  20               	.LFB102:
  21               	.LSM0:
  22 0000 1F92      		push __zero_reg__
  23 0002 0F92      		push r0
  24 0004 0FB6      		in r0,__SREG__
  25 0006 0F92      		push r0
  26 0008 1124      		clr __zero_reg__
  27 000a 8F93      		push r24
  28 000c 9F93      		push r25
  29               	/* prologue: Signal */
  30               	/* frame size = 0 */
  31               	.LBB84:
  32               	.LBB85:
  33               	.LSM1:
  34 000e 8BB1      		in r24,43-32
  35 0010 90E3      		ldi r25,lo8(48)
  36 0012 8927      		eor r24,r25
  37 0014 8BB9      		out 43-32,r24
  38               	/* epilogue start */
  39               	.LBE85:
  40               	.LBE84:
  41               	.LSM2:
  42 0016 9F91      		pop r25
  43 0018 8F91      		pop r24
  44 001a 0F90      		pop r0
  45 001c 0FBE      		out __SREG__,r0
  46 001e 0F90      		pop r0
  47 0020 1F90      		pop __zero_reg__
  48 0022 1895      		reti
  49               	.LFE102:
  51               		.section	.text.FetchNextCommandByte,"ax",@progbits
  53               	FetchNextCommandByte:
  54               	.LFB106:
  55               	.LSM3:
  56               	/* prologue: function */
  57               	/* frame size = 0 */
  58               	.LBB86:
  59               	.LBB87:
  60               	.LSM4:
  61 0000 84E0      		ldi r24,lo8(4)
  62 0002 8093 E900 		sts 233,r24
  63 0006 00C0      		rjmp .L4
  64               	.L8:
  65               	.LBE87:
  66               	.LBE86:
  67               	.LBB88:
  68               	.LBB89:
  69               	.LSM5:
  70 0008 8091 E800 		lds r24,232
  71 000c 8B77      		andi r24,lo8(123)
  72 000e 8093 E800 		sts 232,r24
  73 0012 00C0      		rjmp .L5
  74               	.L7:
  75               	.LBE89:
  76               	.LBE88:
  77               	.LSM6:
  78 0014 8EB3      		in r24,62-32
  79 0016 8823      		tst r24
  80 0018 01F0      		breq .L6
  81               	.L5:
  82               	.LBB90:
  83               	.LBB91:
  84               	.LSM7:
  85 001a 8091 E800 		lds r24,232
  86               	.LBE91:
  87               	.LBE90:
  88               	.LSM8:
  89 001e 82FF      		sbrs r24,2
  90 0020 00C0      		rjmp .L7
  91               	.L4:
  92               	.LBB92:
  93               	.LBB93:
  94               	.LSM9:
  95 0022 8091 E800 		lds r24,232
  96               	.LBE93:
  97               	.LBE92:
  98               	.LSM10:
  99 0026 85FF      		sbrs r24,5
 100 0028 00C0      		rjmp .L8
 101               	.LBB94:
 102               	.LBB95:
 103               	.LSM11:
 104 002a 8091 F100 		lds r24,241
 105               	.L6:
 106               	.LBE95:
 107               	.LBE94:
 108               	.LSM12:
 109 002e 0895      		ret
 110               	.LFE106:
 112               		.section	.text.WriteNextResponseByte,"ax",@progbits
 114               	WriteNextResponseByte:
 115               	.LFB107:
 116               	.LSM13:
 117               	.LVL0:
 118               	/* prologue: function */
 119               	/* frame size = 0 */
 120 0000 982F      		mov r25,r24
 121               	.LBB96:
 122               	.LBB97:
 123               	.LSM14:
 124 0002 83E0      		ldi r24,lo8(3)
 125               	.LVL1:
 126 0004 8093 E900 		sts 233,r24
 127               	.LBE97:
 128               	.LBE96:
 129               	.LBB98:
 130               	.LBB99:
 131               	.LSM15:
 132 0008 8091 E800 		lds r24,232
 133               	.LBE99:
 134               	.LBE98:
 135               	.LSM16:
 136 000c 85FD      		sbrc r24,5
 137 000e 00C0      		rjmp .L12
 138               	.LBB100:
 139               	.LBB101:
 140               	.LSM17:
 141 0010 8091 E800 		lds r24,232
 142 0014 8E77      		andi r24,lo8(126)
 143 0016 8093 E800 		sts 232,r24
 144 001a 00C0      		rjmp .L13
 145               	.L15:
 146               	.LBE101:
 147               	.LBE100:
 148               	.LSM18:
 149 001c 8EB3      		in r24,62-32
 150 001e 8823      		tst r24
 151 0020 01F0      		breq .L16
 152               	.L13:
 153               	.LBB102:
 154               	.LBB103:
 155               	.LSM19:
 156 0022 8091 E800 		lds r24,232
 157               	.LBE103:
 158               	.LBE102:
 159               	.LSM20:
 160 0026 80FF      		sbrs r24,0
 161 0028 00C0      		rjmp .L15
 162               	.L12:
 163               	.LBB104:
 164               	.LBB105:
 165               	.LSM21:
 166 002a 9093 F100 		sts 241,r25
 167               	.L16:
 168 002e 0895      		ret
 169               	.LBE105:
 170               	.LBE104:
 171               	.LFE107:
 173               		.data
 174               	.LC0:
 175 0000 4C55 4641 		.string	"LUFACDC"
 175      4344 4300 
 176               		.section	.text.CDC_Task,"ax",@progbits
 177               	.global	CDC_Task
 179               	CDC_Task:
 180               	.LFB108:
 181               	.LSM22:
 182 0000 4F92      		push r4
 183 0002 5F92      		push r5
 184 0004 6F92      		push r6
 185 0006 7F92      		push r7
 186 0008 8F92      		push r8
 187 000a 9F92      		push r9
 188 000c AF92      		push r10
 189 000e BF92      		push r11
 190 0010 CF92      		push r12
 191 0012 DF92      		push r13
 192 0014 EF92      		push r14
 193 0016 FF92      		push r15
 194 0018 0F93      		push r16
 195 001a 1F93      		push r17
 196 001c CF93      		push r28
 197 001e DF93      		push r29
 198               	/* prologue: function */
 199               	/* frame size = 0 */
 200               	.LBB139:
 201               	.LBB140:
 202               	.LSM23:
 203 0020 84E0      		ldi r24,lo8(4)
 204 0022 8093 E900 		sts 233,r24
 205               	.LBE140:
 206               	.LBE139:
 207               	.LBB141:
 208               	.LBB142:
 209               	.LSM24:
 210 0026 8091 E800 		lds r24,232
 211               	.LBE142:
 212               	.LBE141:
 213               	.LSM25:
 214 002a 82FF      		sbrs r24,2
 215 002c 00C0      		rjmp .L72
 216               	.LSM26:
 217 002e 0E94 0000 		call FetchNextCommandByte
 218 0032 182F      		mov r17,r24
 219               	.LVL2:
 220               	.LSM27:
 221 0034 8534      		cpi r24,lo8(69)
 222 0036 01F4      		brne .L19
 223               	.LVL3:
 224               	.LSM28:
 225 0038 1092 0000 		sts RunBootloader,__zero_reg__
 226 003c 00C0      		rjmp .L83
 227               	.L19:
 228               	.LSM29:
 229 003e 8435      		cpi r24,lo8(84)
 230 0040 01F4      		brne .L21
 231               	.LSM30:
 232 0042 0E94 0000 		call FetchNextCommandByte
 233               	.LVL4:
 234               	.L83:
 235               	.LSM31:
 236 0046 8DE0      		ldi r24,lo8(13)
 237               	.LVL5:
 238 0048 00C0      		rjmp .L82
 239               	.LVL6:
 240               	.L21:
 241               	.LSM32:
 242 004a 8C34      		cpi r24,lo8(76)
 243 004c 01F0      		breq .L83
 244 004e 8035      		cpi r24,lo8(80)
 245 0050 01F0      		breq .L83
 246               	.L23:
 247               	.LSM33:
 248 0052 8437      		cpi r24,lo8(116)
 249 0054 01F4      		brne .L24
 250               	.LSM34:
 251 0056 84E4      		ldi r24,lo8(68)
 252               	.LVL7:
 253 0058 00C0      		rjmp .L85
 254               	.LVL8:
 255               	.L24:
 256               	.LSM35:
 257 005a 8136      		cpi r24,lo8(97)
 258 005c 01F4      		brne .L25
 259               	.LSM36:
 260 005e 89E5      		ldi r24,lo8(89)
 261               	.LVL9:
 262 0060 00C0      		rjmp .L82
 263               	.LVL10:
 264               	.L25:
 265               	.LSM37:
 266 0062 8134      		cpi r24,lo8(65)
 267 0064 01F4      		brne .L26
 268               	.LSM38:
 269 0066 0E94 0000 		call FetchNextCommandByte
 270               	.LVL11:
 271 006a 182F      		mov r17,r24
 272               	.LVL12:
 273               	.LSM39:
 274 006c 0E94 0000 		call FetchNextCommandByte
 275 0070 90E0      		ldi r25,lo8(0)
 276 0072 880F      		lsl r24
 277 0074 991F      		rol r25
 278 0076 AA27      		clr r26
 279 0078 97FD      		sbrc r25,7
 280 007a A095      		com r26
 281 007c BA2F      		mov r27,r26
 282 007e 312F      		mov r19,r17
 283 0080 330F      		lsl r19
 284 0082 20E0      		ldi r18,lo8(0)
 285 0084 4427      		clr r20
 286 0086 37FD      		sbrc r19,7
 287 0088 4095      		com r20
 288 008a 542F      		mov r21,r20
 289 008c 822B      		or r24,r18
 290 008e 932B      		or r25,r19
 291 0090 A42B      		or r26,r20
 292 0092 B52B      		or r27,r21
 293 0094 00C0      		rjmp .L86
 294               	.LVL13:
 295               	.L26:
 296               	.LSM40:
 297 0096 8037      		cpi r24,lo8(112)
 298 0098 01F4      		brne .L27
 299               	.LSM41:
 300 009a 83E5      		ldi r24,lo8(83)
 301               	.LVL14:
 302 009c 00C0      		rjmp .L82
 303               	.LVL15:
 304               	.L27:
 305               	.LSM42:
 306 009e 8335      		cpi r24,lo8(83)
 307 00a0 01F4      		brne .L28
 308 00a2 C0E0      		ldi r28,lo8(.LC0)
 309 00a4 D0E0      		ldi r29,hi8(.LC0)
 310               	.L29:
 311               	.LBB143:
 312               	.LSM43:
 313 00a6 8991      		ld r24,Y+
 314               	.LVL16:
 315 00a8 0E94 0000 		call WriteNextResponseByte
 316               	.LSM44:
 317 00ac 40E0      		ldi r20,hi8(.LC0+7)
 318 00ae C030      		cpi r28,lo8(.LC0+7)
 319 00b0 D407      		cpc r29,r20
 320 00b2 01F4      		brne .L29
 321 00b4 00C0      		rjmp .L20
 322               	.LVL17:
 323               	.L28:
 324               	.LBE143:
 325               	.LSM45:
 326 00b6 8635      		cpi r24,lo8(86)
 327 00b8 01F4      		brne .L30
 328               	.LSM46:
 329 00ba 81E3      		ldi r24,lo8(49)
 330               	.LVL18:
 331 00bc 0E94 0000 		call WriteNextResponseByte
 332               	.LSM47:
 333 00c0 80E3      		ldi r24,lo8(48)
 334 00c2 00C0      		rjmp .L82
 335               	.LVL19:
 336               	.L30:
 337               	.LSM48:
 338 00c4 8337      		cpi r24,lo8(115)
 339 00c6 01F4      		brne .L31
 340               	.LSM49:
 341 00c8 82E8      		ldi r24,lo8(-126)
 342               	.LVL20:
 343 00ca 0E94 0000 		call WriteNextResponseByte
 344               	.LSM50:
 345 00ce 87E9      		ldi r24,lo8(-105)
 346 00d0 0E94 0000 		call WriteNextResponseByte
 347               	.LSM51:
 348 00d4 8EE1      		ldi r24,lo8(30)
 349 00d6 00C0      		rjmp .L82
 350               	.LVL21:
 351               	.L31:
 352               	.LSM52:
 353 00d8 8536      		cpi r24,lo8(101)
 354 00da 01F4      		brne .L32
 355 00dc 80E0      		ldi r24,lo8(0)
 356 00de 90E0      		ldi r25,hi8(0)
 357 00e0 A0E0      		ldi r26,hlo8(0)
 358 00e2 B0E0      		ldi r27,hhi8(0)
 359               	.LVL22:
 360               	.LBB144:
 361               	.LSM53:
 362 00e4 33E0      		ldi r19,lo8(3)
 363               	.LSM54:
 364 00e6 25E0      		ldi r18,lo8(5)
 365               	.L35:
 366               	.LSM55:
 367               	/* #APP */
 368               	 ;  431 "BootloaderCDC.c" 1
 369 00e8 FC01      		movw r30, r24
 370 00ea A093 5B00 		sts  91, r26
 371 00ee 3093 5700 		sts 87, r19
 372 00f2 E895      		spm
 373               		
 374               	 ;  0 "" 2
 375               	/* #NOAPP */
 376               	.L33:
 377               	.LSM56:
 378 00f4 07B6      		in __tmp_reg__,87-32
 379 00f6 00FC      		sbrc __tmp_reg__,0
 380 00f8 00C0      		rjmp .L33
 381               	.LSM57:
 382               	/* #APP */
 383               	 ;  433 "BootloaderCDC.c" 1
 384 00fa FC01      		movw r30, r24
 385 00fc A093 5B00 		sts 91, r26
 386 0100 2093 5700 		sts 87, r18
 387 0104 E895      		spm
 388               		
 389               	 ;  0 "" 2
 390               	/* #NOAPP */
 391               	.L34:
 392               	.LSM58:
 393 0106 07B6      		in __tmp_reg__,87-32
 394 0108 00FC      		sbrc __tmp_reg__,0
 395 010a 00C0      		rjmp .L34
 396               	.LSM59:
 397 010c 8050      		subi r24,lo8(-(256))
 398 010e 9F4F      		sbci r25,hi8(-(256))
 399 0110 AF4F      		sbci r26,hlo8(-(256))
 400 0112 BF4F      		sbci r27,hhi8(-(256))
 401 0114 8030      		cpi r24,lo8(126976)
 402 0116 40EF      		ldi r20,hi8(126976)
 403 0118 9407      		cpc r25,r20
 404 011a 41E0      		ldi r20,hlo8(126976)
 405 011c A407      		cpc r26,r20
 406 011e 40E0      		ldi r20,hhi8(126976)
 407 0120 B407      		cpc r27,r20
 408 0122 01F4      		brne .L35
 409 0124 00C0      		rjmp .L83
 410               	.LVL23:
 411               	.L32:
 412               	.LBE144:
 413               	.LSM60:
 414 0126 8C36      		cpi r24,lo8(108)
 415 0128 01F4      		brne .L36
 416               	.LBB145:
 417               	.LSM61:
 418 012a 0E94 0000 		call FetchNextCommandByte
 419               	.LVL24:
 420 012e 8095      		com r24
 421 0130 99E0      		ldi r25,lo8(9)
 422               	/* #APP */
 423               	 ;  444 "BootloaderCDC.c" 1
 424 0132 E1E0      		ldi r30, 1
 425 0134 F0E0      		ldi r31, 0
 426 0136 082E      		mov r0, r24
 427 0138 9093 5700 		sts 87, r25
 428 013c E895      		spm
 429               		
 430               	 ;  0 "" 2
 431               	/* #NOAPP */
 432 013e 00C0      		rjmp .L83
 433               	.LVL25:
 434               	.L36:
 435               	.LBE145:
 436               	.LSM62:
 437 0140 8237      		cpi r24,lo8(114)
 438 0142 01F4      		brne .L37
 439               	.LBB146:
 440               	.LSM63:
 441 0144 E1E0      		ldi r30,lo8(1)
 442 0146 F0E0      		ldi r31,hi8(1)
 443 0148 89E0      		ldi r24,lo8(9)
 444               	.LVL26:
 445               	/* #APP */
 446               	 ;  452 "BootloaderCDC.c" 1
 447 014a 8093 5700 		sts 87, r24
 448 014e 8491      		lpm r24, Z
 449               		
 450               	 ;  0 "" 2
 451               	.LVL27:
 452               	/* #NOAPP */
 453 0150 00C0      		rjmp .L82
 454               	.LVL28:
 455               	.L37:
 456               	.LBE146:
 457               	.LSM64:
 458 0152 8634      		cpi r24,lo8(70)
 459 0154 01F4      		brne .L38
 460               	.LBB147:
 461               	.LSM65:
 462 0156 E0E0      		ldi r30,lo8(0)
 463 0158 F0E0      		ldi r31,hi8(0)
 464 015a 89E0      		ldi r24,lo8(9)
 465               	.LVL29:
 466               	/* #APP */
 467               	 ;  456 "BootloaderCDC.c" 1
 468 015c 8093 5700 		sts 87, r24
 469 0160 8491      		lpm r24, Z
 470               		
 471               	 ;  0 "" 2
 472               	.LVL30:
 473               	/* #NOAPP */
 474 0162 00C0      		rjmp .L82
 475               	.LVL31:
 476               	.L38:
 477               	.LBE147:
 478               	.LSM66:
 479 0164 8E34      		cpi r24,lo8(78)
 480 0166 01F4      		brne .L39
 481               	.LBB148:
 482               	.LSM67:
 483 0168 E3E0      		ldi r30,lo8(3)
 484 016a F0E0      		ldi r31,hi8(3)
 485 016c 89E0      		ldi r24,lo8(9)
 486               	.LVL32:
 487               	/* #APP */
 488               	 ;  460 "BootloaderCDC.c" 1
 489 016e 8093 5700 		sts 87, r24
 490 0172 8491      		lpm r24, Z
 491               		
 492               	 ;  0 "" 2
 493               	.LVL33:
 494               	/* #NOAPP */
 495 0174 00C0      		rjmp .L82
 496               	.LVL34:
 497               	.L39:
 498               	.LBE148:
 499               	.LSM68:
 500 0176 8135      		cpi r24,lo8(81)
 501 0178 01F4      		brne .L40
 502               	.LBB149:
 503               	.LSM69:
 504 017a E2E0      		ldi r30,lo8(2)
 505 017c F0E0      		ldi r31,hi8(2)
 506 017e 89E0      		ldi r24,lo8(9)
 507               	.LVL35:
 508               	/* #APP */
 509               	 ;  464 "BootloaderCDC.c" 1
 510 0180 8093 5700 		sts 87, r24
 511 0184 8491      		lpm r24, Z
 512               		
 513               	 ;  0 "" 2
 514               	.LVL36:
 515               	/* #NOAPP */
 516 0186 00C0      		rjmp .L82
 517               	.LVL37:
 518               	.L40:
 519               	.LBE149:
 520               	.LSM70:
 521 0188 8236      		cpi r24,lo8(98)
 522 018a 01F4      		brne .L41
 523               	.LSM71:
 524 018c 89E5      		ldi r24,lo8(89)
 525               	.LVL38:
 526 018e 0E94 0000 		call WriteNextResponseByte
 527               	.LSM72:
 528 0192 81E0      		ldi r24,lo8(1)
 529               	.L85:
 530 0194 0E94 0000 		call WriteNextResponseByte
 531               	.LSM73:
 532 0198 80E0      		ldi r24,lo8(0)
 533 019a 00C0      		rjmp .L82
 534               	.LVL39:
 535               	.L41:
 536               	.LSM74:
 537 019c 8234      		cpi r24,lo8(66)
 538 019e 01F0      		breq .L42
 539 01a0 8736      		cpi r24,lo8(103)
 540 01a2 01F0      		breq .+2
 541 01a4 00C0      		rjmp .L43
 542               	.L42:
 543               	.LBB150:
 544               	.LSM75:
 545 01a6 0E94 0000 		call FetchNextCommandByte
 546               	.LVL40:
 547 01aa 082F      		mov r16,r24
 548               	.LSM76:
 549 01ac 0E94 0000 		call FetchNextCommandByte
 550 01b0 F82E      		mov r15,r24
 551               	.LSM77:
 552 01b2 0E94 0000 		call FetchNextCommandByte
 553 01b6 682E      		mov r6,r24
 554               	.LVL41:
 555               	.LBB151:
 556               	.LSM78:
 557 01b8 8554      		subi r24,lo8(-(-69))
 558 01ba 8230      		cpi r24,lo8(2)
 559 01bc 00F0      		brlo .+2
 560 01be 00C0      		rjmp .L84
 561               	.L44:
 562               	.LSM79:
 563 01c0 902F      		mov r25,r16
 564               	.LVL42:
 565 01c2 80E0      		ldi r24,lo8(0)
 566               	.LVL43:
 567               	.LSM80:
 568 01c4 CF2D      		mov r28,r15
 569               	.LVL44:
 570 01c6 D0E0      		ldi r29,lo8(0)
 571               	.LVL45:
 572 01c8 C82B      		or r28,r24
 573 01ca D92B      		or r29,r25
 574               	.LVL46:
 575               	.LSM81:
 576 01cc 1736      		cpi r17,lo8(103)
 577 01ce 01F0      		breq .+2
 578 01d0 00C0      		rjmp .L45
 579               	.LSM82:
 580 01d2 81E1      		ldi r24,lo8(17)
 581               	/* #APP */
 582               	 ;  213 "BootloaderCDC.c" 1
 583 01d4 8093 5700 		sts 87, r24
 584 01d8 E895      		spm
 585               		
 586               	 ;  0 "" 2
 587               	/* #NOAPP */
 588 01da DD24      		clr r13
 589               	.LVL47:
 590               	.LSM83:
 591 01dc CC24      		clr r12
 592 01de C394      		inc r12
 593 01e0 00C0      		rjmp .L46
 594               	.L50:
 595 01e2 E090 0000 		lds r14,CurrAddress
 596 01e6 F090 0000 		lds r15,(CurrAddress)+1
 597 01ea 0091 0000 		lds r16,(CurrAddress)+2
 598 01ee 1091 0000 		lds r17,(CurrAddress)+3
 599               	.LSM84:
 600 01f2 86E4      		ldi r24,lo8(70)
 601 01f4 6816      		cp r6,r24
 602 01f6 01F4      		brne .L47
 603               	.LBB154:
 604               	.LSM85:
 605 01f8 8D2D      		mov r24,r13
 606 01fa 90E0      		ldi r25,lo8(0)
 607               	.LVL48:
 608 01fc A0E0      		ldi r26,lo8(0)
 609 01fe B0E0      		ldi r27,hi8(0)
 610               	.LVL49:
 611 0200 8E29      		or r24,r14
 612 0202 9F29      		or r25,r15
 613 0204 A02B      		or r26,r16
 614 0206 B12B      		or r27,r17
 615               	.LVL50:
 616               	.LBE154:
 617               	/* #APP */
 618               	 ;  221 "BootloaderCDC.c" 1
 619 0208 ABBF      		out 59, r26
 620 020a FC01      		movw r30, r24
 621 020c 8791      		elpm r24, Z+
 622               		
 623               	 ;  0 "" 2
 624               	.LVL51:
 625               	/* #NOAPP */
 626 020e 0E94 0000 		call WriteNextResponseByte
 627               	.LVL52:
 628               	.LSM86:
 629 0212 DD20      		tst r13
 630               	.LVL53:
 631 0214 01F0      		breq .L48
 632               	.LSM87:
 633 0216 82E0      		ldi r24,lo8(2)
 634 0218 90E0      		ldi r25,hi8(2)
 635 021a A0E0      		ldi r26,hlo8(2)
 636 021c B0E0      		ldi r27,hhi8(2)
 637 021e E80E      		add r14,r24
 638 0220 F91E      		adc r15,r25
 639 0222 0A1F      		adc r16,r26
 640 0224 1B1F      		adc r17,r27
 641 0226 E092 0000 		sts CurrAddress,r14
 642 022a F092 0000 		sts (CurrAddress)+1,r15
 643 022e 0093 0000 		sts (CurrAddress)+2,r16
 644 0232 1093 0000 		sts (CurrAddress)+3,r17
 645               	.L48:
 646               	.LSM88:
 647 0236 DC24      		eor r13,r12
 648 0238 00C0      		rjmp .L49
 649               	.L47:
 650               	.LBE151:
 651               	.LSM89:
 652 023a D801      		movw r26,r16
 653 023c C701      		movw r24,r14
 654 023e B695      		lsr r27
 655 0240 A795      		ror r26
 656 0242 9795      		ror r25
 657 0244 8795      		ror r24
 658 0246 0E94 0000 		call __eerd_byte_usb1287
 659               	.LBB158:
 660 024a 0E94 0000 		call WriteNextResponseByte
 661               	.LSM90:
 662 024e 82E0      		ldi r24,lo8(2)
 663 0250 90E0      		ldi r25,hi8(2)
 664 0252 A0E0      		ldi r26,hlo8(2)
 665 0254 B0E0      		ldi r27,hhi8(2)
 666 0256 E80E      		add r14,r24
 667 0258 F91E      		adc r15,r25
 668 025a 0A1F      		adc r16,r26
 669 025c 1B1F      		adc r17,r27
 670 025e E092 0000 		sts CurrAddress,r14
 671 0262 F092 0000 		sts (CurrAddress)+1,r15
 672 0266 0093 0000 		sts (CurrAddress)+2,r16
 673 026a 1093 0000 		sts (CurrAddress)+3,r17
 674               	.L49:
 675 026e 2197      		sbiw r28,1
 676               	.L46:
 677               	.LSM91:
 678 0270 2097      		sbiw r28,0
 679 0272 01F0      		breq .+2
 680 0274 00C0      		rjmp .L50
 681 0276 00C0      		rjmp .L20
 682               	.LVL54:
 683               	.L45:
 684               	.LBB155:
 685               	.LSM92:
 686 0278 8090 0000 		lds r8,CurrAddress
 687 027c 9090 0000 		lds r9,(CurrAddress)+1
 688 0280 A090 0000 		lds r10,(CurrAddress)+2
 689 0284 B090 0000 		lds r11,(CurrAddress)+3
 690               	.LVL55:
 691               	.LSM93:
 692 0288 96E4      		ldi r25,lo8(70)
 693 028a 6916      		cp r6,r25
 694 028c 01F0      		breq .+2
 695 028e 00C0      		rjmp .L51
 696               	.LSM94:
 697 0290 83E0      		ldi r24,lo8(3)
 698               	/* #APP */
 699               	 ;  248 "BootloaderCDC.c" 1
 700 0292 F401      		movw r30, r8
 701 0294 A092 5B00 		sts  91, r10
 702 0298 8093 5700 		sts 87, r24
 703 029c E895      		spm
 704               		
 705               	 ;  0 "" 2
 706               	/* #NOAPP */
 707               	.L52:
 708               	.LBE155:
 709               	.LBE158:
 710               	.LSM95:
 711 029e 07B6      		in __tmp_reg__,87-32
 712 02a0 00FC      		sbrc __tmp_reg__,0
 713 02a2 00C0      		rjmp .L52
 714 02a4 00C0      		rjmp .L51
 715               	.LVL56:
 716               	.L58:
 717               	.LBB159:
 718               	.LBB153:
 719               	.LSM96:
 720 02a6 A6E4      		ldi r26,lo8(70)
 721 02a8 6A16      		cp r6,r26
 722 02aa 01F4      		brne .L53
 723               	.LSM97:
 724 02ac 7720      		tst r7
 725 02ae 01F0      		breq .L54
 726               	.LSM98:
 727 02b0 E090 0000 		lds r14,CurrAddress
 728 02b4 F090 0000 		lds r15,(CurrAddress)+1
 729 02b8 0091 0000 		lds r16,(CurrAddress)+2
 730 02bc 1091 0000 		lds r17,(CurrAddress)+3
 731               	.LBE153:
 732               	.LBE159:
 733 02c0 0E94 0000 		call FetchNextCommandByte
 734               	.LVL57:
 735               	.LBB160:
 736               	.LBB156:
 737 02c4 D82E      		mov r13,r24
 738 02c6 CC24      		clr r12
 739 02c8 852D      		mov r24,r5
 740 02ca 90E0      		ldi r25,lo8(0)
 741               	.LVL58:
 742 02cc 8C29      		or r24,r12
 743 02ce 9D29      		or r25,r13
 744               	.LVL59:
 745               	/* #APP */
 746               	 ;  260 "BootloaderCDC.c" 1
 747 02d0 0C01      		movw  r0, r24
 748 02d2 F701      		movw r30, r14
 749 02d4 0093 5B00 		sts 91, r16
 750 02d8 4092 5700 		sts 87, r4
 751 02dc E895      		spm
 752 02de 1124      		clr  r1
 753               		
 754               	 ;  0 "" 2
 755               	.LSM99:
 756               	/* #NOAPP */
 757 02e0 82E0      		ldi r24,lo8(2)
 758 02e2 90E0      		ldi r25,hi8(2)
 759 02e4 A0E0      		ldi r26,hlo8(2)
 760 02e6 B0E0      		ldi r27,hhi8(2)
 761               	.LVL60:
 762 02e8 E80E      		add r14,r24
 763 02ea F91E      		adc r15,r25
 764 02ec 0A1F      		adc r16,r26
 765 02ee 1B1F      		adc r17,r27
 766 02f0 E092 0000 		sts CurrAddress,r14
 767 02f4 F092 0000 		sts (CurrAddress)+1,r15
 768 02f8 0093 0000 		sts (CurrAddress)+2,r16
 769 02fc 1093 0000 		sts (CurrAddress)+3,r17
 770 0300 00C0      		rjmp .L55
 771               	.LVL61:
 772               	.L54:
 773               	.LBE156:
 774               	.LBE160:
 775               	.LSM100:
 776 0302 0E94 0000 		call FetchNextCommandByte
 777               	.LVL62:
 778 0306 582E      		mov r5,r24
 779               	.LVL63:
 780               	.L55:
 781               	.LBB161:
 782               	.LBB152:
 783               	.LSM101:
 784 0308 7424      		eor r7,r4
 785 030a 00C0      		rjmp .L56
 786               	.L53:
 787               	.LSM102:
 788 030c E090 0000 		lds r14,CurrAddress
 789 0310 F090 0000 		lds r15,(CurrAddress)+1
 790 0314 0091 0000 		lds r16,(CurrAddress)+2
 791 0318 1091 0000 		lds r17,(CurrAddress)+3
 792 031c 1695      		lsr r17
 793 031e 0795      		ror r16
 794 0320 F794      		ror r15
 795 0322 E794      		ror r14
 796               	.LBE152:
 797               	.LBE161:
 798 0324 0E94 0000 		call FetchNextCommandByte
 799               	.LVL64:
 800 0328 682F      		mov r22,r24
 801               	.LBB162:
 802               	.LBB157:
 803 032a C701      		movw r24,r14
 804 032c 0E94 0000 		call __eewr_byte_usb1287
 805               	.LSM103:
 806 0330 8091 0000 		lds r24,CurrAddress
 807 0334 9091 0000 		lds r25,(CurrAddress)+1
 808 0338 A091 0000 		lds r26,(CurrAddress)+2
 809 033c B091 0000 		lds r27,(CurrAddress)+3
 810 0340 0296      		adiw r24,2
 811 0342 A11D      		adc r26,__zero_reg__
 812 0344 B11D      		adc r27,__zero_reg__
 813 0346 8093 0000 		sts CurrAddress,r24
 814 034a 9093 0000 		sts (CurrAddress)+1,r25
 815 034e A093 0000 		sts (CurrAddress)+2,r26
 816 0352 B093 0000 		sts (CurrAddress)+3,r27
 817               	.LVL65:
 818               	.L56:
 819 0356 2197      		sbiw r28,1
 820 0358 00C0      		rjmp .L57
 821               	.LVL66:
 822               	.L51:
 823 035a 5524      		clr r5
 824               	.LVL67:
 825 035c 7724      		clr r7
 826               	.LVL68:
 827               	.LSM104:
 828 035e 4424      		clr r4
 829 0360 4394      		inc r4
 830               	.LVL69:
 831               	.L57:
 832               	.LSM105:
 833 0362 2097      		sbiw r28,0
 834 0364 01F0      		breq .+2
 835 0366 00C0      		rjmp .L58
 836               	.LSM106:
 837 0368 96E4      		ldi r25,lo8(70)
 838               	.LVL70:
 839 036a 6916      		cp r6,r25
 840 036c 01F0      		breq .+2
 841 036e 00C0      		rjmp .L83
 842               	.LSM107:
 843 0370 85E0      		ldi r24,lo8(5)
 844               	/* #APP */
 845               	 ;  286 "BootloaderCDC.c" 1
 846 0372 F401      		movw r30, r8
 847 0374 A092 5B00 		sts 91, r10
 848 0378 8093 5700 		sts 87, r24
 849 037c E895      		spm
 850               		
 851               	 ;  0 "" 2
 852               	/* #NOAPP */
 853               	.L60:
 854               	.LBE157:
 855               	.LBE162:
 856               	.LSM108:
 857 037e 07B6      		in __tmp_reg__,87-32
 858 0380 00FC      		sbrc __tmp_reg__,0
 859 0382 00C0      		rjmp .L60
 860 0384 00C0      		rjmp .L83
 861               	.LVL71:
 862               	.L43:
 863               	.LBE150:
 864               	.LSM109:
 865 0386 8334      		cpi r24,lo8(67)
 866 0388 01F4      		brne .L61
 867               	.LSM110:
 868 038a E090 0000 		lds r14,CurrAddress
 869 038e F090 0000 		lds r15,(CurrAddress)+1
 870 0392 0091 0000 		lds r16,(CurrAddress)+2
 871 0396 1091 0000 		lds r17,(CurrAddress)+3
 872 039a 0E94 0000 		call FetchNextCommandByte
 873               	.LVL72:
 874 039e 90E0      		ldi r25,lo8(0)
 875 03a0 21E0      		ldi r18,lo8(1)
 876               	/* #APP */
 877               	 ;  485 "BootloaderCDC.c" 1
 878 03a2 0C01      		movw  r0, r24
 879 03a4 F701      		movw r30, r14
 880 03a6 0093 5B00 		sts 91, r16
 881 03aa 2093 5700 		sts 87, r18
 882 03ae E895      		spm
 883 03b0 1124      		clr  r1
 884               		
 885               	 ;  0 "" 2
 886               	/* #NOAPP */
 887 03b2 00C0      		rjmp .L83
 888               	.LVL73:
 889               	.L61:
 890               	.LSM111:
 891 03b4 8336      		cpi r24,lo8(99)
 892 03b6 01F4      		brne .L62
 893               	.LSM112:
 894 03b8 E090 0000 		lds r14,CurrAddress
 895 03bc F090 0000 		lds r15,(CurrAddress)+1
 896 03c0 0091 0000 		lds r16,(CurrAddress)+2
 897 03c4 1091 0000 		lds r17,(CurrAddress)+3
 898 03c8 0E94 0000 		call FetchNextCommandByte
 899               	.LVL74:
 900 03cc A801      		movw r20,r16
 901 03ce 9701      		movw r18,r14
 902 03d0 2160      		ori r18,lo8(1)
 903 03d2 90E0      		ldi r25,lo8(0)
 904 03d4 61E0      		ldi r22,lo8(1)
 905               	/* #APP */
 906               	 ;  493 "BootloaderCDC.c" 1
 907 03d6 0C01      		movw  r0, r24
 908 03d8 F901      		movw r30, r18
 909 03da 4093 5B00 		sts 91, r20
 910 03de 6093 5700 		sts 87, r22
 911 03e2 E895      		spm
 912 03e4 1124      		clr  r1
 913               		
 914               	 ;  0 "" 2
 915               	.LSM113:
 916               	/* #NOAPP */
 917 03e6 82E0      		ldi r24,lo8(2)
 918 03e8 90E0      		ldi r25,hi8(2)
 919 03ea A0E0      		ldi r26,hlo8(2)
 920 03ec B0E0      		ldi r27,hhi8(2)
 921 03ee E80E      		add r14,r24
 922 03f0 F91E      		adc r15,r25
 923 03f2 0A1F      		adc r16,r26
 924 03f4 1B1F      		adc r17,r27
 925 03f6 E092 0000 		sts CurrAddress,r14
 926 03fa F092 0000 		sts (CurrAddress)+1,r15
 927 03fe 0093 0000 		sts (CurrAddress)+2,r16
 928 0402 1093 0000 		sts (CurrAddress)+3,r17
 929 0406 00C0      		rjmp .L83
 930               	.LVL75:
 931               	.L62:
 932               	.LSM114:
 933 0408 8D36      		cpi r24,lo8(109)
 934 040a 01F4      		brne .L63
 935               	.LSM115:
 936 040c 8091 0000 		lds r24,CurrAddress
 937 0410 9091 0000 		lds r25,(CurrAddress)+1
 938 0414 A091 0000 		lds r26,(CurrAddress)+2
 939 0418 B091 0000 		lds r27,(CurrAddress)+3
 940               	.LVL76:
 941 041c 25E0      		ldi r18,lo8(5)
 942               	/* #APP */
 943               	 ;  504 "BootloaderCDC.c" 1
 944 041e FC01      		movw r30, r24
 945 0420 A093 5B00 		sts 91, r26
 946 0424 2093 5700 		sts 87, r18
 947 0428 E895      		spm
 948               		
 949               	 ;  0 "" 2
 950               	/* #NOAPP */
 951               	.L64:
 952               	.LSM116:
 953 042a 07B6      		in __tmp_reg__,87-32
 954 042c 00FC      		sbrc __tmp_reg__,0
 955 042e 00C0      		rjmp .L64
 956 0430 00C0      		rjmp .L83
 957               	.LVL77:
 958               	.L63:
 959               	.LSM117:
 960 0432 8235      		cpi r24,lo8(82)
 961 0434 01F4      		brne .L65
 962               	.LBB163:
 963               	.LBB164:
 964               	.LSM118:
 965 0436 E090 0000 		lds r14,CurrAddress
 966 043a F090 0000 		lds r15,(CurrAddress)+1
 967 043e 0091 0000 		lds r16,(CurrAddress)+2
 968 0442 1091 0000 		lds r17,(CurrAddress)+3
 969               	/* #APP */
 970               	 ;  515 "BootloaderCDC.c" 1
 971 0446 0BBF      		out 59, r16
 972 0448 F701      		movw r30, r14
 973 044a E790      		elpm r14, Z+
 974 044c F690      		elpm r15, Z
 975               		
 976               	 ;  0 "" 2
 977               	.LVL78:
 978               	/* #NOAPP */
 979               	.LBE164:
 980               	.LSM119:
 981 044e 8F2D      		mov r24,r15
 982               	.LVL79:
 983 0450 0E94 0000 		call WriteNextResponseByte
 984               	.LSM120:
 985 0454 8E2D      		mov r24,r14
 986 0456 00C0      		rjmp .L82
 987               	.LVL80:
 988               	.L65:
 989               	.LBE163:
 990               	.LSM121:
 991 0458 8434      		cpi r24,lo8(68)
 992 045a 01F4      		brne .L66
 993               	.LSM122:
 994 045c E090 0000 		lds r14,CurrAddress
 995 0460 F090 0000 		lds r15,(CurrAddress)+1
 996 0464 0091 0000 		lds r16,(CurrAddress)+2
 997 0468 1091 0000 		lds r17,(CurrAddress)+3
 998 046c 1695      		lsr r17
 999 046e 0795      		ror r16
 1000 0470 F794      		ror r15
 1001 0472 E794      		ror r14
 1002 0474 0E94 0000 		call FetchNextCommandByte
 1003               	.LVL81:
 1004 0478 682F      		mov r22,r24
 1005 047a C701      		movw r24,r14
 1006 047c 0E94 0000 		call __eewr_byte_usb1287
 1007               	.LSM123:
 1008 0480 8091 0000 		lds r24,CurrAddress
 1009 0484 9091 0000 		lds r25,(CurrAddress)+1
 1010 0488 A091 0000 		lds r26,(CurrAddress)+2
 1011 048c B091 0000 		lds r27,(CurrAddress)+3
 1012 0490 0296      		adiw r24,2
 1013 0492 A11D      		adc r26,__zero_reg__
 1014 0494 B11D      		adc r27,__zero_reg__
 1015               	.L86:
 1016 0496 8093 0000 		sts CurrAddress,r24
 1017 049a 9093 0000 		sts (CurrAddress)+1,r25
 1018 049e A093 0000 		sts (CurrAddress)+2,r26
 1019 04a2 B093 0000 		sts (CurrAddress)+3,r27
 1020 04a6 00C0      		rjmp .L83
 1021               	.LVL82:
 1022               	.L66:
 1023               	.LSM124:
 1024 04a8 8436      		cpi r24,lo8(100)
 1025 04aa 01F4      		brne .L67
 1026               	.LSM125:
 1027 04ac E090 0000 		lds r14,CurrAddress
 1028 04b0 F090 0000 		lds r15,(CurrAddress)+1
 1029 04b4 0091 0000 		lds r16,(CurrAddress)+2
 1030 04b8 1091 0000 		lds r17,(CurrAddress)+3
 1031 04bc D801      		movw r26,r16
 1032 04be C701      		movw r24,r14
 1033               	.LVL83:
 1034 04c0 B695      		lsr r27
 1035 04c2 A795      		ror r26
 1036 04c4 9795      		ror r25
 1037 04c6 8795      		ror r24
 1038 04c8 0E94 0000 		call __eerd_byte_usb1287
 1039 04cc 0E94 0000 		call WriteNextResponseByte
 1040               	.LSM126:
 1041 04d0 82E0      		ldi r24,lo8(2)
 1042 04d2 90E0      		ldi r25,hi8(2)
 1043 04d4 A0E0      		ldi r26,hlo8(2)
 1044 04d6 B0E0      		ldi r27,hhi8(2)
 1045 04d8 E80E      		add r14,r24
 1046 04da F91E      		adc r15,r25
 1047 04dc 0A1F      		adc r16,r26
 1048 04de 1B1F      		adc r17,r27
 1049 04e0 E092 0000 		sts CurrAddress,r14
 1050 04e4 F092 0000 		sts (CurrAddress)+1,r15
 1051 04e8 0093 0000 		sts (CurrAddress)+2,r16
 1052 04ec 1093 0000 		sts (CurrAddress)+3,r17
 1053 04f0 00C0      		rjmp .L20
 1054               	.LVL84:
 1055               	.L67:
 1056               	.LSM127:
 1057 04f2 8B31      		cpi r24,lo8(27)
 1058 04f4 01F0      		breq .L20
 1059               	.LVL85:
 1060               	.L84:
 1061               	.LSM128:
 1062 04f6 8FE3      		ldi r24,lo8(63)
 1063               	.LVL86:
 1064               	.L82:
 1065 04f8 0E94 0000 		call WriteNextResponseByte
 1066               	.LVL87:
 1067               	.L20:
 1068               	.LBB165:
 1069               	.LBB166:
 1070               	.LSM129:
 1071 04fc 83E0      		ldi r24,lo8(3)
 1072 04fe 8093 E900 		sts 233,r24
 1073               	.LBE166:
 1074               	.LBE165:
 1075               	.LBB167:
 1076               	.LBB168:
 1077               	.LSM130:
 1078 0502 9091 E800 		lds r25,232
 1079               	.LBE168:
 1080               	.LBE167:
 1081               	.LBB169:
 1082               	.LBB170:
 1083               	.LSM131:
 1084 0506 8091 E800 		lds r24,232
 1085 050a 8E77      		andi r24,lo8(126)
 1086 050c 8093 E800 		sts 232,r24
 1087               	.LBE170:
 1088               	.LBE169:
 1089               	.LSM132:
 1090 0510 95FF      		sbrs r25,5
 1091 0512 00C0      		rjmp .L80
 1092 0514 00C0      		rjmp .L81
 1093               	.L70:
 1094               	.LSM133:
 1095 0516 8EB3      		in r24,62-32
 1096 0518 8823      		tst r24
 1097 051a 01F0      		breq .L72
 1098               	.L80:
 1099               	.LBB171:
 1100               	.LBB172:
 1101               	.LSM134:
 1102 051c 8091 E800 		lds r24,232
 1103               	.LBE172:
 1104               	.LBE171:
 1105               	.LSM135:
 1106 0520 80FF      		sbrs r24,0
 1107 0522 00C0      		rjmp .L70
 1108               	.LBB173:
 1109               	.LBB174:
 1110               	.LSM136:
 1111 0524 8091 E800 		lds r24,232
 1112 0528 8E77      		andi r24,lo8(126)
 1113 052a 8093 E800 		sts 232,r24
 1114 052e 00C0      		rjmp .L81
 1115               	.L71:
 1116               	.LBE174:
 1117               	.LBE173:
 1118               	.LSM137:
 1119 0530 8EB3      		in r24,62-32
 1120 0532 8823      		tst r24
 1121 0534 01F0      		breq .L72
 1122               	.L81:
 1123               	.LBB175:
 1124               	.LBB176:
 1125               	.LSM138:
 1126 0536 8091 E800 		lds r24,232
 1127               	.LBE176:
 1128               	.LBE175:
 1129               	.LSM139:
 1130 053a 80FF      		sbrs r24,0
 1131 053c 00C0      		rjmp .L71
 1132               	.LBB177:
 1133               	.LBB178:
 1134               	.LSM140:
 1135 053e 84E0      		ldi r24,lo8(4)
 1136 0540 8093 E900 		sts 233,r24
 1137               	.LBE178:
 1138               	.LBE177:
 1139               	.LBB179:
 1140               	.LBB180:
 1141               	.LSM141:
 1142 0544 8091 E800 		lds r24,232
 1143 0548 8B77      		andi r24,lo8(123)
 1144 054a 8093 E800 		sts 232,r24
 1145               	.L72:
 1146               	/* epilogue start */
 1147               	.LBE180:
 1148               	.LBE179:
 1149               	.LSM142:
 1150 054e DF91      		pop r29
 1151               	.LVL88:
 1152 0550 CF91      		pop r28
 1153               	.LVL89:
 1154 0552 1F91      		pop r17
 1155               	.LVL90:
 1156 0554 0F91      		pop r16
 1157 0556 FF90      		pop r15
 1158               	.LVL91:
 1159 0558 EF90      		pop r14
 1160               	.LVL92:
 1161 055a DF90      		pop r13
 1162               	.LVL93:
 1163 055c CF90      		pop r12
 1164 055e BF90      		pop r11
 1165 0560 AF90      		pop r10
 1166 0562 9F90      		pop r9
 1167 0564 8F90      		pop r8
 1168               	.LVL94:
 1169 0566 7F90      		pop r7
 1170               	.LVL95:
 1171 0568 6F90      		pop r6
 1172               	.LVL96:
 1173 056a 5F90      		pop r5
 1174               	.LVL97:
 1175 056c 4F90      		pop r4
 1176 056e 0895      		ret
 1177               	.LFE108:
 1179               		.section	.text.EVENT_USB_Device_ControlRequest,"ax",@progbits
 1180               	.global	EVENT_USB_Device_ControlRequest
 1182               	EVENT_USB_Device_ControlRequest:
 1183               	.LFB104:
 1184               	.LSM143:
 1185               	/* prologue: function */
 1186               	/* frame size = 0 */
 1187               	.LSM144:
 1188 0000 2091 0000 		lds r18,USB_ControlRequest
 1189 0004 822F      		mov r24,r18
 1190 0006 8F77      		andi r24,lo8(127)
 1191 0008 8132      		cpi r24,lo8(33)
 1192 000a 01F4      		brne .L91
 1193               	.LBB181:
 1194               	.LBB182:
 1195               	.LSM145:
 1196 000c 8BB1      		in r24,43-32
 1197 000e 90E3      		ldi r25,lo8(48)
 1198 0010 8927      		eor r24,r25
 1199 0012 8BB9      		out 43-32,r24
 1200               	.LBE182:
 1201               	.LBE181:
 1202               	.LSM146:
 1203 0014 8091 0000 		lds r24,USB_ControlRequest+1
 1204 0018 8032      		cpi r24,lo8(32)
 1205 001a 01F0      		breq .L89
 1206 001c 8132      		cpi r24,lo8(33)
 1207 001e 01F4      		brne .L91
 1208               	.LSM147:
 1209 0020 213A      		cpi r18,lo8(-95)
 1210 0022 01F4      		brne .L91
 1211               	.LBB183:
 1212               	.LBB184:
 1213               	.LSM148:
 1214 0024 8091 E800 		lds r24,232
 1215 0028 877F      		andi r24,lo8(-9)
 1216 002a 8093 E800 		sts 232,r24
 1217               	.LBE184:
 1218               	.LBE183:
 1219               	.LSM149:
 1220 002e 80E0      		ldi r24,lo8(LineEncoding)
 1221 0030 90E0      		ldi r25,hi8(LineEncoding)
 1222 0032 67E0      		ldi r22,lo8(7)
 1223 0034 70E0      		ldi r23,hi8(7)
 1224 0036 0E94 0000 		call Endpoint_Write_Control_Stream_LE
 1225               	.LBB185:
 1226               	.LBB186:
 1227               	.LSM150:
 1228 003a 8091 E800 		lds r24,232
 1229 003e 8B77      		andi r24,lo8(123)
 1230 0040 8093 E800 		sts 232,r24
 1231 0044 0895      		ret
 1232               	.L89:
 1233               	.LBE186:
 1234               	.LBE185:
 1235               	.LSM151:
 1236 0046 2132      		cpi r18,lo8(33)
 1237 0048 01F4      		brne .L91
 1238               	.LBB187:
 1239               	.LBB188:
 1240               	.LSM152:
 1241 004a 8091 E800 		lds r24,232
 1242 004e 877F      		andi r24,lo8(-9)
 1243 0050 8093 E800 		sts 232,r24
 1244               	.LBE188:
 1245               	.LBE187:
 1246               	.LSM153:
 1247 0054 80E0      		ldi r24,lo8(LineEncoding)
 1248 0056 90E0      		ldi r25,hi8(LineEncoding)
 1249 0058 67E0      		ldi r22,lo8(7)
 1250 005a 70E0      		ldi r23,hi8(7)
 1251 005c 0E94 0000 		call Endpoint_Read_Control_Stream_LE
 1252               	.LBB189:
 1253               	.LBB190:
 1254               	.LSM154:
 1255 0060 8091 E800 		lds r24,232
 1256 0064 8E77      		andi r24,lo8(126)
 1257 0066 8093 E800 		sts 232,r24
 1258               	.L91:
 1259 006a 0895      		ret
 1260               	.LBE190:
 1261               	.LBE189:
 1262               	.LFE104:
 1264               		.section	.text.EVENT_USB_Device_ConfigurationChanged,"ax",@progbits
 1265               	.global	EVENT_USB_Device_ConfigurationChanged
 1267               	EVENT_USB_Device_ConfigurationChanged:
 1268               	.LFB103:
 1269               	.LSM155:
 1270               	/* prologue: function */
 1271               	/* frame size = 0 */
 1272               	.LBB191:
 1273               	.LBB192:
 1274               	.LSM156:
 1275 0000 82E0      		ldi r24,lo8(2)
 1276 0002 61EC      		ldi r22,lo8(-63)
 1277 0004 42E0      		ldi r20,lo8(2)
 1278 0006 0E94 0000 		call Endpoint_ConfigureEndpoint_Prv
 1279               	.LBE192:
 1280               	.LBE191:
 1281               	.LBB193:
 1282               	.LBB194:
 1283 000a 83E0      		ldi r24,lo8(3)
 1284 000c 61E8      		ldi r22,lo8(-127)
 1285 000e 42E1      		ldi r20,lo8(18)
 1286 0010 0E94 0000 		call Endpoint_ConfigureEndpoint_Prv
 1287               	.LBE194:
 1288               	.LBE193:
 1289               	.LBB195:
 1290               	.LBB196:
 1291 0014 84E0      		ldi r24,lo8(4)
 1292 0016 60E8      		ldi r22,lo8(-128)
 1293 0018 42E1      		ldi r20,lo8(18)
 1294 001a 0E94 0000 		call Endpoint_ConfigureEndpoint_Prv
 1295               	/* epilogue start */
 1296               	.LBE196:
 1297               	.LBE195:
 1298               	.LSM157:
 1299 001e 0895      		ret
 1300               	.LFE103:
 1302               		.section	.text.SetupHardware,"ax",@progbits
 1303               	.global	SetupHardware
 1305               	SetupHardware:
 1306               	.LFB101:
 1307               	.LSM158:
 1308 0000 1F93      		push r17
 1309               	/* prologue: function */
 1310               	/* frame size = 0 */
 1311               	.LSM159:
 1312 0002 84B7      		in r24,84-32
 1313 0004 877F      		andi r24,lo8(-9)
 1314 0006 84BF      		out 84-32,r24
 1315               	.LSM160:
 1316 0008 88E1      		ldi r24,lo8(24)
 1317               	/* #APP */
 1318               	 ;  95 "BootloaderCDC.c" 1
 1319 000a 0FB6      		in __tmp_reg__, __SREG__
 1320 000c F894      		cli
 1321 000e 8093 6000 		sts 96, r24
 1322 0012 1092 6000 		sts 96, __zero_reg__
 1323 0016 0FBE      		out __SREG__,__tmp_reg__
 1324               		
 1325               	 ;  0 "" 2
 1326               	/* #NOAPP */
 1327               	.LBB197:
 1328               	.LSM161:
 1329 0018 80E0      		ldi r24,lo8(0)
 1330 001a 90E0      		ldi r25,hi8(0)
 1331 001c 20E8      		ldi r18,lo8(-128)
 1332               	/* #APP */
 1333               	 ;  98 "BootloaderCDC.c" 1
 1334 001e 0FB6      		in __tmp_reg__,__SREG__
 1335 0020 F894      		cli
 1336 0022 2093 6100 		sts 97, r18
 1337 0026 8093 6100 		sts 97, r24
 1338 002a 0FBE      		out __SREG__, __tmp_reg__
 1339               	 ;  0 "" 2
 1340               	/* #NOAPP */
 1341               	.LBE197:
 1342               	.LSM162:
 1343 002c 11E0      		ldi r17,lo8(1)
 1344 002e 15BF      		out 85-32,r17
 1345               	.LSM163:
 1346 0030 82E0      		ldi r24,lo8(2)
 1347 0032 85BF      		out 85-32,r24
 1348               	.LSM164:
 1349 0034 0E94 0000 		call USB_Init
 1350               	.LBB198:
 1351               	.LBB199:
 1352               	.LSM165:
 1353 0038 8AB1      		in r24,42-32
 1354 003a 806F      		ori r24,lo8(-16)
 1355 003c 8AB9      		out 42-32,r24
 1356               	.LSM166:
 1357 003e 8BB1      		in r24,43-32
 1358 0040 8F70      		andi r24,lo8(15)
 1359 0042 8BB9      		out 43-32,r24
 1360               	.LBE199:
 1361               	.LBE198:
 1362               	.LSM167:
 1363 0044 1093 6F00 		sts 111,r17
 1364               	.LSM168:
 1365 0048 83E0      		ldi r24,lo8(3)
 1366 004a 8093 8100 		sts 129,r24
 1367               	/* epilogue start */
 1368               	.LSM169:
 1369 004e 1F91      		pop r17
 1370 0050 0895      		ret
 1371               	.LFE101:
 1373               		.section	.text.main,"ax",@progbits
 1374               	.global	main
 1376               	main:
 1377               	.LFB100:
 1378               	.LSM170:
 1379               	/* prologue: function */
 1380               	/* frame size = 0 */
 1381               	.LSM171:
 1382 0000 0E94 0000 		call SetupHardware
 1383               	.LBB200:
 1384               	.LBB201:
 1385               	.LSM172:
 1386 0004 8BB1      		in r24,43-32
 1387 0006 8F70      		andi r24,lo8(15)
 1388 0008 8061      		ori r24,lo8(16)
 1389 000a 8BB9      		out 43-32,r24
 1390               	.LBE201:
 1391               	.LBE200:
 1392               	.LSM173:
 1393               	/* #APP */
 1394               	 ;  73 "BootloaderCDC.c" 1
 1395 000c 7894      		sei
 1396               	 ;  0 "" 2
 1397               	/* #NOAPP */
 1398 000e 00C0      		rjmp .L97
 1399               	.L98:
 1400               	.LSM174:
 1401 0010 0E94 0000 		call CDC_Task
 1402               	.LSM175:
 1403 0014 0E94 0000 		call USB_USBTask
 1404               	.L97:
 1405               	.LSM176:
 1406 0018 8091 0000 		lds r24,RunBootloader
 1407 001c 8823      		tst r24
 1408 001e 01F4      		brne .L98
 1409               	.LBB202:
 1410               	.LBB203:
 1411               	.LSM177:
 1412 0020 8091 E000 		lds r24,224
 1413 0024 8160      		ori r24,lo8(1)
 1414 0026 8093 E000 		sts 224,r24
 1415               	.LBE203:
 1416               	.LBE202:
 1417               	.LSM178:
 1418 002a 2CE0      		ldi r18,lo8(12)
 1419 002c 88E1      		ldi r24,lo8(24)
 1420 002e 90E0      		ldi r25,hi8(24)
 1421               	/* #APP */
 1422               	 ;  85 "BootloaderCDC.c" 1
 1423 0030 0FB6      		in __tmp_reg__,__SREG__
 1424 0032 F894      		cli
 1425 0034 A895      		wdr
 1426 0036 8093 6000 		sts 96,r24
 1427 003a 0FBE      		out __SREG__,__tmp_reg__
 1428 003c 2093 6000 		sts 96,r18
 1429               		
 1430               	 ;  0 "" 2
 1431               	/* #NOAPP */
 1432               	.L99:
 1433 0040 00C0      		rjmp .L99
 1434               	.LFE100:
 1436               		.data
 1439               	RunBootloader:
 1440 0008 01        		.byte	1
 1443               	LineEncoding:
 1444 0009 00        		.byte	0
 1445 000a 00        		.byte	0
 1446 000b 00        		.byte	0
 1447 000c 00        		.byte	0
 1448 000d 00        		.byte	0
 1449 000e 00        		.byte	0
 1450 000f 08        		.byte	8
 1451               		.lcomm CurrAddress,4
 1532               	.Letext0:
DEFINED SYMBOLS
                            *ABS*:00000000 BootloaderCDC.c
C:\Users\Eddie\AppData\Local\Temp/ccRB6eIu.s:2      *ABS*:0000003f __SREG__
C:\Users\Eddie\AppData\Local\Temp/ccRB6eIu.s:3      *ABS*:0000003e __SP_H__
C:\Users\Eddie\AppData\Local\Temp/ccRB6eIu.s:4      *ABS*:0000003d __SP_L__
C:\Users\Eddie\AppData\Local\Temp/ccRB6eIu.s:5      *ABS*:00000034 __CCP__
C:\Users\Eddie\AppData\Local\Temp/ccRB6eIu.s:6      *ABS*:00000000 __tmp_reg__
C:\Users\Eddie\AppData\Local\Temp/ccRB6eIu.s:7      *ABS*:00000001 __zero_reg__
C:\Users\Eddie\AppData\Local\Temp/ccRB6eIu.s:19     .text.__vector_20:00000000 __vector_20
C:\Users\Eddie\AppData\Local\Temp/ccRB6eIu.s:53     .text.FetchNextCommandByte:00000000 FetchNextCommandByte
C:\Users\Eddie\AppData\Local\Temp/ccRB6eIu.s:114    .text.WriteNextResponseByte:00000000 WriteNextResponseByte
C:\Users\Eddie\AppData\Local\Temp/ccRB6eIu.s:179    .text.CDC_Task:00000000 CDC_Task
C:\Users\Eddie\AppData\Local\Temp/ccRB6eIu.s:1439   .data:00000008 RunBootloader
                             .bss:00000000 CurrAddress
C:\Users\Eddie\AppData\Local\Temp/ccRB6eIu.s:1182   .text.EVENT_USB_Device_ControlRequest:00000000 EVENT_USB_Device_ControlRequest
C:\Users\Eddie\AppData\Local\Temp/ccRB6eIu.s:1443   .data:00000009 LineEncoding
C:\Users\Eddie\AppData\Local\Temp/ccRB6eIu.s:1267   .text.EVENT_USB_Device_ConfigurationChanged:00000000 EVENT_USB_Device_ConfigurationChanged
C:\Users\Eddie\AppData\Local\Temp/ccRB6eIu.s:1305   .text.SetupHardware:00000000 SetupHardware
C:\Users\Eddie\AppData\Local\Temp/ccRB6eIu.s:1376   .text.main:00000000 main

UNDEFINED SYMBOLS
__eerd_byte_usb1287
__eewr_byte_usb1287
USB_ControlRequest
Endpoint_Write_Control_Stream_LE
Endpoint_Read_Control_Stream_LE
Endpoint_ConfigureEndpoint_Prv
USB_Init
USB_USBTask
__do_copy_data
__do_clear_bss
