   1               		.file	"Descriptors.c"
   2               	__SREG__ = 0x3f
   3               	__SP_H__ = 0x3e
   4               	__SP_L__ = 0x3d
   5               	__CCP__  = 0x34
   6               	__tmp_reg__ = 0
   7               	__zero_reg__ = 1
  15               	.Ltext0:
  16               		.section	.text.CALLBACK_USB_GetDescriptor,"ax",@progbits
  17               	.global	CALLBACK_USB_GetDescriptor
  19               	CALLBACK_USB_GetDescriptor:
  20               	.LFB93:
  21               	.LSM0:
  22               	.LVL0:
  23               	/* prologue: function */
  24               	/* frame size = 0 */
  25 0000 FA01      		movw r30,r20
  26               	.LSM1:
  27 0002 9230      		cpi r25,lo8(2)
  28               	.LVL1:
  29 0004 01F0      		breq .L4
  30               	.LVL2:
  31 0006 9330      		cpi r25,lo8(3)
  32 0008 01F0      		breq .L5
  33 000a 9130      		cpi r25,lo8(1)
  34 000c 01F4      		brne .L9
  35 000e 80E0      		ldi r24,lo8(DeviceDescriptor)
  36 0010 90E0      		ldi r25,hi8(DeviceDescriptor)
  37               	.LVL3:
  38 0012 22E1      		ldi r18,lo8(18)
  39 0014 30E0      		ldi r19,hi8(18)
  40               	.LVL4:
  41 0016 00C0      		rjmp .L6
  42               	.LVL5:
  43               	.L9:
  44 0018 80E0      		ldi r24,lo8(0)
  45 001a 90E0      		ldi r25,hi8(0)
  46               	.LVL6:
  47 001c 20E0      		ldi r18,lo8(0)
  48 001e 30E0      		ldi r19,hi8(0)
  49               	.LVL7:
  50 0020 00C0      		rjmp .L6
  51               	.LVL8:
  52               	.L4:
  53 0022 80E0      		ldi r24,lo8(ConfigurationDescriptor)
  54 0024 90E0      		ldi r25,hi8(ConfigurationDescriptor)
  55               	.LVL9:
  56 0026 2EE3      		ldi r18,lo8(62)
  57 0028 30E0      		ldi r19,hi8(62)
  58               	.LVL10:
  59 002a 00C0      		rjmp .L6
  60               	.LVL11:
  61               	.L5:
  62               	.LSM2:
  63 002c 8823      		tst r24
  64 002e 01F4      		brne .L7
  65 0030 80E0      		ldi r24,lo8(LanguageString)
  66 0032 90E0      		ldi r25,hi8(LanguageString)
  67               	.LVL12:
  68 0034 24E0      		ldi r18,lo8(4)
  69 0036 30E0      		ldi r19,hi8(4)
  70               	.LVL13:
  71 0038 00C0      		rjmp .L6
  72               	.LVL14:
  73               	.L7:
  74 003a 80E0      		ldi r24,lo8(ProductString)
  75 003c 90E0      		ldi r25,hi8(ProductString)
  76               	.LVL15:
  77 003e 26E2      		ldi r18,lo8(38)
  78 0040 30E0      		ldi r19,hi8(38)
  79               	.LVL16:
  80               	.L6:
  81               	.LSM3:
  82 0042 9183      		std Z+1,r25
  83 0044 8083      		st Z,r24
  84               	.LSM4:
  85 0046 C901      		movw r24,r18
  86               	.LVL17:
  87               	/* epilogue start */
  88 0048 0895      		ret
  89               	.LFE93:
  91               	.global	DeviceDescriptor
  92               		.data
  95               	DeviceDescriptor:
  96 0000 12        		.byte	18
  97 0001 01        		.byte	1
  98 0002 1001      		.word	272
  99 0004 02        		.byte	2
 100 0005 00        		.byte	0
 101 0006 00        		.byte	0
 102 0007 08        		.byte	8
 103 0008 EB03      		.word	1003
 104 000a 4A20      		.word	8266
 105 000c 0100      		.word	1
 106 000e 00        		.byte	0
 107 000f 01        		.byte	1
 108 0010 00        		.byte	0
 109 0011 01        		.byte	1
 110               	.global	ConfigurationDescriptor
 113               	ConfigurationDescriptor:
 114 0012 09        		.byte	9
 115 0013 02        		.byte	2
 116 0014 3E00      		.word	62
 117 0016 02        		.byte	2
 118 0017 01        		.byte	1
 119 0018 00        		.byte	0
 120 0019 80        		.byte	-128
 121 001a 32        		.byte	50
 122 001b 09        		.byte	9
 123 001c 04        		.byte	4
 124 001d 00        		.byte	0
 125 001e 00        		.byte	0
 126 001f 01        		.byte	1
 127 0020 02        		.byte	2
 128 0021 02        		.byte	2
 129 0022 01        		.byte	1
 130 0023 00        		.byte	0
 131 0024 05        		.byte	5
 132 0025 24        		.byte	36
 133 0026 00        		.byte	0
 134 0027 1001      		.word	272
 135 0029 04        		.byte	4
 136 002a 24        		.byte	36
 137 002b 02        		.byte	2
 138 002c 04        		.byte	4
 139 002d 05        		.byte	5
 140 002e 24        		.byte	36
 141 002f 06        		.byte	6
 142 0030 00        		.byte	0
 143 0031 01        		.byte	1
 144 0032 07        		.byte	7
 145 0033 05        		.byte	5
 146 0034 82        		.byte	-126
 147 0035 03        		.byte	3
 148 0036 0800      		.word	8
 149 0038 FF        		.byte	-1
 150 0039 09        		.byte	9
 151 003a 04        		.byte	4
 152 003b 01        		.byte	1
 153 003c 00        		.byte	0
 154 003d 02        		.byte	2
 155 003e 0A        		.byte	10
 156 003f 00        		.byte	0
 157 0040 00        		.byte	0
 158 0041 00        		.byte	0
 159 0042 07        		.byte	7
 160 0043 05        		.byte	5
 161 0044 04        		.byte	4
 162 0045 02        		.byte	2
 163 0046 1000      		.word	16
 164 0048 01        		.byte	1
 165 0049 07        		.byte	7
 166 004a 05        		.byte	5
 167 004b 83        		.byte	-125
 168 004c 02        		.byte	2
 169 004d 1000      		.word	16
 170 004f 01        		.byte	1
 171               	.global	LanguageString
 174               	LanguageString:
 175 0050 04        		.byte	4
 176 0051 03        		.byte	3
 177 0052 0904      		.word	1033
 178               	.global	ProductString
 181               	ProductString:
 182 0054 26        		.byte	38
 183 0055 03        		.byte	3
 184 0056 4100      		.string	"A"
 185 0058 5600      		.string	"V"
 186 005a 5200      		.string	"R"
 187 005c 2000      		.string	" "
 188 005e 4300      		.string	"C"
 189 0060 4400      		.string	"D"
 190 0062 4300      		.string	"C"
 191 0064 2000      		.string	" "
 192 0066 4200      		.string	"B"
 193 0068 6F00      		.string	"o"
 194 006a 6F00      		.string	"o"
 195 006c 7400      		.string	"t"
 196 006e 6C00      		.string	"l"
 197 0070 6F00      		.string	"o"
 198 0072 6100      		.string	"a"
 199 0074 6400      		.string	"d"
 200 0076 6500      		.string	"e"
 201 0078 7200      		.string	"r"
 202 007a 00        		.string	""
 203 007b 00        		.string	""
 228               	.Letext0:
DEFINED SYMBOLS
                            *ABS*:00000000 Descriptors.c
C:\Users\Eddie\AppData\Local\Temp/ccvgcWMZ.s:2      *ABS*:0000003f __SREG__
C:\Users\Eddie\AppData\Local\Temp/ccvgcWMZ.s:3      *ABS*:0000003e __SP_H__
C:\Users\Eddie\AppData\Local\Temp/ccvgcWMZ.s:4      *ABS*:0000003d __SP_L__
C:\Users\Eddie\AppData\Local\Temp/ccvgcWMZ.s:5      *ABS*:00000034 __CCP__
C:\Users\Eddie\AppData\Local\Temp/ccvgcWMZ.s:6      *ABS*:00000000 __tmp_reg__
C:\Users\Eddie\AppData\Local\Temp/ccvgcWMZ.s:7      *ABS*:00000001 __zero_reg__
C:\Users\Eddie\AppData\Local\Temp/ccvgcWMZ.s:19     .text.CALLBACK_USB_GetDescriptor:00000000 CALLBACK_USB_GetDescriptor
C:\Users\Eddie\AppData\Local\Temp/ccvgcWMZ.s:95     .data:00000000 DeviceDescriptor
C:\Users\Eddie\AppData\Local\Temp/ccvgcWMZ.s:113    .data:00000012 ConfigurationDescriptor
C:\Users\Eddie\AppData\Local\Temp/ccvgcWMZ.s:174    .data:00000050 LanguageString
C:\Users\Eddie\AppData\Local\Temp/ccvgcWMZ.s:181    .data:00000054 ProductString

UNDEFINED SYMBOLS
__do_copy_data
