   1               		.file	"Descriptors.c"
   2               	__SREG__ = 0x3f
   3               	__SP_H__ = 0x3e
   4               	__SP_L__ = 0x3d
   5               	__CCP__  = 0x34
   6               	__tmp_reg__ = 0
   7               	__zero_reg__ = 1
  15               	.Ltext0:
  16               		.section	.text.CALLBACK_USB_GetDescriptor,"ax",@progbits
  17               	.global	CALLBACK_USB_GetDescriptor
  19               	CALLBACK_USB_GetDescriptor:
  20               	.LFB96:
  21               	.LSM0:
  22               	.LVL0:
  23               	/* prologue: function */
  24               	/* frame size = 0 */
  25 0000 DA01      		movw r26,r20
  26               	.LSM1:
  27 0002 9230      		cpi r25,lo8(2)
  28               	.LVL1:
  29 0004 01F0      		breq .L4
  30               	.LVL2:
  31 0006 9330      		cpi r25,lo8(3)
  32 0008 01F0      		breq .L5
  33 000a 9130      		cpi r25,lo8(1)
  34 000c 01F4      		brne .L2
  35 000e E0E0      		ldi r30,lo8(DeviceDescriptor)
  36 0010 F0E0      		ldi r31,hi8(DeviceDescriptor)
  37               	.LVL3:
  38 0012 22E1      		ldi r18,lo8(18)
  39 0014 30E0      		ldi r19,hi8(18)
  40               	.LVL4:
  41 0016 00C0      		rjmp .L6
  42               	.LVL5:
  43               	.L4:
  44 0018 E0E0      		ldi r30,lo8(ConfigurationDescriptor)
  45 001a F0E0      		ldi r31,hi8(ConfigurationDescriptor)
  46               	.LVL6:
  47 001c 2DE5      		ldi r18,lo8(93)
  48 001e 30E0      		ldi r19,hi8(93)
  49               	.LVL7:
  50 0020 00C0      		rjmp .L6
  51               	.LVL8:
  52               	.L5:
  53               	.LSM2:
  54 0022 8130      		cpi r24,lo8(1)
  55 0024 01F0      		breq .L8
  56 0026 8130      		cpi r24,lo8(1)
  57 0028 00F0      		brlo .L7
  58 002a 8230      		cpi r24,lo8(2)
  59 002c 01F4      		brne .L2
  60 002e 00C0      		rjmp .L12
  61               	.L7:
  62               	.LBB2:
  63               	.LSM3:
  64 0030 E0E0      		ldi r30,lo8(LanguageString)
  65 0032 F0E0      		ldi r31,hi8(LanguageString)
  66               	/* #APP */
  67               	 ;  303 "Descriptors.c" 1
  68 0034 8491      		lpm r24, Z
  69               		
  70               	 ;  0 "" 2
  71               	.LVL9:
  72               	/* #NOAPP */
  73 0036 00C0      		rjmp .L11
  74               	.LVL10:
  75               	.L8:
  76               	.LBE2:
  77               	.LBB3:
  78               	.LSM4:
  79 0038 E0E0      		ldi r30,lo8(ManufacturerString)
  80 003a F0E0      		ldi r31,hi8(ManufacturerString)
  81               	/* #APP */
  82               	 ;  307 "Descriptors.c" 1
  83 003c 8491      		lpm r24, Z
  84               		
  85               	 ;  0 "" 2
  86               	.LVL11:
  87               	/* #NOAPP */
  88 003e 00C0      		rjmp .L11
  89               	.LVL12:
  90               	.L12:
  91               	.LBE3:
  92               	.LBB4:
  93               	.LSM5:
  94 0040 E0E0      		ldi r30,lo8(ProductString)
  95 0042 F0E0      		ldi r31,hi8(ProductString)
  96               	/* #APP */
  97               	 ;  311 "Descriptors.c" 1
  98 0044 8491      		lpm r24, Z
  99               		
 100               	 ;  0 "" 2
 101               	.LVL13:
 102               	/* #NOAPP */
 103               	.L11:
 104               	.LBE4:
 105 0046 282F      		mov r18,r24
 106               	.LVL14:
 107 0048 30E0      		ldi r19,lo8(0)
 108               	.LVL15:
 109 004a 00C0      		rjmp .L6
 110               	.LVL16:
 111               	.L2:
 112 004c E0E0      		ldi r30,lo8(0)
 113 004e F0E0      		ldi r31,hi8(0)
 114               	.LVL17:
 115 0050 20E0      		ldi r18,lo8(0)
 116 0052 30E0      		ldi r19,hi8(0)
 117               	.LVL18:
 118               	.L6:
 119               	.LSM6:
 120 0054 ED93      		st X+,r30
 121 0056 FC93      		st X,r31
 122               	.LSM7:
 123 0058 C901      		movw r24,r18
 124               	.LVL19:
 125               	/* epilogue start */
 126 005a 0895      		ret
 127               	.LFE96:
 129               	.global	DeviceDescriptor
 130               		.section	.progmem.data,"a",@progbits
 133               	DeviceDescriptor:
 134 0000 12        		.byte	18
 135 0001 01        		.byte	1
 136 0002 1001      		.word	272
 137 0004 EF        		.byte	-17
 138 0005 02        		.byte	2
 139 0006 01        		.byte	1
 140 0007 08        		.byte	8
 141 0008 EB03      		.word	1003
 142 000a 6820      		.word	8296
 143 000c 0100      		.word	1
 144 000e 01        		.byte	1
 145 000f 02        		.byte	2
 146 0010 DC        		.byte	-36
 147 0011 01        		.byte	1
 148               	.global	ConfigurationDescriptor
 151               	ConfigurationDescriptor:
 152 0012 09        		.byte	9
 153 0013 02        		.byte	2
 154 0014 5D00      		.word	93
 155 0016 03        		.byte	3
 156 0017 01        		.byte	1
 157 0018 00        		.byte	0
 158 0019 C0        		.byte	-64
 159 001a 32        		.byte	50
 160 001b 08        		.byte	8
 161 001c 0B        		.byte	11
 162 001d 00        		.byte	0
 163 001e 02        		.byte	2
 164 001f 02        		.byte	2
 165 0020 02        		.byte	2
 166 0021 01        		.byte	1
 167 0022 00        		.byte	0
 168 0023 09        		.byte	9
 169 0024 04        		.byte	4
 170 0025 00        		.byte	0
 171 0026 00        		.byte	0
 172 0027 01        		.byte	1
 173 0028 02        		.byte	2
 174 0029 02        		.byte	2
 175 002a 01        		.byte	1
 176 002b 00        		.byte	0
 177 002c 05        		.byte	5
 178 002d 24        		.byte	36
 179 002e 00        		.byte	0
 180 002f 1001      		.word	272
 181 0031 04        		.byte	4
 182 0032 24        		.byte	36
 183 0033 02        		.byte	2
 184 0034 06        		.byte	6
 185 0035 05        		.byte	5
 186 0036 24        		.byte	36
 187 0037 06        		.byte	6
 188 0038 00        		.byte	0
 189 0039 01        		.byte	1
 190 003a 07        		.byte	7
 191 003b 05        		.byte	5
 192 003c 81        		.byte	-127
 193 003d 03        		.byte	3
 194 003e 0800      		.word	8
 195 0040 FF        		.byte	-1
 196 0041 09        		.byte	9
 197 0042 04        		.byte	4
 198 0043 01        		.byte	1
 199 0044 00        		.byte	0
 200 0045 02        		.byte	2
 201 0046 0A        		.byte	10
 202 0047 00        		.byte	0
 203 0048 00        		.byte	0
 204 0049 00        		.byte	0
 205 004a 07        		.byte	7
 206 004b 05        		.byte	5
 207 004c 03        		.byte	3
 208 004d 02        		.byte	2
 209 004e 1000      		.word	16
 210 0050 01        		.byte	1
 211 0051 07        		.byte	7
 212 0052 05        		.byte	5
 213 0053 82        		.byte	-126
 214 0054 02        		.byte	2
 215 0055 1000      		.word	16
 216 0057 01        		.byte	1
 217 0058 09        		.byte	9
 218 0059 04        		.byte	4
 219 005a 02        		.byte	2
 220 005b 00        		.byte	0
 221 005c 02        		.byte	2
 222 005d 08        		.byte	8
 223 005e 06        		.byte	6
 224 005f 50        		.byte	80
 225 0060 00        		.byte	0
 226 0061 07        		.byte	7
 227 0062 05        		.byte	5
 228 0063 84        		.byte	-124
 229 0064 02        		.byte	2
 230 0065 4000      		.word	64
 231 0067 01        		.byte	1
 232 0068 07        		.byte	7
 233 0069 05        		.byte	5
 234 006a 05        		.byte	5
 235 006b 02        		.byte	2
 236 006c 4000      		.word	64
 237 006e 01        		.byte	1
 238               	.global	LanguageString
 241               	LanguageString:
 242 006f 04        		.byte	4
 243 0070 03        		.byte	3
 244 0071 0904      		.word	1033
 245               	.global	ManufacturerString
 248               	ManufacturerString:
 249 0073 18        		.byte	24
 250 0074 03        		.byte	3
 251 0075 4400      		.string	"D"
 252 0077 6500      		.string	"e"
 253 0079 6100      		.string	"a"
 254 007b 6E00      		.string	"n"
 255 007d 2000      		.string	" "
 256 007f 4300      		.string	"C"
 257 0081 6100      		.string	"a"
 258 0083 6D00      		.string	"m"
 259 0085 6500      		.string	"e"
 260 0087 7200      		.string	"r"
 261 0089 6100      		.string	"a"
 262 008b 00        		.string	""
 263 008c 00        		.string	""
 264               	.global	ProductString
 267               	ProductString:
 268 008d 3E        		.byte	62
 269 008e 03        		.byte	3
 270 008f 4C00      		.string	"L"
 271 0091 5500      		.string	"U"
 272 0093 4600      		.string	"F"
 273 0095 4100      		.string	"A"
 274 0097 2000      		.string	" "
 275 0099 4300      		.string	"C"
 276 009b 4400      		.string	"D"
 277 009d 4300      		.string	"C"
 278 009f 2000      		.string	" "
 279 00a1 6100      		.string	"a"
 280 00a3 6E00      		.string	"n"
 281 00a5 6400      		.string	"d"
 282 00a7 2000      		.string	" "
 283 00a9 4D00      		.string	"M"
 284 00ab 6100      		.string	"a"
 285 00ad 7300      		.string	"s"
 286 00af 7300      		.string	"s"
 287 00b1 2000      		.string	" "
 288 00b3 5300      		.string	"S"
 289 00b5 7400      		.string	"t"
 290 00b7 6F00      		.string	"o"
 291 00b9 7200      		.string	"r"
 292 00bb 6100      		.string	"a"
 293 00bd 6700      		.string	"g"
 294 00bf 6500      		.string	"e"
 295 00c1 2000      		.string	" "
 296 00c3 4400      		.string	"D"
 297 00c5 6500      		.string	"e"
 298 00c7 6D00      		.string	"m"
 299 00c9 6F00      		.string	"o"
 300 00cb 00        		.string	""
 301 00cc 00        		.string	""
 326               	.Letext0:
DEFINED SYMBOLS
                            *ABS*:00000000 Descriptors.c
C:\Users\Eddie\AppData\Local\Temp/cchjWgrl.s:2      *ABS*:0000003f __SREG__
C:\Users\Eddie\AppData\Local\Temp/cchjWgrl.s:3      *ABS*:0000003e __SP_H__
C:\Users\Eddie\AppData\Local\Temp/cchjWgrl.s:4      *ABS*:0000003d __SP_L__
C:\Users\Eddie\AppData\Local\Temp/cchjWgrl.s:5      *ABS*:00000034 __CCP__
C:\Users\Eddie\AppData\Local\Temp/cchjWgrl.s:6      *ABS*:00000000 __tmp_reg__
C:\Users\Eddie\AppData\Local\Temp/cchjWgrl.s:7      *ABS*:00000001 __zero_reg__
C:\Users\Eddie\AppData\Local\Temp/cchjWgrl.s:19     .text.CALLBACK_USB_GetDescriptor:00000000 CALLBACK_USB_GetDescriptor
C:\Users\Eddie\AppData\Local\Temp/cchjWgrl.s:133    .progmem.data:00000000 DeviceDescriptor
C:\Users\Eddie\AppData\Local\Temp/cchjWgrl.s:151    .progmem.data:00000012 ConfigurationDescriptor
C:\Users\Eddie\AppData\Local\Temp/cchjWgrl.s:241    .progmem.data:0000006f LanguageString
C:\Users\Eddie\AppData\Local\Temp/cchjWgrl.s:248    .progmem.data:00000073 ManufacturerString
C:\Users\Eddie\AppData\Local\Temp/cchjWgrl.s:267    .progmem.data:0000008d ProductString

NO UNDEFINED SYMBOLS
